#
# There is insufficient memory for the Java Runtime Environment to continue.
# Native memory allocation (malloc) failed to allocate 1281120 bytes. Error detail: Chunk::new
# Possible reasons:
#   The system is out of physical RAM or swap space
#   This process is running with CompressedOops enabled, and the Java Heap may be blocking the growth of the native heap
# Possible solutions:
#   Reduce memory load on the system
#   Increase physical memory or swap space
#   Check if swap backing store is full
#   Decrease Java heap size (-Xmx/-Xms)
#   Decrease number of Java threads
#   Decrease Java thread stack sizes (-Xss)
#   Set larger code cache with -XX:ReservedCodeCacheSize=
#   JVM is running with Unscaled Compressed Oops mode in which the Java heap is
#     placed in the first 4GB address space. The Java Heap base address is the
#     maximum limit for the native heap growth. Please use -XX:HeapBaseMinAddress
#     to set the Java Heap base and to place the Java Heap above 4GB virtual address.
# This output file may be truncated or incomplete.
#
#  Out of Memory Error (arena.cpp:168), pid=13488, tid=25860
#
# JRE version: OpenJDK Runtime Environment Temurin-21.0.10+7 (21.0.10+7) (build 21.0.10+7-LTS)
# Java VM: OpenJDK 64-Bit Server VM Temurin-21.0.10+7 (21.0.10+7-LTS, mixed mode, sharing, tiered, compressed oops, compressed class ptrs, parallel gc, windows-amd64)
# No core dump will be written. Minidumps are not enabled by default on client versions of Windows
#

---------------  S U M M A R Y ------------

Command Line: --add-modules=ALL-SYSTEM --add-opens=java.base/java.util=ALL-UNNAMED --add-opens=java.base/java.lang=ALL-UNNAMED --add-opens=java.base/sun.nio.fs=ALL-UNNAMED -Declipse.application=org.eclipse.jdt.ls.core.id1 -Dosgi.bundles.defaultStartLevel=4 -Declipse.product=org.eclipse.jdt.ls.core.product -Djava.import.generatesMetadataFilesAtProjectRoot=false -DDetectVMInstallationsJob.disabled=true -Dfile.encoding=utf8 -XX:+UseParallelGC -XX:GCTimeRatio=4 -XX:AdaptiveSizePolicyWeight=90 -Dsun.zip.disableMemoryMapping=true -Xmx2G -Xms100m -Xlog:disable -javaagent:c:\Users\HP\.vscode\extensions\redhat.java-1.54.0-win32-x64\lombok\lombok-1.18.39-4050.jar -XX:+HeapDumpOnOutOfMemoryError -XX:HeapDumpPath=c:\Users\HP\AppData\Roaming\Code\User\workspaceStorage\0569e7ed099d1eb141cc08dd8819ecfb\redhat.java -Daether.dependencyCollector.impl=bf c:\Users\HP\.vscode\extensions\redhat.java-1.54.0-win32-x64\server\plugins\org.eclipse.equinox.launcher_1.7.100.v20251111-0406.jar -configuration c:\Users\HP\AppData\Roaming\Code\User\globalStorage\redhat.java\1.54.0\config_win -data c:\Users\HP\AppData\Roaming\Code\User\workspaceStorage\0569e7ed099d1eb141cc08dd8819ecfb\redhat.java\jdt_ws --pipe=\\.\pipe\lsp-f46ee8b09dc2fd7a59dcc11c20ca6140-sock

Host: AMD Ryzen 7 5700U with Radeon Graphics         , 16 cores, 7G,  Windows 11 , 64 bit Build 22621 (10.0.22621.5415)
Time: Mon Jun  8 19:47:38 2026 SE Asia Standard Time elapsed time: 11.752453 seconds (0d 0h 0m 11s)

---------------  T H R E A D  ---------------

Current thread (0x0000023efbf57c80):  JavaThread "C2 CompilerThread0" daemon [_thread_in_native, id=25860, stack(0x000000eb69e00000,0x000000eb69f00000) (1024K)]


Current CompileTask:
C2:11752 7658       4       org.eclipse.osgi.internal.serviceregistry.ServiceRegistry::notifyHooksPrivileged (57 bytes)

Stack: [0x000000eb69e00000,0x000000eb69f00000]
Native frames: (J=compiled Java code, j=interpreted, Vv=VM code, C=native code)
V  [jvm.dll+0x6d7a39]
V  [jvm.dll+0x8b4b26]
V  [jvm.dll+0x8b70de]
V  [jvm.dll+0x8b77c3]
V  [jvm.dll+0x284346]
V  [jvm.dll+0xc66ed]
V  [jvm.dll+0xc6c31]
V  [jvm.dll+0x3bec3b]
V  [jvm.dll+0x1e3f69]
V  [jvm.dll+0x24c6b3]
V  [jvm.dll+0x24bb40]
V  [jvm.dll+0x1cb34e]
V  [jvm.dll+0x25b85d]
V  [jvm.dll+0x259dea]
V  [jvm.dll+0x3f857e]
V  [jvm.dll+0x85f59d]
V  [jvm.dll+0x6d626d]
C  [ucrtbase.dll+0x29333]
C  [KERNEL32.DLL+0x1259d]
C  [ntdll.dll+0x5af78]


---------------  P R O C E S S  ---------------

Threads class SMR info:
_java_thread_list=0x0000023e8defe460, length=77, elements={
0x0000023ea0bd9b60, 0x0000023eb995dbd0, 0x0000023efbf45fc0, 0x0000023efbf48bd0,
0x0000023efbf4a160, 0x0000023efbf4e790, 0x0000023efbf52e50, 0x0000023efbf57c80,
0x0000023efbf583e0, 0x0000023efc207ee0, 0x0000023efc2cfa90, 0x0000023efdc4dea0,
0x0000023efe22cd90, 0x0000023efde370d0, 0x0000023efde39750, 0x0000023efe560660,
0x0000023efe774b60, 0x0000023efe55ffd0, 0x0000023efe560cf0, 0x0000023efe59b540,
0x0000023efe676880, 0x0000023efe55f940, 0x0000023efe5620a0, 0x0000023efe561380,
0x0000023efe55f2b0, 0x0000023efd7ac880, 0x0000023efe561a10, 0x0000023efec4a480,
0x0000023efec4bec0, 0x0000023efec4c550, 0x0000023efec50d80, 0x0000023efec4f9d0,
0x0000023efec4b1a0, 0x0000023efec49df0, 0x0000023efec50060, 0x0000023efec4b830,
0x0000023efec51410, 0x0000023efec4cbe0, 0x0000023efec4ecb0, 0x0000023efec4ab10,
0x0000023efec4d270, 0x0000023efec4d900, 0x0000023efec4df90, 0x0000023efec4f340,
0x0000023efec506f0, 0x0000023efec4e620, 0x0000023effd2edb0, 0x0000023effd2e090,
0x0000023effd2e720, 0x0000023effd284b0, 0x0000023effd291d0, 0x0000023effd2c650,
0x0000023effd2bfc0, 0x0000023effd2ac10, 0x0000023effd28b40, 0x0000023effd2da00,
0x0000023effd2d370, 0x0000023effd2f440, 0x0000023effd29ef0, 0x0000023effd2b2a0,
0x0000023effd2b930, 0x0000023effd2cce0, 0x0000023e84a1a190, 0x0000023e84a152d0,
0x0000023e84a1a820, 0x0000023e84a173a0, 0x0000023e84a17a30, 0x0000023e84a15ff0,
0x0000023e84a16d10, 0x0000023e84a13890, 0x0000023e84a1aeb0, 0x0000023e84a16680,
0x0000023e84a180c0, 0x0000023e84a18750, 0x0000023e84a13f20, 0x0000023e84a145b0,
0x0000023e84a15960
}

Java Threads: ( => current thread )
  0x0000023ea0bd9b60 JavaThread "main"                              [_thread_blocked, id=9784, stack(0x000000eb69400000,0x000000eb69500000) (1024K)]
  0x0000023eb995dbd0 JavaThread "Reference Handler"          daemon [_thread_blocked, id=7472, stack(0x000000eb69800000,0x000000eb69900000) (1024K)]
  0x0000023efbf45fc0 JavaThread "Finalizer"                  daemon [_thread_blocked, id=10700, stack(0x000000eb69900000,0x000000eb69a00000) (1024K)]
  0x0000023efbf48bd0 JavaThread "Signal Dispatcher"          daemon [_thread_blocked, id=20944, stack(0x000000eb69a00000,0x000000eb69b00000) (1024K)]
  0x0000023efbf4a160 JavaThread "Attach Listener"            daemon [_thread_blocked, id=10980, stack(0x000000eb69b00000,0x000000eb69c00000) (1024K)]
  0x0000023efbf4e790 JavaThread "Service Thread"             daemon [_thread_blocked, id=24232, stack(0x000000eb69c00000,0x000000eb69d00000) (1024K)]
  0x0000023efbf52e50 JavaThread "Monitor Deflation Thread"   daemon [_thread_blocked, id=20232, stack(0x000000eb69d00000,0x000000eb69e00000) (1024K)]
=>0x0000023efbf57c80 JavaThread "C2 CompilerThread0"         daemon [_thread_in_native, id=25860, stack(0x000000eb69e00000,0x000000eb69f00000) (1024K)]
  0x0000023efbf583e0 JavaThread "C1 CompilerThread0"         daemon [_thread_blocked, id=29424, stack(0x000000eb69f00000,0x000000eb6a000000) (1024K)]
  0x0000023efc207ee0 JavaThread "Common-Cleaner"             daemon [_thread_blocked, id=25784, stack(0x000000eb6a400000,0x000000eb6a500000) (1024K)]
  0x0000023efc2cfa90 JavaThread "Notification Thread"        daemon [_thread_blocked, id=31096, stack(0x000000eb6a500000,0x000000eb6a600000) (1024K)]
  0x0000023efdc4dea0 JavaThread "Active Thread: Equinox Container: 9eac0778-b7e9-4084-af60-b2eab1b49762"        [_thread_blocked, id=18088, stack(0x000000eb6ad00000,0x000000eb6ae00000) (1024K)]
  0x0000023efe22cd90 JavaThread "Refresh Thread: Equinox Container: 9eac0778-b7e9-4084-af60-b2eab1b49762" daemon [_thread_blocked, id=10940, stack(0x000000eb6af00000,0x000000eb6b000000) (1024K)]
  0x0000023efde370d0 JavaThread "Framework Event Dispatcher: Equinox Container: 9eac0778-b7e9-4084-af60-b2eab1b49762" daemon [_thread_blocked, id=14252, stack(0x000000eb6b000000,0x000000eb6b100000) (1024K)]
  0x0000023efde39750 JavaThread "Start Level: Equinox Container: 9eac0778-b7e9-4084-af60-b2eab1b49762" daemon [_thread_blocked, id=29896, stack(0x000000eb6b100000,0x000000eb6b200000) (1024K)]
  0x0000023efe560660 JavaThread "Bundle File Closer"         daemon [_thread_blocked, id=16380, stack(0x000000eb6b500000,0x000000eb6b600000) (1024K)]
  0x0000023efe774b60 JavaThread "C1 CompilerThread1"         daemon [_thread_blocked, id=21944, stack(0x000000eb6a000000,0x000000eb6a100000) (1024K)]
  0x0000023efe55ffd0 JavaThread "SCR Component Actor"        daemon [_thread_blocked, id=24560, stack(0x000000eb6a100000,0x000000eb6a200000) (1024K)]
  0x0000023efe560cf0 JavaThread "Worker-JM"                         [_thread_blocked, id=7900, stack(0x000000eb6a300000,0x000000eb6a400000) (1024K)]
  0x0000023efe59b540 JavaThread "C1 CompilerThread2"         daemon [_thread_blocked, id=14828, stack(0x000000eb6b700000,0x000000eb6b800000) (1024K)]
  0x0000023efe676880 JavaThread "C1 CompilerThread3"         daemon [_thread_in_native, id=23616, stack(0x000000eb6b800000,0x000000eb6b900000) (1024K)]
  0x0000023efe55f940 JavaThread "JNA Cleaner"                daemon [_thread_blocked, id=17708, stack(0x000000eb6a200000,0x000000eb6a300000) (1024K)]
  0x0000023efe5620a0 JavaThread "Worker-0: Initialize Workspace"        [_thread_in_native, id=21532, stack(0x000000eb6b900000,0x000000eb6ba00000) (1024K)]
  0x0000023efe561380 JavaThread "Worker-1"                          [_thread_blocked, id=10288, stack(0x000000eb6ba00000,0x000000eb6bb00000) (1024K)]
  0x0000023efe55f2b0 JavaThread "Worker-2"                          [_thread_blocked, id=22364, stack(0x000000eb6bc00000,0x000000eb6bd00000) (1024K)]
  0x0000023efd7ac880 JavaThread "C2 CompilerThread1"         daemon [_thread_in_native, id=24580, stack(0x000000eb6bb00000,0x000000eb6bc00000) (1024K)]
  0x0000023efe561a10 JavaThread "Java indexing"              daemon [_thread_blocked, id=2520, stack(0x000000eb6bd00000,0x000000eb6be00000) (1024K)]
  0x0000023efec4a480 JavaThread "Worker-3"                          [_thread_blocked, id=18132, stack(0x000000eb6be00000,0x000000eb6bf00000) (1024K)]
  0x0000023efec4bec0 JavaThread "Worker-4"                          [_thread_blocked, id=19184, stack(0x000000eb6bf00000,0x000000eb6c000000) (1024K)]
  0x0000023efec4c550 JavaThread "Worker-5"                          [_thread_blocked, id=25236, stack(0x000000eb6c000000,0x000000eb6c100000) (1024K)]
  0x0000023efec50d80 JavaThread "Worker-6"                          [_thread_blocked, id=23316, stack(0x000000eb6c100000,0x000000eb6c200000) (1024K)]
  0x0000023efec4f9d0 JavaThread "Thread-1"                   daemon [_thread_in_native, id=5604, stack(0x000000eb6c200000,0x000000eb6c300000) (1024K)]
  0x0000023efec4b1a0 JavaThread "Thread-2"                   daemon [_thread_in_native, id=14116, stack(0x000000eb6c300000,0x000000eb6c400000) (1024K)]
  0x0000023efec49df0 JavaThread "Thread-3"                   daemon [_thread_in_native, id=13876, stack(0x000000eb6c400000,0x000000eb6c500000) (1024K)]
  0x0000023efec50060 JavaThread "Thread-4"                   daemon [_thread_in_native, id=30920, stack(0x000000eb6c500000,0x000000eb6c600000) (1024K)]
  0x0000023efec4b830 JavaThread "Thread-5"                   daemon [_thread_in_native, id=8596, stack(0x000000eb6c600000,0x000000eb6c700000) (1024K)]
  0x0000023efec51410 JavaThread "Thread-6"                   daemon [_thread_in_native, id=3032, stack(0x000000eb6c700000,0x000000eb6c800000) (1024K)]
  0x0000023efec4cbe0 JavaThread "Thread-7"                   daemon [_thread_in_native, id=30584, stack(0x000000eb6c800000,0x000000eb6c900000) (1024K)]
  0x0000023efec4ecb0 JavaThread "Thread-8"                   daemon [_thread_in_native, id=11524, stack(0x000000eb6c900000,0x000000eb6ca00000) (1024K)]
  0x0000023efec4ab10 JavaThread "Thread-9"                   daemon [_thread_in_native, id=9032, stack(0x000000eb6ca00000,0x000000eb6cb00000) (1024K)]
  0x0000023efec4d270 JavaThread "Thread-10"                  daemon [_thread_in_native, id=10336, stack(0x000000eb6cb00000,0x000000eb6cc00000) (1024K)]
  0x0000023efec4d900 JavaThread "Thread-11"                  daemon [_thread_in_native, id=23088, stack(0x000000eb6cc00000,0x000000eb6cd00000) (1024K)]
  0x0000023efec4df90 JavaThread "Thread-12"                  daemon [_thread_in_native, id=27972, stack(0x000000eb6cd00000,0x000000eb6ce00000) (1024K)]
  0x0000023efec4f340 JavaThread "Thread-13"                  daemon [_thread_in_native, id=28124, stack(0x000000eb6ce00000,0x000000eb6cf00000) (1024K)]
  0x0000023efec506f0 JavaThread "Thread-14"                  daemon [_thread_in_native, id=20288, stack(0x000000eb6cf00000,0x000000eb6d000000) (1024K)]
  0x0000023efec4e620 JavaThread "Thread-15"                  daemon [_thread_in_native, id=13968, stack(0x000000eb6d000000,0x000000eb6d100000) (1024K)]
  0x0000023effd2edb0 JavaThread "Thread-16"                  daemon [_thread_in_native, id=384, stack(0x000000eb6d100000,0x000000eb6d200000) (1024K)]
  0x0000023effd2e090 JavaThread "Thread-17"                  daemon [_thread_in_native, id=28280, stack(0x000000eb6d200000,0x000000eb6d300000) (1024K)]
  0x0000023effd2e720 JavaThread "pool-2-thread-1"                   [_thread_blocked, id=22592, stack(0x000000eb6d300000,0x000000eb6d400000) (1024K)]
  0x0000023effd284b0 JavaThread "WorkspaceEventsHandler"            [_thread_blocked, id=8244, stack(0x000000eb6d400000,0x000000eb6d500000) (1024K)]
  0x0000023effd291d0 JavaThread "pool-1-thread-1"                   [_thread_blocked, id=17240, stack(0x000000eb6d500000,0x000000eb6d600000) (1024K)]
  0x0000023effd2c650 JavaThread "Compiler Source File Reader" daemon [_thread_blocked, id=15912, stack(0x000000eb6d600000,0x000000eb6d700000) (1024K)]
  0x0000023effd2bfc0 JavaThread "Compiler Source File Reader" daemon [_thread_blocked, id=12768, stack(0x000000eb6d700000,0x000000eb6d800000) (1024K)]
  0x0000023effd2ac10 JavaThread "Compiler Source File Reader" daemon [_thread_blocked, id=26500, stack(0x000000eb6d800000,0x000000eb6d900000) (1024K)]
  0x0000023effd28b40 JavaThread "Compiler Source File Reader" daemon [_thread_blocked, id=11720, stack(0x000000eb6d900000,0x000000eb6da00000) (1024K)]
  0x0000023effd2da00 JavaThread "Compiler Source File Reader" daemon [_thread_blocked, id=24712, stack(0x000000eb6da00000,0x000000eb6db00000) (1024K)]
  0x0000023effd2d370 JavaThread "Compiler Source File Reader" daemon [_thread_blocked, id=28720, stack(0x000000eb6db00000,0x000000eb6dc00000) (1024K)]
  0x0000023effd2f440 JavaThread "Compiler Source File Reader" daemon [_thread_blocked, id=5224, stack(0x000000eb6dc00000,0x000000eb6dd00000) (1024K)]
  0x0000023effd29ef0 JavaThread "Compiler Processing Task"   daemon [_thread_blocked, id=8256, stack(0x000000eb6dd00000,0x000000eb6de00000) (1024K)]
  0x0000023effd2b2a0 JavaThread "ForkJoinPool.commonPool-worker-1" daemon [_thread_blocked, id=22152, stack(0x000000eb6de00000,0x000000eb6df00000) (1024K)]
  0x0000023effd2b930 JavaThread "ForkJoinPool.commonPool-worker-2" daemon [_thread_blocked, id=16280, stack(0x000000eb6df00000,0x000000eb6e000000) (1024K)]
  0x0000023effd2cce0 JavaThread "ForkJoinPool.commonPool-worker-3" daemon [_thread_blocked, id=8148, stack(0x000000eb6e000000,0x000000eb6e100000) (1024K)]
  0x0000023e84a1a190 JavaThread "Compiler Source File Reader" daemon [_thread_blocked, id=4844, stack(0x000000eb6e100000,0x000000eb6e200000) (1024K)]
  0x0000023e84a152d0 JavaThread "Compiler Source File Reader" daemon [_thread_blocked, id=13104, stack(0x000000eb6e200000,0x000000eb6e300000) (1024K)]
  0x0000023e84a1a820 JavaThread "Compiler Source File Reader" daemon [_thread_blocked, id=9672, stack(0x000000eb6e300000,0x000000eb6e400000) (1024K)]
  0x0000023e84a173a0 JavaThread "Compiler Source File Reader" daemon [_thread_blocked, id=12368, stack(0x000000eb6e400000,0x000000eb6e500000) (1024K)]
  0x0000023e84a17a30 JavaThread "Compiler Source File Reader" daemon [_thread_blocked, id=31036, stack(0x000000eb6e500000,0x000000eb6e600000) (1024K)]
  0x0000023e84a15ff0 JavaThread "Compiler Source File Reader" daemon [_thread_blocked, id=5028, stack(0x000000eb6e600000,0x000000eb6e700000) (1024K)]
  0x0000023e84a16d10 JavaThread "Compiler Source File Reader" daemon [_thread_blocked, id=1300, stack(0x000000eb6e700000,0x000000eb6e800000) (1024K)]
  0x0000023e84a13890 JavaThread "Compiler Class File Writer" daemon [_thread_blocked, id=26328, stack(0x000000eb6e800000,0x000000eb6e900000) (1024K)]
  0x0000023e84a1aeb0 JavaThread "Compiler Class File Writer" daemon [_thread_blocked, id=20984, stack(0x000000eb6e900000,0x000000eb6ea00000) (1024K)]
  0x0000023e84a16680 JavaThread "Compiler Class File Writer" daemon [_thread_blocked, id=19984, stack(0x000000eb6ea00000,0x000000eb6eb00000) (1024K)]
  0x0000023e84a180c0 JavaThread "Compiler Class File Writer" daemon [_thread_blocked, id=13844, stack(0x000000eb6eb00000,0x000000eb6ec00000) (1024K)]
  0x0000023e84a18750 JavaThread "Compiler Class File Writer" daemon [_thread_blocked, id=22892, stack(0x000000eb6ec00000,0x000000eb6ed00000) (1024K)]
  0x0000023e84a13f20 JavaThread "Compiler Class File Writer" daemon [_thread_blocked, id=22632, stack(0x000000eb6ed00000,0x000000eb6ee00000) (1024K)]
  0x0000023e84a145b0 JavaThread "Compiler Class File Writer" daemon [_thread_blocked, id=204, stack(0x000000eb6ee00000,0x000000eb6ef00000) (1024K)]
  0x0000023e84a15960 JavaThread "ProjectImportProgressReporter" daemon [_thread_blocked, id=4384, stack(0x000000eb6ef00000,0x000000eb6f000000) (1024K)]
Total: 77

Other Threads:
  0x0000023ea2f6eb90 VMThread "VM Thread"                           [id=22884, stack(0x000000eb69700000,0x000000eb69800000) (1024K)]
  0x0000023eb983ca10 WatcherThread "VM Periodic Task Thread"        [id=30092, stack(0x000000eb69600000,0x000000eb69700000) (1024K)]
  0x0000023ea2ed1cc0 WorkerThread "GC Thread#0"                     [id=22500, stack(0x000000eb69500000,0x000000eb69600000) (1024K)]
  0x0000023efdc13920 WorkerThread "GC Thread#1"                     [id=24112, stack(0x000000eb6a700000,0x000000eb6a800000) (1024K)]
  0x0000023efdc140e0 WorkerThread "GC Thread#2"                     [id=24612, stack(0x000000eb6a800000,0x000000eb6a900000) (1024K)]
  0x0000023efdf61cd0 WorkerThread "GC Thread#3"                     [id=15568, stack(0x000000eb6a900000,0x000000eb6aa00000) (1024K)]
  0x0000023efdf62a90 WorkerThread "GC Thread#4"                     [id=13180, stack(0x000000eb6aa00000,0x000000eb6ab00000) (1024K)]
  0x0000023efdf62e40 WorkerThread "GC Thread#5"                     [id=24120, stack(0x000000eb6ab00000,0x000000eb6ac00000) (1024K)]
  0x0000023efdc5be20 WorkerThread "GC Thread#6"                     [id=28296, stack(0x000000eb6ac00000,0x000000eb6ad00000) (1024K)]
  0x0000023efe211e20 WorkerThread "GC Thread#7"                     [id=668, stack(0x000000eb6ae00000,0x000000eb6af00000) (1024K)]
  0x0000023efe56ec20 WorkerThread "GC Thread#8"                     [id=26212, stack(0x000000eb6b200000,0x000000eb6b300000) (1024K)]
  0x0000023efe2d3020 WorkerThread "GC Thread#9"                     [id=11548, stack(0x000000eb6b300000,0x000000eb6b400000) (1024K)]
  0x0000023efe2d33d0 WorkerThread "GC Thread#10"                    [id=25492, stack(0x000000eb6b400000,0x000000eb6b500000) (1024K)]
  0x0000023efe2d3780 WorkerThread "GC Thread#11"                    [id=26124, stack(0x000000eb6a600000,0x000000eb6a700000) (1024K)]
  0x0000023efe2d3b30 WorkerThread "GC Thread#12"                    [id=27372, stack(0x000000eb6b600000,0x000000eb6b700000) (1024K)]
Total: 15

Threads with active compile tasks:
C2 CompilerThread0  11794 7658       4       org.eclipse.osgi.internal.serviceregistry.ServiceRegistry::notifyHooksPrivileged (57 bytes)
C2 CompilerThread1  11794 8019   !   4       java.nio.file.FileTreeWalker::next (144 bytes)
Total: 2

VM state: not at safepoint (normal execution)

VM Mutex/Monitor currently owned by a thread: None

Heap address: 0x0000000080000000, size: 2048 MB, Compressed Oops mode: 32-bit

CDS archive(s) mapped at: [0x0000023eba000000-0x0000023ebaba0000-0x0000023ebaba0000), size 12189696, SharedBaseAddress: 0x0000023eba000000, ArchiveRelocationMode: 1.
Compressed class space mapped at: 0x0000023ebb000000-0x0000023efb000000, reserved size: 1073741824
Narrow klass base: 0x0000023eba000000, Narrow klass shift: 0, Narrow klass range: 0x100000000

GC Precious Log:
 CardTable entry size: 512
 CPUs: 16 total, 16 available
 Memory: 7501M
 Large Page Support: Disabled
 NUMA Support: Disabled
 Compressed Oops: Enabled (32-bit)
 Alignments: Space 512K, Generation 512K, Heap 2M
 Heap Min Capacity: 100M
 Heap Initial Capacity: 100M
 Heap Max Capacity: 2G
 Pre-touch: Disabled
 Parallel Workers: 13

Heap:
 PSYoungGen      total 19456K, used 15841K [0x00000000d5580000, 0x00000000d6e80000, 0x0000000100000000)
  eden space 17920K, 79% used [0x00000000d5580000,0x00000000d637fe18,0x00000000d6700000)
  from space 1536K, 98% used [0x00000000d6a00000,0x00000000d6b786b8,0x00000000d6b80000)
  to   space 3072K, 0% used [0x00000000d6700000,0x00000000d6700000,0x00000000d6a00000)
 ParOldGen       total 68608K, used 42729K [0x0000000080000000, 0x0000000084300000, 0x00000000d5580000)
  object space 68608K, 62% used [0x0000000080000000,0x00000000829ba5a0,0x0000000084300000)
 Metaspace       used 56447K, committed 57664K, reserved 1114112K
  class space    used 6029K, committed 6528K, reserved 1048576K

Card table byte_map: [0x0000023ea2880000,0x0000023ea2c90000] _byte_map_base: 0x0000023ea2480000

Marking Bits: (ParMarkBitMap*) 0x00007ff9bd973450
 Begin Bits: [0x0000023eb5360000, 0x0000023eb7360000)
 End Bits:   [0x0000023eb7360000, 0x0000023eb9360000)

Polling page: 0x0000023ea2670000

Metaspace:

Usage:
  Non-class:     49.24 MB used.
      Class:      5.89 MB used.
       Both:     55.12 MB used.

Virtual space:
  Non-class space:       64.00 MB reserved,      49.94 MB ( 78%) committed,  1 nodes.
      Class space:        1.00 GB reserved,       6.38 MB ( <1%) committed,  1 nodes.
             Both:        1.06 GB reserved,      56.31 MB (  5%) committed. 

Chunk freelists:
   Non-Class:  13.34 MB
       Class:  9.54 MB
        Both:  22.88 MB

MaxMetaspaceSize: unlimited
CompressedClassSpaceSize: 1.00 GB
Initial GC threshold: 21.00 MB
Current GC threshold: 58.38 MB
CDS: on
 - commit_granule_bytes: 65536.
 - commit_granule_words: 8192.
 - virtual_space_node_default_size: 8388608.
 - enlarge_chunks_in_place: 1.
 - use_allocation_guard: 0.


Internal statistics:

num_allocs_failed_limit: 8.
num_arena_births: 952.
num_arena_deaths: 40.
num_vsnodes_births: 2.
num_vsnodes_deaths: 0.
num_space_committed: 901.
num_space_uncommitted: 0.
num_chunks_returned_to_freelist: 57.
num_chunks_taken_from_freelist: 3635.
num_chunk_merges: 17.
num_chunk_splits: 2164.
num_chunks_enlarged: 1166.
num_inconsistent_stats: 0.

CodeHeap 'non-profiled nmethods': size=119168Kb used=2994Kb max_used=2994Kb free=116173Kb
 bounds [0x0000023eadc50000, 0x0000023eadf40000, 0x0000023eb50b0000]
CodeHeap 'profiled nmethods': size=119104Kb used=16644Kb max_used=16644Kb free=102459Kb
 bounds [0x0000023ea60b0000, 0x0000023ea7100000, 0x0000023ead500000]
CodeHeap 'non-nmethods': size=7488Kb used=3102Kb max_used=3149Kb free=4386Kb
 bounds [0x0000023ead500000, 0x0000023ead820000, 0x0000023eadc50000]
CodeCache: size=245760Kb, used=22740Kb, max_used=22787Kb, free=223018Kb
 total_blobs=8267, nmethods=7544, adapters=626, full_count=0
Compilation: enabled, stopped_count=0, restarted_count=0

Compilation events (20 events):
Event: 11.691 Thread 0x0000023efe774b60 8140       2       jdk.internal.event.ThreadSleepEvent::isTurnedOn (7 bytes)
Event: 11.691 Thread 0x0000023efe774b60 nmethod 8140 0x0000023ea7091090 code [0x0000023ea7091220, 0x0000023ea7091308]
Event: 11.691 Thread 0x0000023efe59b540 nmethod 8139 0x0000023ea7091390 code [0x0000023ea7091520, 0x0000023ea7091610]
Event: 11.692 Thread 0x0000023efe676880 nmethod 8138 0x0000023ea7091690 code [0x0000023ea7091880, 0x0000023ea7091c60]
Event: 11.707 Thread 0x0000023efe676880 8141       2       java.lang.reflect.Field::hashCode (19 bytes)
Event: 11.708 Thread 0x0000023efe676880 nmethod 8141 0x0000023ea7091f10 code [0x0000023ea70920e0, 0x0000023ea7092278]
Event: 11.710 Thread 0x0000023efbf583e0 8144   !   2       jdk.internal.reflect.MethodHandleIntegerFieldAccessorImpl::getInt (44 bytes)
Event: 11.710 Thread 0x0000023efe676880 8143       2       jdk.internal.reflect.MethodHandleIntegerFieldAccessorImpl::get (9 bytes)
Event: 11.711 Thread 0x0000023efe676880 nmethod 8143 0x0000023ea7092410 code [0x0000023ea70925c0, 0x0000023ea7092798]
Event: 11.712 Thread 0x0000023efbf583e0 nmethod 8144 0x0000023ea7092890 code [0x0000023ea7092ac0, 0x0000023ea7092fa0]
Event: 11.713 Thread 0x0000023efbf583e0 8145       2       jdk.internal.reflect.MethodHandleIntegerFieldAccessorImpl::<init> (12 bytes)
Event: 11.713 Thread 0x0000023efbf583e0 nmethod 8145 0x0000023ea7093590 code [0x0000023ea7093740, 0x0000023ea7093860]
Event: 11.713 Thread 0x0000023efe676880 8146       2       jdk.internal.reflect.MethodHandleIntegerFieldAccessorImpl::fieldAccessor (100 bytes)
Event: 11.714 Thread 0x0000023efbf583e0 8147       3       org.eclipse.jdt.internal.compiler.util.HashtableOfInt::put (95 bytes)
Event: 11.714 Thread 0x0000023efe59b540 8148       2       java.lang.invoke.DirectMethodHandle$Holder::getInt (26 bytes)
Event: 11.714 Thread 0x0000023efe59b540 nmethod 8148 0x0000023ea7093910 code [0x0000023ea7093ac0, 0x0000023ea7093c38]
Event: 11.714 Thread 0x0000023efbf583e0 nmethod 8147 0x0000023ea7093d90 code [0x0000023ea7093f80, 0x0000023ea7094570]
Event: 11.715 Thread 0x0000023efe676880 nmethod 8146 0x0000023ea7094790 code [0x0000023ea7094a20, 0x0000023ea70950d8]
Event: 11.723 Thread 0x0000023efe676880 8149       3       java.lang.reflect.Field::get (39 bytes)
Event: 11.723 Thread 0x0000023efe676880 nmethod 8149 0x0000023ea7095510 code [0x0000023ea7095740, 0x0000023ea7095c90]

GC Heap History (20 events):
Event: 8.937 GC heap before
{Heap before GC invocations=25 (full 2):
 PSYoungGen      total 21504K, used 21048K [0x00000000d5580000, 0x00000000d6c80000, 0x0000000100000000)
  eden space 19456K, 99% used [0x00000000d5580000,0x00000000d687b608,0x00000000d6880000)
  from space 2048K, 78% used [0x00000000d6a80000,0x00000000d6c12c98,0x00000000d6c80000)
  to   space 2048K, 0% used [0x00000000d6880000,0x00000000d6880000,0x00000000d6a80000)
 ParOldGen       total 68608K, used 34005K [0x0000000080000000, 0x0000000084300000, 0x00000000d5580000)
  object space 68608K, 49% used [0x0000000080000000,0x0000000082135698,0x0000000084300000)
 Metaspace       used 40232K, committed 41408K, reserved 1114112K
  class space    used 4242K, committed 4736K, reserved 1048576K
}
Event: 8.940 GC heap after
{Heap after GC invocations=25 (full 2):
 PSYoungGen      total 21504K, used 1568K [0x00000000d5580000, 0x00000000d6c80000, 0x0000000100000000)
  eden space 19456K, 0% used [0x00000000d5580000,0x00000000d5580000,0x00000000d6880000)
  from space 2048K, 76% used [0x00000000d6880000,0x00000000d6a08000,0x00000000d6a80000)
  to   space 2048K, 0% used [0x00000000d6a80000,0x00000000d6a80000,0x00000000d6c80000)
 ParOldGen       total 68608K, used 35374K [0x0000000080000000, 0x0000000084300000, 0x00000000d5580000)
  object space 68608K, 51% used [0x0000000080000000,0x000000008228b898,0x0000000084300000)
 Metaspace       used 40232K, committed 41408K, reserved 1114112K
  class space    used 4242K, committed 4736K, reserved 1048576K
}
Event: 9.127 GC heap before
{Heap before GC invocations=26 (full 2):
 PSYoungGen      total 21504K, used 21024K [0x00000000d5580000, 0x00000000d6c80000, 0x0000000100000000)
  eden space 19456K, 100% used [0x00000000d5580000,0x00000000d6880000,0x00000000d6880000)
  from space 2048K, 76% used [0x00000000d6880000,0x00000000d6a08000,0x00000000d6a80000)
  to   space 2048K, 0% used [0x00000000d6a80000,0x00000000d6a80000,0x00000000d6c80000)
 ParOldGen       total 68608K, used 35374K [0x0000000080000000, 0x0000000084300000, 0x00000000d5580000)
  object space 68608K, 51% used [0x0000000080000000,0x000000008228b898,0x0000000084300000)
 Metaspace       used 42724K, committed 43904K, reserved 1114112K
  class space    used 4519K, committed 5056K, reserved 1048576K
}
Event: 9.131 GC heap after
{Heap after GC invocations=26 (full 2):
 PSYoungGen      total 20992K, used 1198K [0x00000000d5580000, 0x00000000d6c00000, 0x0000000100000000)
  eden space 19456K, 0% used [0x00000000d5580000,0x00000000d5580000,0x00000000d6880000)
  from space 1536K, 78% used [0x00000000d6a80000,0x00000000d6bab958,0x00000000d6c00000)
  to   space 1536K, 0% used [0x00000000d6900000,0x00000000d6900000,0x00000000d6a80000)
 ParOldGen       total 68608K, used 36714K [0x0000000080000000, 0x0000000084300000, 0x00000000d5580000)
  object space 68608K, 53% used [0x0000000080000000,0x00000000823da8b8,0x0000000084300000)
 Metaspace       used 42724K, committed 43904K, reserved 1114112K
  class space    used 4519K, committed 5056K, reserved 1048576K
}
Event: 9.380 GC heap before
{Heap before GC invocations=27 (full 2):
 PSYoungGen      total 20992K, used 20654K [0x00000000d5580000, 0x00000000d6c00000, 0x0000000100000000)
  eden space 19456K, 100% used [0x00000000d5580000,0x00000000d6880000,0x00000000d6880000)
  from space 1536K, 78% used [0x00000000d6a80000,0x00000000d6bab958,0x00000000d6c00000)
  to   space 1536K, 0% used [0x00000000d6900000,0x00000000d6900000,0x00000000d6a80000)
 ParOldGen       total 68608K, used 36714K [0x0000000080000000, 0x0000000084300000, 0x00000000d5580000)
  object space 68608K, 53% used [0x0000000080000000,0x00000000823da8b8,0x0000000084300000)
 Metaspace       used 45080K, committed 46208K, reserved 1114112K
  class space    used 4809K, committed 5312K, reserved 1048576K
}
Event: 9.383 GC heap after
{Heap after GC invocations=27 (full 2):
 PSYoungGen      total 20992K, used 1083K [0x00000000d5580000, 0x00000000d6b80000, 0x0000000100000000)
  eden space 19456K, 0% used [0x00000000d5580000,0x00000000d5580000,0x00000000d6880000)
  from space 1536K, 70% used [0x00000000d6900000,0x00000000d6a0ee68,0x00000000d6a80000)
  to   space 1024K, 0% used [0x00000000d6a80000,0x00000000d6a80000,0x00000000d6b80000)
 ParOldGen       total 68608K, used 37501K [0x0000000080000000, 0x0000000084300000, 0x00000000d5580000)
  object space 68608K, 54% used [0x0000000080000000,0x000000008249f5a8,0x0000000084300000)
 Metaspace       used 45080K, committed 46208K, reserved 1114112K
  class space    used 4809K, committed 5312K, reserved 1048576K
}
Event: 9.687 GC heap before
{Heap before GC invocations=28 (full 2):
 PSYoungGen      total 20992K, used 20539K [0x00000000d5580000, 0x00000000d6b80000, 0x0000000100000000)
  eden space 19456K, 100% used [0x00000000d5580000,0x00000000d6880000,0x00000000d6880000)
  from space 1536K, 70% used [0x00000000d6900000,0x00000000d6a0ee68,0x00000000d6a80000)
  to   space 1024K, 0% used [0x00000000d6a80000,0x00000000d6a80000,0x00000000d6b80000)
 ParOldGen       total 68608K, used 37501K [0x0000000080000000, 0x0000000084300000, 0x00000000d5580000)
  object space 68608K, 54% used [0x0000000080000000,0x000000008249f5a8,0x0000000084300000)
 Metaspace       used 46464K, committed 47616K, reserved 1114112K
  class space    used 5009K, committed 5504K, reserved 1048576K
}
Event: 9.689 GC heap after
{Heap after GC invocations=28 (full 2):
 PSYoungGen      total 20480K, used 800K [0x00000000d5580000, 0x00000000d6b80000, 0x0000000100000000)
  eden space 19456K, 0% used [0x00000000d5580000,0x00000000d5580000,0x00000000d6880000)
  from space 1024K, 78% used [0x00000000d6a80000,0x00000000d6b48000,0x00000000d6b80000)
  to   space 1024K, 0% used [0x00000000d6980000,0x00000000d6980000,0x00000000d6a80000)
 ParOldGen       total 68608K, used 38396K [0x0000000080000000, 0x0000000084300000, 0x00000000d5580000)
  object space 68608K, 55% used [0x0000000080000000,0x000000008257f278,0x0000000084300000)
 Metaspace       used 46464K, committed 47616K, reserved 1114112K
  class space    used 5009K, committed 5504K, reserved 1048576K
}
Event: 10.031 GC heap before
{Heap before GC invocations=29 (full 2):
 PSYoungGen      total 20480K, used 20256K [0x00000000d5580000, 0x00000000d6b80000, 0x0000000100000000)
  eden space 19456K, 100% used [0x00000000d5580000,0x00000000d6880000,0x00000000d6880000)
  from space 1024K, 78% used [0x00000000d6a80000,0x00000000d6b48000,0x00000000d6b80000)
  to   space 1024K, 0% used [0x00000000d6980000,0x00000000d6980000,0x00000000d6a80000)
 ParOldGen       total 68608K, used 38396K [0x0000000080000000, 0x0000000084300000, 0x00000000d5580000)
  object space 68608K, 55% used [0x0000000080000000,0x000000008257f278,0x0000000084300000)
 Metaspace       used 48111K, committed 49280K, reserved 1114112K
  class space    used 5217K, committed 5760K, reserved 1048576K
}
Event: 10.033 GC heap after
{Heap after GC invocations=29 (full 2):
 PSYoungGen      total 20480K, used 1024K [0x00000000d5580000, 0x00000000d6c80000, 0x0000000100000000)
  eden space 19456K, 0% used [0x00000000d5580000,0x00000000d5580000,0x00000000d6880000)
  from space 1024K, 100% used [0x00000000d6980000,0x00000000d6a80000,0x00000000d6a80000)
  to   space 2048K, 0% used [0x00000000d6a80000,0x00000000d6a80000,0x00000000d6c80000)
 ParOldGen       total 68608K, used 39028K [0x0000000080000000, 0x0000000084300000, 0x00000000d5580000)
  object space 68608K, 56% used [0x0000000080000000,0x000000008261d278,0x0000000084300000)
 Metaspace       used 48111K, committed 49280K, reserved 1114112K
  class space    used 5217K, committed 5760K, reserved 1048576K
}
Event: 10.318 GC heap before
{Heap before GC invocations=30 (full 2):
 PSYoungGen      total 20480K, used 20480K [0x00000000d5580000, 0x00000000d6c80000, 0x0000000100000000)
  eden space 19456K, 100% used [0x00000000d5580000,0x00000000d6880000,0x00000000d6880000)
  from space 1024K, 100% used [0x00000000d6980000,0x00000000d6a80000,0x00000000d6a80000)
  to   space 2048K, 0% used [0x00000000d6a80000,0x00000000d6a80000,0x00000000d6c80000)
 ParOldGen       total 68608K, used 39028K [0x0000000080000000, 0x0000000084300000, 0x00000000d5580000)
  object space 68608K, 56% used [0x0000000080000000,0x000000008261d278,0x0000000084300000)
 Metaspace       used 49884K, committed 51072K, reserved 1114112K
  class space    used 5412K, committed 5952K, reserved 1048576K
}
Event: 10.320 GC heap after
{Heap after GC invocations=30 (full 2):
 PSYoungGen      total 20480K, used 960K [0x00000000d5580000, 0x00000000d6b80000, 0x0000000100000000)
  eden space 19456K, 0% used [0x00000000d5580000,0x00000000d5580000,0x00000000d6880000)
  from space 1024K, 93% used [0x00000000d6a80000,0x00000000d6b70000,0x00000000d6b80000)
  to   space 1536K, 0% used [0x00000000d6880000,0x00000000d6880000,0x00000000d6a00000)
 ParOldGen       total 68608K, used 39888K [0x0000000080000000, 0x0000000084300000, 0x00000000d5580000)
  object space 68608K, 58% used [0x0000000080000000,0x00000000826f4288,0x0000000084300000)
 Metaspace       used 49884K, committed 51072K, reserved 1114112K
  class space    used 5412K, committed 5952K, reserved 1048576K
}
Event: 10.492 GC heap before
{Heap before GC invocations=31 (full 2):
 PSYoungGen      total 20480K, used 20416K [0x00000000d5580000, 0x00000000d6b80000, 0x0000000100000000)
  eden space 19456K, 100% used [0x00000000d5580000,0x00000000d6880000,0x00000000d6880000)
  from space 1024K, 93% used [0x00000000d6a80000,0x00000000d6b70000,0x00000000d6b80000)
  to   space 1536K, 0% used [0x00000000d6880000,0x00000000d6880000,0x00000000d6a00000)
 ParOldGen       total 68608K, used 39888K [0x0000000080000000, 0x0000000084300000, 0x00000000d5580000)
  object space 68608K, 58% used [0x0000000080000000,0x00000000826f4288,0x0000000084300000)
 Metaspace       used 51153K, committed 52288K, reserved 1114112K
  class space    used 5519K, committed 6016K, reserved 1048576K
}
Event: 10.495 GC heap after
{Heap after GC invocations=31 (full 2):
 PSYoungGen      total 20992K, used 1529K [0x00000000d5580000, 0x00000000d6d80000, 0x0000000100000000)
  eden space 19456K, 0% used [0x00000000d5580000,0x00000000d5580000,0x00000000d6880000)
  from space 1536K, 99% used [0x00000000d6880000,0x00000000d69fe7e0,0x00000000d6a00000)
  to   space 2560K, 0% used [0x00000000d6b00000,0x00000000d6b00000,0x00000000d6d80000)
 ParOldGen       total 68608K, used 40592K [0x0000000080000000, 0x0000000084300000, 0x00000000d5580000)
  object space 68608K, 59% used [0x0000000080000000,0x00000000827a4288,0x0000000084300000)
 Metaspace       used 51153K, committed 52288K, reserved 1114112K
  class space    used 5519K, committed 6016K, reserved 1048576K
}
Event: 10.578 GC heap before
{Heap before GC invocations=32 (full 2):
 PSYoungGen      total 20992K, used 20985K [0x00000000d5580000, 0x00000000d6d80000, 0x0000000100000000)
  eden space 19456K, 100% used [0x00000000d5580000,0x00000000d6880000,0x00000000d6880000)
  from space 1536K, 99% used [0x00000000d6880000,0x00000000d69fe7e0,0x00000000d6a00000)
  to   space 2560K, 0% used [0x00000000d6b00000,0x00000000d6b00000,0x00000000d6d80000)
 ParOldGen       total 68608K, used 40592K [0x0000000080000000, 0x0000000084300000, 0x00000000d5580000)
  object space 68608K, 59% used [0x0000000080000000,0x00000000827a4288,0x0000000084300000)
 Metaspace       used 51169K, committed 52352K, reserved 1114112K
  class space    used 5519K, committed 6016K, reserved 1048576K
}
Event: 10.581 GC heap after
{Heap after GC invocations=32 (full 2):
 PSYoungGen      total 20480K, used 982K [0x00000000d5580000, 0x00000000d6c00000, 0x0000000100000000)
  eden space 19456K, 0% used [0x00000000d5580000,0x00000000d5580000,0x00000000d6880000)
  from space 1024K, 95% used [0x00000000d6b00000,0x00000000d6bf5a28,0x00000000d6c00000)
  to   space 1536K, 0% used [0x00000000d6900000,0x00000000d6900000,0x00000000d6a80000)
 ParOldGen       total 68608K, used 41727K [0x0000000080000000, 0x0000000084300000, 0x00000000d5580000)
  object space 68608K, 60% used [0x0000000080000000,0x00000000828bffe0,0x0000000084300000)
 Metaspace       used 51169K, committed 52352K, reserved 1114112K
  class space    used 5519K, committed 6016K, reserved 1048576K
}
Event: 10.996 GC heap before
{Heap before GC invocations=33 (full 2):
 PSYoungGen      total 20480K, used 20437K [0x00000000d5580000, 0x00000000d6c00000, 0x0000000100000000)
  eden space 19456K, 99% used [0x00000000d5580000,0x00000000d687fa20,0x00000000d6880000)
  from space 1024K, 95% used [0x00000000d6b00000,0x00000000d6bf5a28,0x00000000d6c00000)
  to   space 1536K, 0% used [0x00000000d6900000,0x00000000d6900000,0x00000000d6a80000)
 ParOldGen       total 68608K, used 41727K [0x0000000080000000, 0x0000000084300000, 0x00000000d5580000)
  object space 68608K, 60% used [0x0000000080000000,0x00000000828bffe0,0x0000000084300000)
 Metaspace       used 53587K, committed 54848K, reserved 1114112K
  class space    used 5747K, committed 6272K, reserved 1048576K
}
Event: 10.998 GC heap after
{Heap after GC invocations=33 (full 2):
 PSYoungGen      total 20480K, used 944K [0x00000000d5580000, 0x00000000d6b80000, 0x0000000100000000)
  eden space 19456K, 0% used [0x00000000d5580000,0x00000000d5580000,0x00000000d6880000)
  from space 1024K, 92% used [0x00000000d6900000,0x00000000d69ec3f8,0x00000000d6a00000)
  to   space 1536K, 0% used [0x00000000d6a00000,0x00000000d6a00000,0x00000000d6b80000)
 ParOldGen       total 68608K, used 41759K [0x0000000080000000, 0x0000000084300000, 0x00000000d5580000)
  object space 68608K, 60% used [0x0000000080000000,0x00000000828c7fe0,0x0000000084300000)
 Metaspace       used 53587K, committed 54848K, reserved 1114112K
  class space    used 5747K, committed 6272K, reserved 1048576K
}
Event: 11.334 GC heap before
{Heap before GC invocations=34 (full 2):
 PSYoungGen      total 20480K, used 20400K [0x00000000d5580000, 0x00000000d6b80000, 0x0000000100000000)
  eden space 19456K, 100% used [0x00000000d5580000,0x00000000d6880000,0x00000000d6880000)
  from space 1024K, 92% used [0x00000000d6900000,0x00000000d69ec3f8,0x00000000d6a00000)
  to   space 1536K, 0% used [0x00000000d6a00000,0x00000000d6a00000,0x00000000d6b80000)
 ParOldGen       total 68608K, used 41759K [0x0000000080000000, 0x0000000084300000, 0x00000000d5580000)
  object space 68608K, 60% used [0x0000000080000000,0x00000000828c7fe0,0x0000000084300000)
 Metaspace       used 55013K, committed 56256K, reserved 1114112K
  class space    used 5924K, committed 6400K, reserved 1048576K
}
Event: 11.338 GC heap after
{Heap after GC invocations=34 (full 2):
 PSYoungGen      total 19456K, used 1505K [0x00000000d5580000, 0x00000000d6e80000, 0x0000000100000000)
  eden space 17920K, 0% used [0x00000000d5580000,0x00000000d5580000,0x00000000d6700000)
  from space 1536K, 98% used [0x00000000d6a00000,0x00000000d6b786b8,0x00000000d6b80000)
  to   space 3072K, 0% used [0x00000000d6700000,0x00000000d6700000,0x00000000d6a00000)
 ParOldGen       total 68608K, used 42729K [0x0000000080000000, 0x0000000084300000, 0x00000000d5580000)
  object space 68608K, 62% used [0x0000000080000000,0x00000000829ba5a0,0x0000000084300000)
 Metaspace       used 55013K, committed 56256K, reserved 1114112K
  class space    used 5924K, committed 6400K, reserved 1048576K
}

Dll operation events (10 events):
Event: 0.019 Loaded shared library c:\Users\HP\.vscode\extensions\redhat.java-1.54.0-win32-x64\jre\21.0.10-win32-x86_64\bin\java.dll
Event: 0.113 Loaded shared library c:\Users\HP\.vscode\extensions\redhat.java-1.54.0-win32-x64\jre\21.0.10-win32-x86_64\bin\zip.dll
Event: 0.147 Loaded shared library C:\Users\HP\.vscode\extensions\redhat.java-1.54.0-win32-x64\jre\21.0.10-win32-x86_64\bin\instrument.dll
Event: 0.156 Loaded shared library C:\Users\HP\.vscode\extensions\redhat.java-1.54.0-win32-x64\jre\21.0.10-win32-x86_64\bin\net.dll
Event: 0.160 Loaded shared library C:\Users\HP\.vscode\extensions\redhat.java-1.54.0-win32-x64\jre\21.0.10-win32-x86_64\bin\nio.dll
Event: 0.165 Loaded shared library C:\Users\HP\.vscode\extensions\redhat.java-1.54.0-win32-x64\jre\21.0.10-win32-x86_64\bin\zip.dll
Event: 0.195 Loaded shared library C:\Users\HP\.vscode\extensions\redhat.java-1.54.0-win32-x64\jre\21.0.10-win32-x86_64\bin\jimage.dll
Event: 0.334 Loaded shared library c:\Users\HP\.vscode\extensions\redhat.java-1.54.0-win32-x64\jre\21.0.10-win32-x86_64\bin\verify.dll
Event: 2.067 Loaded shared library C:\Users\HP\AppData\Roaming\Code\User\globalStorage\redhat.java\1.54.0\config_win\org.eclipse.equinox.launcher\org.eclipse.equinox.launcher.win32.win32.x86_64_1.3.0.v20260203-2149\eclipse_11919.dll
Event: 5.920 Loaded shared library C:\Users\HP\AppData\Local\Temp\jna-2312\jna9855440545968724930.dll

Deoptimization events (20 events):
Event: 11.573 Thread 0x0000023efe5620a0 Uncommon trap: trap_request=0xffffffde fr.pc=0x0000023eade9ceb8 relative=0x0000000000001438
Event: 11.573 Thread 0x0000023efe5620a0 Uncommon trap: reason=class_check action=maybe_recompile pc=0x0000023eade9ceb8 method=java.nio.file.FileTreeWalker.next()Ljava/nio/file/FileTreeWalker$Event; @ 37 c2
Event: 11.573 Thread 0x0000023efe5620a0 DEOPT PACKING pc=0x0000023eade9ceb8 sp=0x000000eb6b9feeb0
Event: 11.573 Thread 0x0000023efe5620a0 DEOPT UNPACKING pc=0x0000023ead553aa2 sp=0x000000eb6b9feeb0 mode 2
Event: 11.573 Thread 0x0000023efe5620a0 Uncommon trap: trap_request=0xffffffde fr.pc=0x0000023eade9ceb8 relative=0x0000000000001438
Event: 11.573 Thread 0x0000023efe5620a0 Uncommon trap: reason=class_check action=maybe_recompile pc=0x0000023eade9ceb8 method=java.nio.file.FileTreeWalker.next()Ljava/nio/file/FileTreeWalker$Event; @ 37 c2
Event: 11.573 Thread 0x0000023efe5620a0 DEOPT PACKING pc=0x0000023eade9ceb8 sp=0x000000eb6b9feeb0
Event: 11.573 Thread 0x0000023efe5620a0 DEOPT UNPACKING pc=0x0000023ead553aa2 sp=0x000000eb6b9feeb0 mode 2
Event: 11.656 Thread 0x0000023efe5620a0 Uncommon trap: trap_request=0xffffff45 fr.pc=0x0000023eadd328d4 relative=0x00000000000005f4
Event: 11.656 Thread 0x0000023efe5620a0 Uncommon trap: reason=unstable_if action=reinterpret pc=0x0000023eadd328d4 method=java.lang.String.newStringUTF8NoRepl([BIIZ)Ljava/lang/String; @ 37 c2
Event: 11.656 Thread 0x0000023efe5620a0 DEOPT PACKING pc=0x0000023eadd328d4 sp=0x000000eb6b9febd0
Event: 11.656 Thread 0x0000023efe5620a0 DEOPT UNPACKING pc=0x0000023ead553aa2 sp=0x000000eb6b9feb80 mode 2
Event: 11.742 Thread 0x0000023efe5620a0 DEOPT PACKING pc=0x0000023ea6c0cea6 sp=0x000000eb6b9fde80
Event: 11.742 Thread 0x0000023efe5620a0 DEOPT UNPACKING pc=0x0000023ead554242 sp=0x000000eb6b9fd370 mode 0
Event: 11.743 Thread 0x0000023efe5620a0 DEOPT PACKING pc=0x0000023ea6c0cea6 sp=0x000000eb6b9fde80
Event: 11.743 Thread 0x0000023efe5620a0 DEOPT UNPACKING pc=0x0000023ead554242 sp=0x000000eb6b9fd370 mode 0
Event: 11.743 Thread 0x0000023efe5620a0 DEOPT PACKING pc=0x0000023ea6c0cea6 sp=0x000000eb6b9fde80
Event: 11.743 Thread 0x0000023efe5620a0 DEOPT UNPACKING pc=0x0000023ead554242 sp=0x000000eb6b9fd370 mode 0
Event: 11.744 Thread 0x0000023efe5620a0 DEOPT PACKING pc=0x0000023ea6c0cea6 sp=0x000000eb6b9fde80
Event: 11.744 Thread 0x0000023efe5620a0 DEOPT UNPACKING pc=0x0000023ead554242 sp=0x000000eb6b9fd370 mode 0

Classes loaded (20 events):
Event: 11.523 Loading class java/util/TreeMap$TreeMapSpliterator done
Event: 11.523 Loading class java/util/TreeMap$ValueSpliterator done
Event: 11.531 Loading class java/util/concurrent/Executors$DelegatedScheduledExecutorService
Event: 11.531 Loading class java/util/concurrent/Executors$DelegatedExecutorService
Event: 11.531 Loading class java/util/concurrent/Executors$DelegatedExecutorService done
Event: 11.531 Loading class java/util/concurrent/Executors$DelegatedScheduledExecutorService done
Event: 11.556 Loading class java/util/concurrent/CompletionException
Event: 11.556 Loading class java/util/concurrent/CompletionException done
Event: 11.567 Loading class java/nio/file/FileTreeWalker$1
Event: 11.567 Loading class java/nio/file/FileTreeWalker$1 done
Event: 11.568 Loading class sun/nio/fs/Globs
Event: 11.569 Loading class sun/nio/fs/Globs done
Event: 11.569 Loading class java/util/regex/Pattern$SliceU
Event: 11.569 Loading class java/util/regex/Pattern$SliceU done
Event: 11.569 Loading class sun/nio/fs/WindowsFileSystem$2
Event: 11.569 Loading class java/nio/file/PathMatcher
Event: 11.569 Loading class java/nio/file/PathMatcher done
Event: 11.569 Loading class sun/nio/fs/WindowsFileSystem$2 done
Event: 11.696 Loading class java/lang/UnsupportedClassVersionError
Event: 11.696 Loading class java/lang/UnsupportedClassVersionError done

Classes unloaded (20 events):
Event: 6.722 Thread 0x0000023ea2f6eb90 Unloading class 0x0000023ebb1ab400 'java/lang/invoke/LambdaForm$MH+0x0000023ebb1ab400'
Event: 6.722 Thread 0x0000023ea2f6eb90 Unloading class 0x0000023ebb1ab000 'java/lang/invoke/LambdaForm$MH+0x0000023ebb1ab000'
Event: 6.722 Thread 0x0000023ea2f6eb90 Unloading class 0x0000023ebb1aac00 'java/lang/invoke/LambdaForm$MH+0x0000023ebb1aac00'
Event: 6.722 Thread 0x0000023ea2f6eb90 Unloading class 0x0000023ebb1aa800 'java/lang/invoke/LambdaForm$MH+0x0000023ebb1aa800'
Event: 6.722 Thread 0x0000023ea2f6eb90 Unloading class 0x0000023ebb1aa400 'java/lang/invoke/LambdaForm$BMH+0x0000023ebb1aa400'
Event: 6.722 Thread 0x0000023ea2f6eb90 Unloading class 0x0000023ebb1aa000 'java/lang/invoke/LambdaForm$DMH+0x0000023ebb1aa000'
Event: 6.722 Thread 0x0000023ea2f6eb90 Unloading class 0x0000023ebb1a8c00 'java/lang/invoke/LambdaForm$DMH+0x0000023ebb1a8c00'
Event: 8.110 Thread 0x0000023ea2f6eb90 Unloading class 0x0000023ebb351000 'java/lang/invoke/LambdaForm$MH+0x0000023ebb351000'
Event: 8.110 Thread 0x0000023ea2f6eb90 Unloading class 0x0000023ebb350800 'java/lang/invoke/LambdaForm$MH+0x0000023ebb350800'
Event: 8.110 Thread 0x0000023ea2f6eb90 Unloading class 0x0000023ebb34fc00 'java/lang/invoke/LambdaForm$MH+0x0000023ebb34fc00'
Event: 8.110 Thread 0x0000023ea2f6eb90 Unloading class 0x0000023ebb34f800 'java/lang/invoke/LambdaForm$DMH+0x0000023ebb34f800'
Event: 8.110 Thread 0x0000023ea2f6eb90 Unloading class 0x0000023ebb34ec00 'java/lang/invoke/LambdaForm$MH+0x0000023ebb34ec00'
Event: 8.110 Thread 0x0000023ea2f6eb90 Unloading class 0x0000023ebb34b800 'java/lang/invoke/LambdaForm$MH+0x0000023ebb34b800'
Event: 8.110 Thread 0x0000023ea2f6eb90 Unloading class 0x0000023ebb34ac00 'java/lang/invoke/LambdaForm$MH+0x0000023ebb34ac00'
Event: 8.110 Thread 0x0000023ea2f6eb90 Unloading class 0x0000023ebb34a400 'java/lang/invoke/LambdaForm$MH+0x0000023ebb34a400'
Event: 8.110 Thread 0x0000023ea2f6eb90 Unloading class 0x0000023ebb349c00 'java/lang/invoke/LambdaForm$MH+0x0000023ebb349c00'
Event: 8.110 Thread 0x0000023ea2f6eb90 Unloading class 0x0000023ebb349800 'java/lang/invoke/LambdaForm$MH+0x0000023ebb349800'
Event: 8.110 Thread 0x0000023ea2f6eb90 Unloading class 0x0000023ebb348c00 'java/lang/invoke/LambdaForm$MH+0x0000023ebb348c00'
Event: 8.110 Thread 0x0000023ea2f6eb90 Unloading class 0x0000023ebb348400 'java/lang/invoke/LambdaForm$MH+0x0000023ebb348400'
Event: 8.110 Thread 0x0000023ea2f6eb90 Unloading class 0x0000023ebb348000 'java/lang/invoke/LambdaForm$MH+0x0000023ebb348000'

Classes redefined (0 events):
No events

Internal exceptions (20 events):
Event: 11.581 Thread 0x0000023efe5620a0 Exception <a 'sun/nio/fs/WindowsException'{0x00000000d5b01fe8}> (0x00000000d5b01fe8) 
thrown [s\src\hotspot\share\prims\jni.cpp, line 520]
Event: 11.581 Thread 0x0000023efe5620a0 Exception <a 'sun/nio/fs/WindowsException'{0x00000000d5b02718}> (0x00000000d5b02718) 
thrown [s\src\hotspot\share\prims\jni.cpp, line 520]
Event: 11.584 Thread 0x0000023efe5620a0 Exception <a 'sun/nio/fs/WindowsException'{0x00000000d5b0dcb0}> (0x00000000d5b0dcb0) 
thrown [s\src\hotspot\share\prims\jni.cpp, line 520]
Event: 11.584 Thread 0x0000023efe5620a0 Exception <a 'sun/nio/fs/WindowsException'{0x00000000d5b0e3a8}> (0x00000000d5b0e3a8) 
thrown [s\src\hotspot\share\prims\jni.cpp, line 520]
Event: 11.584 Thread 0x0000023efe5620a0 Exception <a 'sun/nio/fs/WindowsException'{0x00000000d5b0eab0}> (0x00000000d5b0eab0) 
thrown [s\src\hotspot\share\prims\jni.cpp, line 520]
Event: 11.584 Thread 0x0000023efe5620a0 Exception <a 'sun/nio/fs/WindowsException'{0x00000000d5b0f1c8}> (0x00000000d5b0f1c8) 
thrown [s\src\hotspot\share\prims\jni.cpp, line 520]
Event: 11.586 Thread 0x0000023efe5620a0 Exception <a 'sun/nio/fs/WindowsException'{0x00000000d5b15990}> (0x00000000d5b15990) 
thrown [s\src\hotspot\share\prims\jni.cpp, line 520]
Event: 11.586 Thread 0x0000023efe5620a0 Exception <a 'sun/nio/fs/WindowsException'{0x00000000d5b16088}> (0x00000000d5b16088) 
thrown [s\src\hotspot\share\prims\jni.cpp, line 520]
Event: 11.586 Thread 0x0000023efe5620a0 Exception <a 'sun/nio/fs/WindowsException'{0x00000000d5b16790}> (0x00000000d5b16790) 
thrown [s\src\hotspot\share\prims\jni.cpp, line 520]
Event: 11.586 Thread 0x0000023efe5620a0 Exception <a 'sun/nio/fs/WindowsException'{0x00000000d5b16ea8}> (0x00000000d5b16ea8) 
thrown [s\src\hotspot\share\prims\jni.cpp, line 520]
Event: 11.587 Thread 0x0000023efe5620a0 Exception <a 'sun/nio/fs/WindowsException'{0x00000000d5b1fca8}> (0x00000000d5b1fca8) 
thrown [s\src\hotspot\share\prims\jni.cpp, line 520]
Event: 11.588 Thread 0x0000023efe5620a0 Exception <a 'sun/nio/fs/WindowsException'{0x00000000d5b24e18}> (0x00000000d5b24e18) 
thrown [s\src\hotspot\share\prims\jni.cpp, line 520]
Event: 11.589 Thread 0x0000023efe5620a0 Exception <a 'sun/nio/fs/WindowsException'{0x00000000d5b2a2a8}> (0x00000000d5b2a2a8) 
thrown [s\src\hotspot\share\prims\jni.cpp, line 520]
Event: 11.591 Thread 0x0000023efe5620a0 Exception <a 'sun/nio/fs/WindowsException'{0x00000000d5b31a40}> (0x00000000d5b31a40) 
thrown [s\src\hotspot\share\prims\jni.cpp, line 520]
Event: 11.592 Thread 0x0000023efe5620a0 Exception <a 'sun/nio/fs/WindowsException'{0x00000000d5b37ab8}> (0x00000000d5b37ab8) 
thrown [s\src\hotspot\share\prims\jni.cpp, line 520]
Event: 11.594 Thread 0x0000023efe5620a0 Exception <a 'sun/nio/fs/WindowsException'{0x00000000d5b405c0}> (0x00000000d5b405c0) 
thrown [s\src\hotspot\share\prims\jni.cpp, line 520]
Event: 11.595 Thread 0x0000023efe5620a0 Exception <a 'sun/nio/fs/WindowsException'{0x00000000d5b439a8}> (0x00000000d5b439a8) 
thrown [s\src\hotspot\share\prims\jni.cpp, line 520]
Event: 11.596 Thread 0x0000023efe5620a0 Exception <a 'sun/nio/fs/WindowsException'{0x00000000d5b4a9f8}> (0x00000000d5b4a9f8) 
thrown [s\src\hotspot\share\prims\jni.cpp, line 520]
Event: 11.597 Thread 0x0000023efe5620a0 Exception <a 'sun/nio/fs/WindowsException'{0x00000000d5b4ef18}> (0x00000000d5b4ef18) 
thrown [s\src\hotspot\share\prims\jni.cpp, line 520]
Event: 11.708 Thread 0x0000023efe5620a0 Exception <a 'java/lang/NoSuchMethodError'{0x00000000d618d350}: 'int java.lang.invoke.Invokers$Holder.invokeExact_MT(java.lang.Object, java.lang.Object)'> (0x00000000d618d350) 
thrown [s\src\hotspot\share\interpreter\linkResolver.cpp, line 773]

ZGC Phase Switch (0 events):
No events

VM Operations (20 events):
Event: 10.030 Executing safepoint VM operation: ParallelGCFailedAllocation (Allocation Failure)
Event: 10.033 Executing safepoint VM operation: ParallelGCFailedAllocation (Allocation Failure) done
Event: 10.317 Executing safepoint VM operation: ParallelGCFailedAllocation (Allocation Failure)
Event: 10.320 Executing safepoint VM operation: ParallelGCFailedAllocation (Allocation Failure) done
Event: 10.492 Executing safepoint VM operation: ParallelGCFailedAllocation (Allocation Failure)
Event: 10.495 Executing safepoint VM operation: ParallelGCFailedAllocation (Allocation Failure) done
Event: 10.578 Executing safepoint VM operation: ParallelGCFailedAllocation (Allocation Failure)
Event: 10.581 Executing safepoint VM operation: ParallelGCFailedAllocation (Allocation Failure) done
Event: 10.996 Executing safepoint VM operation: ParallelGCFailedAllocation (Allocation Failure)
Event: 10.999 Executing safepoint VM operation: ParallelGCFailedAllocation (Allocation Failure) done
Event: 11.058 Executing non-safepoint VM operation: HandshakeAllThreads (Deoptimize)
Event: 11.058 Executing non-safepoint VM operation: HandshakeAllThreads (Deoptimize) done
Event: 11.108 Executing non-safepoint VM operation: HandshakeAllThreads (Deoptimize)
Event: 11.109 Executing non-safepoint VM operation: HandshakeAllThreads (Deoptimize) done
Event: 11.334 Executing safepoint VM operation: ParallelGCFailedAllocation (Allocation Failure)
Event: 11.338 Executing safepoint VM operation: ParallelGCFailedAllocation (Allocation Failure) done
Event: 11.704 Executing non-safepoint VM operation: HandshakeAllThreads (Deoptimize)
Event: 11.705 Executing non-safepoint VM operation: HandshakeAllThreads (Deoptimize) done
Event: 11.749 Executing non-safepoint VM operation: HandshakeAllThreads (Deoptimize)
Event: 11.749 Executing non-safepoint VM operation: HandshakeAllThreads (Deoptimize) done

Memory protections (0 events):
No events

Nmethod flushes (20 events):
Event: 8.126 Thread 0x0000023ea2f6eb90 flushing  nmethod 0x0000023ea673a790
Event: 8.126 Thread 0x0000023ea2f6eb90 flushing  nmethod 0x0000023ea673b490
Event: 8.126 Thread 0x0000023ea2f6eb90 flushing  nmethod 0x0000023ea6744910
Event: 8.126 Thread 0x0000023ea2f6eb90 flushing  nmethod 0x0000023ea6756690
Event: 8.126 Thread 0x0000023ea2f6eb90 flushing  nmethod 0x0000023ea676cf10
Event: 8.126 Thread 0x0000023ea2f6eb90 flushing  nmethod 0x0000023ea6795b90
Event: 8.126 Thread 0x0000023ea2f6eb90 flushing  nmethod 0x0000023ea67cb890
Event: 8.126 Thread 0x0000023ea2f6eb90 flushing  nmethod 0x0000023ea67cbc90
Event: 8.126 Thread 0x0000023ea2f6eb90 flushing  nmethod 0x0000023ea67cc590
Event: 8.126 Thread 0x0000023ea2f6eb90 flushing  nmethod 0x0000023ea67cd790
Event: 8.126 Thread 0x0000023ea2f6eb90 flushing  nmethod 0x0000023ea67ce410
Event: 8.126 Thread 0x0000023ea2f6eb90 flushing  nmethod 0x0000023ea67cf510
Event: 8.126 Thread 0x0000023ea2f6eb90 flushing  nmethod 0x0000023ea67d0f10
Event: 8.126 Thread 0x0000023ea2f6eb90 flushing  nmethod 0x0000023ea67d1f10
Event: 8.126 Thread 0x0000023ea2f6eb90 flushing  nmethod 0x0000023ea67d3990
Event: 8.126 Thread 0x0000023ea2f6eb90 flushing  nmethod 0x0000023ea67d6310
Event: 8.126 Thread 0x0000023ea2f6eb90 flushing  nmethod 0x0000023ea681b990
Event: 8.126 Thread 0x0000023ea2f6eb90 flushing  nmethod 0x0000023ea681c490
Event: 8.126 Thread 0x0000023ea2f6eb90 flushing  nmethod 0x0000023ea6821890
Event: 8.126 Thread 0x0000023ea2f6eb90 flushing  nmethod 0x0000023ea6843610

Events (20 events):
Event: 9.315 Thread 0x0000023effd2c650 Thread added: 0x0000023effd2f440
Event: 10.846 Thread 0x0000023efe561380 Thread added: 0x0000023effd29ef0
Event: 11.007 Thread 0x0000023efe55f2b0 Thread added: 0x0000023effd2b2a0
Event: 11.007 Thread 0x0000023effd2b2a0 Thread added: 0x0000023effd2b930
Event: 11.008 Thread 0x0000023effd2b930 Thread added: 0x0000023effd2cce0
Event: 11.019 Thread 0x0000023efec4c550 Thread added: 0x0000023e84a1a190
Event: 11.019 Thread 0x0000023efec4c550 Thread added: 0x0000023e84a152d0
Event: 11.019 Thread 0x0000023e84a1a190 Thread added: 0x0000023e84a1a820
Event: 11.019 Thread 0x0000023e84a152d0 Thread added: 0x0000023e84a173a0
Event: 11.020 Thread 0x0000023e84a1a820 Thread added: 0x0000023e84a17a30
Event: 11.020 Thread 0x0000023efec4c550 Thread added: 0x0000023e84a15ff0
Event: 11.021 Thread 0x0000023efec4c550 Thread added: 0x0000023e84a16d10
Event: 11.097 Thread 0x0000023efec4c550 Thread added: 0x0000023e84a13890
Event: 11.358 Thread 0x0000023efec4c550 Thread added: 0x0000023e84a1aeb0
Event: 11.363 Thread 0x0000023efec4c550 Thread added: 0x0000023e84a16680
Event: 11.363 Thread 0x0000023efec4c550 Thread added: 0x0000023e84a180c0
Event: 11.405 Thread 0x0000023efec4c550 Thread added: 0x0000023e84a18750
Event: 11.410 Thread 0x0000023efec4c550 Thread added: 0x0000023e84a13f20
Event: 11.414 Thread 0x0000023efec4c550 Thread added: 0x0000023e84a145b0
Event: 11.532 Thread 0x0000023efe5620a0 Thread added: 0x0000023e84a15960


Dynamic libraries:
0x00007ff637e00000 - 0x00007ff637e0e000 	c:\Users\HP\.vscode\extensions\redhat.java-1.54.0-win32-x64\jre\21.0.10-win32-x86_64\bin\java.exe
0x00007ffabd410000 - 0x00007ffabd627000 	C:\WINDOWS\SYSTEM32\ntdll.dll
0x00007ffabbc60000 - 0x00007ffabbd24000 	C:\WINDOWS\System32\KERNEL32.DLL
0x00007ffaba9b0000 - 0x00007ffabad82000 	C:\WINDOWS\System32\KERNELBASE.dll
0x00007ffaba620000 - 0x00007ffaba731000 	C:\WINDOWS\System32\ucrtbase.dll
0x00007ffa3c2f0000 - 0x00007ffa3c308000 	c:\Users\HP\.vscode\extensions\redhat.java-1.54.0-win32-x64\jre\21.0.10-win32-x86_64\bin\jli.dll
0x00007ffa3b7c0000 - 0x00007ffa3b7de000 	c:\Users\HP\.vscode\extensions\redhat.java-1.54.0-win32-x64\jre\21.0.10-win32-x86_64\bin\VCRUNTIME140.dll
0x00007ffabb9c0000 - 0x00007ffabbb71000 	C:\WINDOWS\System32\USER32.dll
0x00007ffabae50000 - 0x00007ffabae76000 	C:\WINDOWS\System32\win32u.dll
0x00007ffabd2e0000 - 0x00007ffabd309000 	C:\WINDOWS\System32\GDI32.dll
0x00007ffaba880000 - 0x00007ffaba9a3000 	C:\WINDOWS\System32\gdi32full.dll
0x00007ffaba500000 - 0x00007ffaba59a000 	C:\WINDOWS\System32\msvcp_win.dll
0x00007ffaa4980000 - 0x00007ffaa4c1b000 	C:\WINDOWS\WinSxS\amd64_microsoft.windows.common-controls_6595b64144ccf1df_6.0.22621.5547_none_27104afb73855772\COMCTL32.dll
0x00007ffabb1d0000 - 0x00007ffabb277000 	C:\WINDOWS\System32\msvcrt.dll
0x00007ffabbda0000 - 0x00007ffabbdd1000 	C:\WINDOWS\System32\IMM32.DLL
0x00007ffaa3fa0000 - 0x00007ffaa3fac000 	c:\Users\HP\.vscode\extensions\redhat.java-1.54.0-win32-x64\jre\21.0.10-win32-x86_64\bin\vcruntime140_1.dll
0x00007ff9eedf0000 - 0x00007ff9eee7d000 	c:\Users\HP\.vscode\extensions\redhat.java-1.54.0-win32-x64\jre\21.0.10-win32-x86_64\bin\msvcp140.dll
0x00007ff9bccb0000 - 0x00007ff9bda51000 	c:\Users\HP\.vscode\extensions\redhat.java-1.54.0-win32-x64\jre\21.0.10-win32-x86_64\bin\server\jvm.dll
0x00007ffabcf40000 - 0x00007ffabcff1000 	C:\WINDOWS\System32\ADVAPI32.dll
0x00007ffabd310000 - 0x00007ffabd3b8000 	C:\WINDOWS\System32\sechost.dll
0x00007ffabb070000 - 0x00007ffabb098000 	C:\WINDOWS\System32\bcrypt.dll
0x00007ffabc080000 - 0x00007ffabc194000 	C:\WINDOWS\System32\RPCRT4.dll
0x00007ffabbfa0000 - 0x00007ffabc011000 	C:\WINDOWS\System32\WS2_32.dll
0x00007ffaba170000 - 0x00007ffaba1bd000 	C:\WINDOWS\SYSTEM32\POWRPROF.dll
0x00007ffab6570000 - 0x00007ffab65a4000 	C:\WINDOWS\SYSTEM32\WINMM.dll
0x00007ffab1e30000 - 0x00007ffab1e3a000 	C:\WINDOWS\SYSTEM32\VERSION.dll
0x00007ffaba150000 - 0x00007ffaba163000 	C:\WINDOWS\SYSTEM32\UMPDC.dll
0x00007ffab9530000 - 0x00007ffab9548000 	C:\WINDOWS\SYSTEM32\kernel.appcore.dll
0x00007ffa9fd10000 - 0x00007ffa9fd1a000 	c:\Users\HP\.vscode\extensions\redhat.java-1.54.0-win32-x64\jre\21.0.10-win32-x86_64\bin\jimage.dll
0x00007ffab2290000 - 0x00007ffab24c3000 	C:\WINDOWS\SYSTEM32\DBGHELP.DLL
0x00007ffabb450000 - 0x00007ffabb7e3000 	C:\WINDOWS\System32\combase.dll
0x00007ffabbb80000 - 0x00007ffabbc57000 	C:\WINDOWS\System32\OLEAUT32.dll
0x00007ffa9df80000 - 0x00007ffa9dfb2000 	C:\WINDOWS\SYSTEM32\dbgcore.DLL
0x00007ffaba5a0000 - 0x00007ffaba61b000 	C:\WINDOWS\System32\bcryptPrimitives.dll
0x00007ffa9f930000 - 0x00007ffa9f93f000 	c:\Users\HP\.vscode\extensions\redhat.java-1.54.0-win32-x64\jre\21.0.10-win32-x86_64\bin\instrument.dll
0x00007ffa40870000 - 0x00007ffa40890000 	c:\Users\HP\.vscode\extensions\redhat.java-1.54.0-win32-x64\jre\21.0.10-win32-x86_64\bin\java.dll
0x00007ffabc1a0000 - 0x00007ffabca42000 	C:\WINDOWS\System32\SHELL32.dll
0x00007ffaba740000 - 0x00007ffaba87f000 	C:\WINDOWS\System32\wintypes.dll
0x00007ffab83e0000 - 0x00007ffab8cfd000 	C:\WINDOWS\SYSTEM32\windows.storage.dll
0x00007ffabb0c0000 - 0x00007ffabb1cc000 	C:\WINDOWS\System32\SHCORE.dll
0x00007ffabbd30000 - 0x00007ffabbd99000 	C:\WINDOWS\System32\shlwapi.dll
0x00007ffaba430000 - 0x00007ffaba45b000 	C:\WINDOWS\SYSTEM32\profapi.dll
0x00007ffa3e380000 - 0x00007ffa3e398000 	c:\Users\HP\.vscode\extensions\redhat.java-1.54.0-win32-x64\jre\21.0.10-win32-x86_64\bin\zip.dll
0x00007ffa7ebf0000 - 0x00007ffa7ec00000 	C:\Users\HP\.vscode\extensions\redhat.java-1.54.0-win32-x64\jre\21.0.10-win32-x86_64\bin\net.dll
0x00007ffab5750000 - 0x00007ffab587c000 	C:\WINDOWS\SYSTEM32\WINHTTP.dll
0x00007ffab99b0000 - 0x00007ffab9a19000 	C:\WINDOWS\system32\mswsock.dll
0x00007ffa3b6e0000 - 0x00007ffa3b6f6000 	C:\Users\HP\.vscode\extensions\redhat.java-1.54.0-win32-x64\jre\21.0.10-win32-x86_64\bin\nio.dll
0x00007ffa7bd30000 - 0x00007ffa7bd40000 	c:\Users\HP\.vscode\extensions\redhat.java-1.54.0-win32-x64\jre\21.0.10-win32-x86_64\bin\verify.dll
0x00007ffa27370000 - 0x00007ffa273b5000 	C:\Users\HP\AppData\Roaming\Code\User\globalStorage\redhat.java\1.54.0\config_win\org.eclipse.equinox.launcher\org.eclipse.equinox.launcher.win32.win32.x86_64_1.3.0.v20260203-2149\eclipse_11919.dll
0x00007ffabbde0000 - 0x00007ffabbf80000 	C:\WINDOWS\System32\ole32.dll
0x00007ffab9c00000 - 0x00007ffab9c1b000 	C:\WINDOWS\SYSTEM32\CRYPTSP.dll
0x00007ffab9490000 - 0x00007ffab94c7000 	C:\WINDOWS\system32\rsaenh.dll
0x00007ffab9aa0000 - 0x00007ffab9ac8000 	C:\WINDOWS\SYSTEM32\USERENV.dll
0x00007ffab9c20000 - 0x00007ffab9c2c000 	C:\WINDOWS\SYSTEM32\CRYPTBASE.dll
0x00007ffab8f60000 - 0x00007ffab8f8d000 	C:\WINDOWS\SYSTEM32\IPHLPAPI.DLL
0x00007ffabbf80000 - 0x00007ffabbf89000 	C:\WINDOWS\System32\NSI.dll
0x00007ffa26550000 - 0x00007ffa26599000 	C:\Users\HP\AppData\Local\Temp\jna-2312\jna9855440545968724930.dll
0x00007ffabd3c0000 - 0x00007ffabd3c8000 	C:\WINDOWS\System32\PSAPI.DLL
0x00007ffab5ba0000 - 0x00007ffab5bb9000 	C:\WINDOWS\SYSTEM32\dhcpcsvc6.DLL
0x00007ffab5ad0000 - 0x00007ffab5aef000 	C:\WINDOWS\SYSTEM32\dhcpcsvc.DLL

JVMTI agents:
c:\Users\HP\.vscode\extensions\redhat.java-1.54.0-win32-x64\lombok\lombok-1.18.39-4050.jar path:c:\Users\HP\.vscode\extensions\redhat.java-1.54.0-win32-x64\jre\21.0.10-win32-x86_64\bin\instrument.dll, loaded, initialized, instrumentlib options:none

dbghelp: loaded successfully - version: 4.0.5 - missing functions: none
symbol engine: initialized successfully - sym options: 0x614 - pdb path: .;c:\Users\HP\.vscode\extensions\redhat.java-1.54.0-win32-x64\jre\21.0.10-win32-x86_64\bin;C:\WINDOWS\SYSTEM32;C:\WINDOWS\WinSxS\amd64_microsoft.windows.common-controls_6595b64144ccf1df_6.0.22621.5547_none_27104afb73855772;c:\Users\HP\.vscode\extensions\redhat.java-1.54.0-win32-x64\jre\21.0.10-win32-x86_64\bin\server;C:\Users\HP\AppData\Roaming\Code\User\globalStorage\redhat.java\1.54.0\config_win\org.eclipse.equinox.launcher\org.eclipse.equinox.launcher.win32.win32.x86_64_1.3.0.v20260203-2149;C:\Users\HP\AppData\Local\Temp\jna-2312

VM Arguments:
jvm_args: --add-modules=ALL-SYSTEM --add-opens=java.base/java.util=ALL-UNNAMED --add-opens=java.base/java.lang=ALL-UNNAMED --add-opens=java.base/sun.nio.fs=ALL-UNNAMED -Declipse.application=org.eclipse.jdt.ls.core.id1 -Dosgi.bundles.defaultStartLevel=4 -Declipse.product=org.eclipse.jdt.ls.core.product -Djava.import.generatesMetadataFilesAtProjectRoot=false -DDetectVMInstallationsJob.disabled=true -Dfile.encoding=utf8 -XX:+UseParallelGC -XX:GCTimeRatio=4 -XX:AdaptiveSizePolicyWeight=90 -Dsun.zip.disableMemoryMapping=true -Xmx2G -Xms100m -Xlog:disable -javaagent:c:\Users\HP\.vscode\extensions\redhat.java-1.54.0-win32-x64\lombok\lombok-1.18.39-4050.jar -XX:+HeapDumpOnOutOfMemoryError -XX:HeapDumpPath=c:\Users\HP\AppData\Roaming\Code\User\workspaceStorage\0569e7ed099d1eb141cc08dd8819ecfb\redhat.java -Daether.dependencyCollector.impl=bf 
java_command: c:\Users\HP\.vscode\extensions\redhat.java-1.54.0-win32-x64\server\plugins\org.eclipse.equinox.launcher_1.7.100.v20251111-0406.jar -configuration c:\Users\HP\AppData\Roaming\Code\User\globalStorage\redhat.java\1.54.0\config_win -data c:\Users\HP\AppData\Roaming\Code\User\workspaceStorage\0569e7ed099d1eb141cc08dd8819ecfb\redhat.java\jdt_ws --pipe=\\.\pipe\lsp-f46ee8b09dc2fd7a59dcc11c20ca6140-sock
java_class_path (initial): c:\Users\HP\.vscode\extensions\redhat.java-1.54.0-win32-x64\server\plugins\org.eclipse.equinox.launcher_1.7.100.v20251111-0406.jar
Launcher Type: SUN_STANDARD

[Global flags]
    uintx AdaptiveSizePolicyWeight                 = 90                                        {product} {command line}
     intx CICompilerCount                          = 12                                        {product} {ergonomic}
    uintx GCTimeRatio                              = 4                                         {product} {command line}
     bool HeapDumpOnOutOfMemoryError               = true                                   {manageable} {command line}
    ccstr HeapDumpPath                             = c:\Users\HP\AppData\Roaming\Code\User\workspaceStorage\0569e7ed099d1eb141cc08dd8819ecfb\redhat.java         {manageable} {command line}
   size_t InitialHeapSize                          = 104857600                                 {product} {command line}
   size_t MaxHeapSize                              = 2147483648                                {product} {command line}
   size_t MaxNewSize                               = 715653120                                 {product} {ergonomic}
   size_t MinHeapDeltaBytes                        = 524288                                    {product} {ergonomic}
   size_t MinHeapSize                              = 104857600                                 {product} {command line}
   size_t NewSize                                  = 34603008                                  {product} {ergonomic}
    uintx NonNMethodCodeHeapSize                   = 7602480                                {pd product} {ergonomic}
    uintx NonProfiledCodeHeapSize                  = 122027880                              {pd product} {ergonomic}
   size_t OldSize                                  = 70254592                                  {product} {ergonomic}
    uintx ProfiledCodeHeapSize                     = 122027880                              {pd product} {ergonomic}
    uintx ReservedCodeCacheSize                    = 251658240                              {pd product} {ergonomic}
     bool SegmentedCodeCache                       = true                                      {product} {ergonomic}
   size_t SoftMaxHeapSize                          = 2147483648                             {manageable} {ergonomic}
     bool UseCompressedOops                        = true                           {product lp64_product} {ergonomic}
     bool UseLargePagesIndividualAllocation        = false                                  {pd product} {ergonomic}
     bool UseParallelGC                            = true                                      {product} {command line}

Logging:
Log output configuration:
 #0: stdout all=off uptime,level,tags foldmultilines=false
 #1: stderr all=off uptime,level,tags foldmultilines=false

Release file:
JAVA_VERSION="21.0.10" 
MODULES="java.base java.compiler java.datatransfer java.xml java.prefs java.desktop java.instrument java.logging java.management java.security.sasl java.naming java.rmi java.management.rmi java.net.http java.scripting java.security.jgss java.transaction.xa java.sql java.sql.rowset java.xml.crypto java.se java.smartcardio jdk.accessibility jdk.internal.jvmstat jdk.attach jdk.charsets jdk.internal.opt jdk.zipfs jdk.compiler jdk.crypto.ec jdk.crypto.cryptoki jdk.crypto.mscapi jdk.dynalink jdk.internal.ed jdk.editpad jdk.hotspot.agent jdk.httpserver jdk.internal.le jdk.internal.vm.ci jdk.internal.vm.compiler jdk.internal.vm.compiler.management jdk.jartool jdk.javadoc jdk.jcmd jdk.management jdk.management.agent jdk.jconsole jdk.jdeps jdk.jdwp.agent jdk.jdi jdk.jfr jdk.jshell jdk.jsobject jdk.jstatd jdk.localedata jdk.management.jfr jdk.naming.dns jdk.naming.rmi jdk.net jdk.nio.mapmode jdk.random jdk.sctp jdk.security.auth jdk.security.jgss jdk.unsupported jdk.unsupported.desktop jdk.xml.dom" 

Environment Variables:
PATH=C:\Program Files\Common Files\Oracle\Java\javapath;D:\oracle\dbhomeXE\bin;C:\WINDOWS\system32;C:\WINDOWS;C:\WINDOWS\System32\Wbem;C:\WINDOWS\System32\WindowsPowerShell\v1.0\;C:\WINDOWS\System32\OpenSSH\;C:\Program Files\dotnet\;C:\MinGW\bin;C:\Program Files\Git\cmd;C:\Program Files\PuTTY\;C:\Users\HP\AppData\Local\Programs\Python\Python313\Scripts\;C:\Users\HP\AppData\Local\Programs\Python\Python313\;C:\Users\HP\AppData\Local\Programs\Python\Launcher\;C:\Users\HP\AppData\Local\Microsoft\WindowsApps;;C:\Users\HP\AppData\Local\Programs\Microsoft VS Code\bin;D:\Python\PyCharm 2025.2.1.1\bin
USERNAME=HP
OS=Windows_NT
PROCESSOR_IDENTIFIER=AMD64 Family 23 Model 104 Stepping 1, AuthenticAMD
TMP=C:\Users\HP\AppData\Local\Temp
TEMP=C:\Users\HP\AppData\Local\Temp




Periodic native trim disabled

---------------  S Y S T E M  ---------------

OS:
 Windows 11 , 64 bit Build 22621 (10.0.22621.5415)
OS uptime: 1 days 18:05 hours
Hyper-V role detected

CPU: total 16 (initial active 16) (16 cores per cpu, 2 threads per core) family 23 model 104 stepping 1 microcode 0x0, cx8, cmov, fxsr, ht, mmx, 3dnowpref, sse, sse2, sse3, ssse3, sse4a, sse4.1, sse4.2, popcnt, lzcnt, tsc, tscinvbit, avx, avx2, aes, clmul, bmi1, bmi2, adx, sha, fma, vzeroupper, clflush, clflushopt, hv, rdtscp, rdpid, f16c
Processor Information for the first 16 processors :
  Max Mhz: 1801, Current Mhz: 1801, Mhz Limit: 1801

Memory: 4k page, system-wide physical 7501M (455M free)
TotalPageFile size 21092M (AvailPageFile size 5M)
current process WorkingSet (physical memory assigned to process): 259M, peak: 261M
current process commit charge ("private bytes"): 378M, peak: 379M

vm_info: OpenJDK 64-Bit Server VM (21.0.10+7-LTS) for windows-amd64 JRE (21.0.10+7-LTS), built on 2026-01-20T00:00:00Z by "admin" with MS VC++ 17.12 (VS2022)

END.
