#
# There is insufficient memory for the Java Runtime Environment to continue.
# Native memory allocation (malloc) failed to allocate 1103888 bytes. Error detail: Chunk::new
# Possible reasons:
#   The system is out of physical RAM or swap space
#   This process is running with CompressedOops enabled, and the Java Heap may be blocking the growth of the native heap
# Possible solutions:
#   Reduce memory load on the system
#   Increase physical memory or swap space
#   Check if swap backing store is full
#   Decrease Java heap size (-Xmx/-Xms)
#   Decrease number of Java threads
#   Decrease Java thread stack sizes (-Xss)
#   Set larger code cache with -XX:ReservedCodeCacheSize=
#   JVM is running with Unscaled Compressed Oops mode in which the Java heap is
#     placed in the first 4GB address space. The Java Heap base address is the
#     maximum limit for the native heap growth. Please use -XX:HeapBaseMinAddress
#     to set the Java Heap base and to place the Java Heap above 4GB virtual address.
# This output file may be truncated or incomplete.
#
#  Out of Memory Error (arena.cpp:168), pid=10328, tid=8696
#
# JRE version: OpenJDK Runtime Environment Temurin-21.0.10+7 (21.0.10+7) (build 21.0.10+7-LTS)
# Java VM: OpenJDK 64-Bit Server VM Temurin-21.0.10+7 (21.0.10+7-LTS, mixed mode, sharing, tiered, compressed oops, compressed class ptrs, parallel gc, windows-amd64)
# No core dump will be written. Minidumps are not enabled by default on client versions of Windows
#

---------------  S U M M A R Y ------------

Command Line: --add-modules=ALL-SYSTEM --add-opens=java.base/java.util=ALL-UNNAMED --add-opens=java.base/java.lang=ALL-UNNAMED --add-opens=java.base/sun.nio.fs=ALL-UNNAMED -Declipse.application=org.eclipse.jdt.ls.core.id1 -Dosgi.bundles.defaultStartLevel=4 -Declipse.product=org.eclipse.jdt.ls.core.product -Djava.import.generatesMetadataFilesAtProjectRoot=false -DDetectVMInstallationsJob.disabled=true -Dfile.encoding=utf8 -XX:+UseParallelGC -XX:GCTimeRatio=4 -XX:AdaptiveSizePolicyWeight=90 -Dsun.zip.disableMemoryMapping=true -Xmx2G -Xms100m -Xlog:disable -javaagent:c:\Users\HP\.vscode\extensions\redhat.java-1.54.0-win32-x64\lombok\lombok-1.18.39-4050.jar -XX:+HeapDumpOnOutOfMemoryError -XX:HeapDumpPath=c:\Users\HP\AppData\Roaming\Code\User\workspaceStorage\0569e7ed099d1eb141cc08dd8819ecfb\redhat.java -Daether.dependencyCollector.impl=bf c:\Users\HP\.vscode\extensions\redhat.java-1.54.0-win32-x64\server\plugins\org.eclipse.equinox.launcher_1.7.100.v20251111-0406.jar -configuration c:\Users\HP\AppData\Roaming\Code\User\globalStorage\redhat.java\1.54.0\config_win -data c:\Users\HP\AppData\Roaming\Code\User\workspaceStorage\0569e7ed099d1eb141cc08dd8819ecfb\redhat.java\jdt_ws --pipe=\\.\pipe\lsp-56703cab6cc24f9b5e64335d64bd717c-sock

Host: AMD Ryzen 7 5700U with Radeon Graphics         , 16 cores, 7G,  Windows 11 , 64 bit Build 22621 (10.0.22621.5415)
Time: Mon Jun  8 19:46:36 2026 SE Asia Standard Time elapsed time: 43.086897 seconds (0d 0h 0m 43s)

---------------  T H R E A D  ---------------

Current thread (0x000001c26aef3830):  JavaThread "C2 CompilerThread1" daemon [_thread_in_native, id=8696, stack(0x0000000d46900000,0x0000000d46a00000) (1024K)]


Current CompileTask:
C2:43087 8090       4       org.eclipse.osgi.internal.loader.ModuleClassLoader::toString (80 bytes)

Stack: [0x0000000d46900000,0x0000000d46a00000]
Native frames: (J=compiled Java code, j=interpreted, Vv=VM code, C=native code)
V  [jvm.dll+0x6d7a39]
V  [jvm.dll+0x8b4b26]
V  [jvm.dll+0x8b70de]
V  [jvm.dll+0x8b77c3]
V  [jvm.dll+0x284346]
V  [jvm.dll+0xc66ed]
V  [jvm.dll+0xc6c31]
V  [jvm.dll+0x3bec3b]
V  [jvm.dll+0x38b162]
V  [jvm.dll+0x38a5aa]
V  [jvm.dll+0x24c560]
V  [jvm.dll+0x24bb40]
V  [jvm.dll+0x1cb34e]
V  [jvm.dll+0x25b85d]
V  [jvm.dll+0x259dea]
V  [jvm.dll+0x3f857e]
V  [jvm.dll+0x85f59d]
V  [jvm.dll+0x6d626d]
C  [ucrtbase.dll+0x29333]
C  [KERNEL32.DLL+0x1259d]
C  [ntdll.dll+0x5af78]


---------------  P R O C E S S  ---------------

Threads class SMR info:
_java_thread_list=0x000001c26b789460, length=67, elements={
0x000001c24bcce290, 0x000001c263d241e0, 0x000001c263d27a00, 0x000001c263d2afa0,
0x000001c263d2c140, 0x000001c263d2e950, 0x000001c263d33180, 0x000001c263d348a0,
0x000001c263d43fe0, 0x000001c263f96420, 0x000001c26409b9f0, 0x000001c265a24ec0,
0x000001c2657ed080, 0x000001c263ddf0e0, 0x000001c26406eca0, 0x000001c26a0f9780,
0x000001c2657bdf30, 0x000001c2657be9f0, 0x000001c265900740, 0x000001c263fb2d90,
0x000001c2659d9fa0, 0x000001c2659dacc0, 0x000001c2659d9910, 0x000001c2659d7ed0,
0x000001c26aef3830, 0x000001c2659da630, 0x000001c2659d7840, 0x000001c2659d8560,
0x000001c2659d8bf0, 0x000001c26c509f40, 0x000001c26c50da50, 0x000001c26c509220,
0x000001c26c50d3c0, 0x000001c26c50ac60, 0x000001c26c50b2f0, 0x000001c26c50e0e0,
0x000001c26c50b980, 0x000001c26c50ee00, 0x000001c26c508b90, 0x000001c26c50c6a0,
0x000001c26c50e770, 0x000001c26c50c010, 0x000001c26c508500, 0x000001c26c5098b0,
0x000001c26c507e70, 0x000001c26c50cd30, 0x000001c26c50f490, 0x000001c26c50a5d0,
0x000001c26b9c4e10, 0x000001c26b9c5b30, 0x000001c26b9c61c0, 0x000001c26b9c6850,
0x000001c26b9c40f0, 0x000001c26b9c4780, 0x000001c26b9c33d0, 0x000001c26b9c3a60,
0x000001c26b9c7c00, 0x000001c26b9c6ee0, 0x000001c26b9c54a0, 0x000001c26b9c7570,
0x000001c26b9c8920, 0x000001c26b9c8fb0, 0x000001c26b9c9640, 0x000001c26b9c9cd0,
0x000001c26b9ca360, 0x000001c26d18c080, 0x000001c26d18c710
}

Java Threads: ( => current thread )
  0x000001c24bcce290 JavaThread "main"                              [_thread_blocked, id=17744, stack(0x0000000d44500000,0x0000000d44600000) (1024K)]
  0x000001c263d241e0 JavaThread "Reference Handler"          daemon [_thread_blocked, id=22568, stack(0x0000000d44900000,0x0000000d44a00000) (1024K)]
  0x000001c263d27a00 JavaThread "Finalizer"                  daemon [_thread_blocked, id=18896, stack(0x0000000d44a00000,0x0000000d44b00000) (1024K)]
  0x000001c263d2afa0 JavaThread "Signal Dispatcher"          daemon [_thread_blocked, id=8564, stack(0x0000000d44b00000,0x0000000d44c00000) (1024K)]
  0x000001c263d2c140 JavaThread "Attach Listener"            daemon [_thread_blocked, id=30032, stack(0x0000000d44c00000,0x0000000d44d00000) (1024K)]
  0x000001c263d2e950 JavaThread "Service Thread"             daemon [_thread_blocked, id=30528, stack(0x0000000d44d00000,0x0000000d44e00000) (1024K)]
  0x000001c263d33180 JavaThread "Monitor Deflation Thread"   daemon [_thread_blocked, id=16440, stack(0x0000000d44e00000,0x0000000d44f00000) (1024K)]
  0x000001c263d348a0 JavaThread "C2 CompilerThread0"         daemon [_thread_in_native, id=17672, stack(0x0000000d44f00000,0x0000000d45000000) (1024K)]
  0x000001c263d43fe0 JavaThread "C1 CompilerThread0"         daemon [_thread_blocked, id=31000, stack(0x0000000d45000000,0x0000000d45100000) (1024K)]
  0x000001c263f96420 JavaThread "Common-Cleaner"             daemon [_thread_blocked, id=30244, stack(0x0000000d45300000,0x0000000d45400000) (1024K)]
  0x000001c26409b9f0 JavaThread "Notification Thread"        daemon [_thread_blocked, id=15640, stack(0x0000000d45400000,0x0000000d45500000) (1024K)]
  0x000001c265a24ec0 JavaThread "Active Thread: Equinox Container: 572cd709-9e90-4d73-bc40-2ec22d2739f3"        [_thread_blocked, id=28088, stack(0x0000000d45b00000,0x0000000d45c00000) (1024K)]
  0x000001c2657ed080 JavaThread "Refresh Thread: Equinox Container: 572cd709-9e90-4d73-bc40-2ec22d2739f3" daemon [_thread_blocked, id=17936, stack(0x0000000d45100000,0x0000000d45200000) (1024K)]
  0x000001c263ddf0e0 JavaThread "Framework Event Dispatcher: Equinox Container: 572cd709-9e90-4d73-bc40-2ec22d2739f3" daemon [_thread_blocked, id=13524, stack(0x0000000d45d00000,0x0000000d45e00000) (1024K)]
  0x000001c26406eca0 JavaThread "Start Level: Equinox Container: 572cd709-9e90-4d73-bc40-2ec22d2739f3" daemon [_thread_blocked, id=19572, stack(0x0000000d45e00000,0x0000000d45f00000) (1024K)]
  0x000001c26a0f9780 JavaThread "Bundle File Closer"         daemon [_thread_blocked, id=1772, stack(0x0000000d46300000,0x0000000d46400000) (1024K)]
  0x000001c2657bdf30 JavaThread "C1 CompilerThread1"         daemon [_thread_blocked, id=15260, stack(0x0000000d46100000,0x0000000d46200000) (1024K)]
  0x000001c2657be9f0 JavaThread "C1 CompilerThread2"         daemon [_thread_blocked, id=23336, stack(0x0000000d46200000,0x0000000d46300000) (1024K)]
  0x000001c265900740 JavaThread "SCR Component Actor"        daemon [_thread_blocked, id=18544, stack(0x0000000d46600000,0x0000000d46700000) (1024K)]
  0x000001c263fb2d90 JavaThread "Worker-JM"                         [_thread_blocked, id=21176, stack(0x0000000d46700000,0x0000000d46800000) (1024K)]
  0x000001c2659d9fa0 JavaThread "JNA Cleaner"                daemon [_thread_blocked, id=10252, stack(0x0000000d46800000,0x0000000d46900000) (1024K)]
  0x000001c2659dacc0 JavaThread "Worker-0"                          [_thread_blocked, id=19408, stack(0x0000000d46a00000,0x0000000d46b00000) (1024K)]
  0x000001c2659d9910 JavaThread "Worker-1"                          [_thread_blocked, id=25028, stack(0x0000000d46b00000,0x0000000d46c00000) (1024K)]
  0x000001c2659d7ed0 JavaThread "Worker-2: Loading available Gradle versions"        [_thread_in_native, id=23508, stack(0x0000000d46c00000,0x0000000d46d00000) (1024K)]
=>0x000001c26aef3830 JavaThread "C2 CompilerThread1"         daemon [_thread_in_native, id=8696, stack(0x0000000d46900000,0x0000000d46a00000) (1024K)]
  0x000001c2659da630 JavaThread "Worker-3: Initialize Workspace"        [_thread_in_vm, id=2892, stack(0x0000000d46d00000,0x0000000d46e00000) (1024K)]
  0x000001c2659d7840 JavaThread "Java indexing"              daemon [_thread_blocked, id=26128, stack(0x0000000d46e00000,0x0000000d46f00000) (1024K)]
  0x000001c2659d8560 JavaThread "Worker-4"                          [_thread_blocked, id=13672, stack(0x0000000d46f00000,0x0000000d47000000) (1024K)]
  0x000001c2659d8bf0 JavaThread "Worker-5"                          [_thread_blocked, id=12824, stack(0x0000000d47000000,0x0000000d47100000) (1024K)]
  0x000001c26c509f40 JavaThread "Worker-6"                          [_thread_blocked, id=10124, stack(0x0000000d47100000,0x0000000d47200000) (1024K)]
  0x000001c26c50da50 JavaThread "Thread-1"                   daemon [_thread_in_native, id=19384, stack(0x0000000d47200000,0x0000000d47300000) (1024K)]
  0x000001c26c509220 JavaThread "Thread-2"                   daemon [_thread_in_native, id=6012, stack(0x0000000d47300000,0x0000000d47400000) (1024K)]
  0x000001c26c50d3c0 JavaThread "Thread-3"                   daemon [_thread_in_native, id=22816, stack(0x0000000d47400000,0x0000000d47500000) (1024K)]
  0x000001c26c50ac60 JavaThread "Thread-4"                   daemon [_thread_in_native, id=14752, stack(0x0000000d47500000,0x0000000d47600000) (1024K)]
  0x000001c26c50b2f0 JavaThread "Thread-5"                   daemon [_thread_in_native, id=31248, stack(0x0000000d47600000,0x0000000d47700000) (1024K)]
  0x000001c26c50e0e0 JavaThread "Thread-6"                   daemon [_thread_in_native, id=21024, stack(0x0000000d47700000,0x0000000d47800000) (1024K)]
  0x000001c26c50b980 JavaThread "Thread-7"                   daemon [_thread_in_native, id=16328, stack(0x0000000d47800000,0x0000000d47900000) (1024K)]
  0x000001c26c50ee00 JavaThread "Thread-8"                   daemon [_thread_in_native, id=22060, stack(0x0000000d47900000,0x0000000d47a00000) (1024K)]
  0x000001c26c508b90 JavaThread "Thread-9"                   daemon [_thread_in_native, id=21228, stack(0x0000000d47a00000,0x0000000d47b00000) (1024K)]
  0x000001c26c50c6a0 JavaThread "Thread-10"                  daemon [_thread_in_native, id=30832, stack(0x0000000d47b00000,0x0000000d47c00000) (1024K)]
  0x000001c26c50e770 JavaThread "Thread-11"                  daemon [_thread_in_native, id=19068, stack(0x0000000d47c00000,0x0000000d47d00000) (1024K)]
  0x000001c26c50c010 JavaThread "Thread-12"                  daemon [_thread_in_native, id=31268, stack(0x0000000d47d00000,0x0000000d47e00000) (1024K)]
  0x000001c26c508500 JavaThread "Thread-13"                  daemon [_thread_in_native, id=13444, stack(0x0000000d47e00000,0x0000000d47f00000) (1024K)]
  0x000001c26c5098b0 JavaThread "Thread-14"                  daemon [_thread_in_native, id=19208, stack(0x0000000d47f00000,0x0000000d48000000) (1024K)]
  0x000001c26c507e70 JavaThread "Thread-15"                  daemon [_thread_in_native, id=8924, stack(0x0000000d48000000,0x0000000d48100000) (1024K)]
  0x000001c26c50cd30 JavaThread "Thread-16"                  daemon [_thread_in_native, id=9048, stack(0x0000000d48100000,0x0000000d48200000) (1024K)]
  0x000001c26c50f490 JavaThread "Thread-17"                  daemon [_thread_in_native, id=3884, stack(0x0000000d48200000,0x0000000d48300000) (1024K)]
  0x000001c26c50a5d0 JavaThread "pool-2-thread-1"                   [_thread_blocked, id=17264, stack(0x0000000d48300000,0x0000000d48400000) (1024K)]
  0x000001c26b9c4e10 JavaThread "WorkspaceEventsHandler"            [_thread_blocked, id=27324, stack(0x0000000d48400000,0x0000000d48500000) (1024K)]
  0x000001c26b9c5b30 JavaThread "pool-1-thread-1"                   [_thread_blocked, id=22640, stack(0x0000000d48500000,0x0000000d48600000) (1024K)]
  0x000001c26b9c61c0 JavaThread "Compiler Source File Reader" daemon [_thread_blocked, id=30016, stack(0x0000000d48700000,0x0000000d48800000) (1024K)]
  0x000001c26b9c6850 JavaThread "Compiler Source File Reader" daemon [_thread_blocked, id=26308, stack(0x0000000d48800000,0x0000000d48900000) (1024K)]
  0x000001c26b9c40f0 JavaThread "Compiler Source File Reader" daemon [_thread_blocked, id=30536, stack(0x0000000d48900000,0x0000000d48a00000) (1024K)]
  0x000001c26b9c4780 JavaThread "Compiler Source File Reader" daemon [_thread_blocked, id=11716, stack(0x0000000d48a00000,0x0000000d48b00000) (1024K)]
  0x000001c26b9c33d0 JavaThread "Compiler Source File Reader" daemon [_thread_blocked, id=18508, stack(0x0000000d48b00000,0x0000000d48c00000) (1024K)]
  0x000001c26b9c3a60 JavaThread "Compiler Source File Reader" daemon [_thread_blocked, id=25572, stack(0x0000000d48c00000,0x0000000d48d00000) (1024K)]
  0x000001c26b9c7c00 JavaThread "Compiler Source File Reader" daemon [_thread_blocked, id=14140, stack(0x0000000d48d00000,0x0000000d48e00000) (1024K)]
  0x000001c26b9c6ee0 JavaThread "Worker-7"                          [_thread_blocked, id=11828, stack(0x0000000d48e00000,0x0000000d48f00000) (1024K)]
  0x000001c26b9c54a0 JavaThread "Compiler Source File Reader" daemon [_thread_blocked, id=15304, stack(0x0000000d48f00000,0x0000000d49000000) (1024K)]
  0x000001c26b9c7570 JavaThread "Compiler Source File Reader" daemon [_thread_blocked, id=11808, stack(0x0000000d49000000,0x0000000d49100000) (1024K)]
  0x000001c26b9c8920 JavaThread "Compiler Source File Reader" daemon [_thread_blocked, id=21332, stack(0x0000000d49100000,0x0000000d49200000) (1024K)]
  0x000001c26b9c8fb0 JavaThread "Compiler Source File Reader" daemon [_thread_blocked, id=19812, stack(0x0000000d49200000,0x0000000d49300000) (1024K)]
  0x000001c26b9c9640 JavaThread "Compiler Source File Reader" daemon [_thread_blocked, id=29300, stack(0x0000000d49300000,0x0000000d49400000) (1024K)]
  0x000001c26b9c9cd0 JavaThread "Compiler Source File Reader" daemon [_thread_blocked, id=22068, stack(0x0000000d49400000,0x0000000d49500000) (1024K)]
  0x000001c26b9ca360 JavaThread "Compiler Source File Reader" daemon [_thread_blocked, id=22276, stack(0x0000000d49500000,0x0000000d49600000) (1024K)]
  0x000001c26d18c080 JavaThread "Compiler Processing Task"   daemon [_thread_blocked, id=16144, stack(0x0000000d49600000,0x0000000d49700000) (1024K)]
  0x000001c26d18c710 JavaThread "ProjectImportProgressReporter" daemon [_thread_blocked, id=10708, stack(0x0000000d49700000,0x0000000d49800000) (1024K)]
Total: 67

Other Threads:
  0x000001c24bd8e810 VMThread "VM Thread"                           [id=12708, stack(0x0000000d44800000,0x0000000d44900000) (1024K)]
  0x000001c26265ca10 WatcherThread "VM Periodic Task Thread"        [id=30112, stack(0x0000000d44700000,0x0000000d44800000) (1024K)]
  0x000001c24bcee710 WorkerThread "GC Thread#0"                     [id=7480, stack(0x0000000d44600000,0x0000000d44700000) (1024K)]
  0x000001c2640a5d30 WorkerThread "GC Thread#1"                     [id=13224, stack(0x0000000d45500000,0x0000000d45600000) (1024K)]
  0x000001c265553d10 WorkerThread "GC Thread#2"                     [id=8552, stack(0x0000000d45600000,0x0000000d45700000) (1024K)]
  0x000001c26560a010 WorkerThread "GC Thread#3"                     [id=16056, stack(0x0000000d45700000,0x0000000d45800000) (1024K)]
  0x000001c26560a3c0 WorkerThread "GC Thread#4"                     [id=20916, stack(0x0000000d45800000,0x0000000d45900000) (1024K)]
  0x000001c265648870 WorkerThread "GC Thread#5"                     [id=24264, stack(0x0000000d45900000,0x0000000d45a00000) (1024K)]
  0x000001c265649030 WorkerThread "GC Thread#6"                     [id=31120, stack(0x0000000d45a00000,0x0000000d45b00000) (1024K)]
  0x000001c265816a80 WorkerThread "GC Thread#7"                     [id=20400, stack(0x0000000d45c00000,0x0000000d45d00000) (1024K)]
  0x000001c2656d9bf0 WorkerThread "GC Thread#8"                     [id=19988, stack(0x0000000d45200000,0x0000000d45300000) (1024K)]
  0x000001c263fdaed0 WorkerThread "GC Thread#9"                     [id=11020, stack(0x0000000d45f00000,0x0000000d46000000) (1024K)]
  0x000001c263dac560 WorkerThread "GC Thread#10"                    [id=10344, stack(0x0000000d46000000,0x0000000d46100000) (1024K)]
  0x000001c26a1862c0 WorkerThread "GC Thread#11"                    [id=26444, stack(0x0000000d46400000,0x0000000d46500000) (1024K)]
  0x000001c26a186670 WorkerThread "GC Thread#12"                    [id=2984, stack(0x0000000d46500000,0x0000000d46600000) (1024K)]
Total: 15

Threads with active compile tasks:
C2 CompilerThread0  43131 8441   !   4       java.nio.file.FileTreeWalker::next (144 bytes)
C2 CompilerThread1  43131 8090       4       org.eclipse.osgi.internal.loader.ModuleClassLoader::toString (80 bytes)
Total: 2

VM state: not at safepoint (normal execution)

VM Mutex/Monitor currently owned by a thread: None

OutOfMemory and StackOverflow Exception counts:
OutOfMemoryError java_heap_errors=1
LinkageErrors=107

Heap address: 0x0000000080000000, size: 2048 MB, Compressed Oops mode: 32-bit

CDS archive(s) mapped at: [0x000001c200000000-0x000001c200ba0000-0x000001c200ba0000), size 12189696, SharedBaseAddress: 0x000001c200000000, ArchiveRelocationMode: 1.
Compressed class space mapped at: 0x000001c201000000-0x000001c241000000, reserved size: 1073741824
Narrow klass base: 0x000001c200000000, Narrow klass shift: 0, Narrow klass range: 0x100000000

GC Precious Log:
 CardTable entry size: 512
 CPUs: 16 total, 16 available
 Memory: 7501M
 Large Page Support: Disabled
 NUMA Support: Disabled
 Compressed Oops: Enabled (32-bit)
 Alignments: Space 512K, Generation 512K, Heap 2M
 Heap Min Capacity: 100M
 Heap Initial Capacity: 100M
 Heap Max Capacity: 2G
 Pre-touch: Disabled
 Parallel Workers: 13

Heap:
 PSYoungGen      total 20992K, used 5086K [0x00000000d5580000, 0x00000000d6c80000, 0x0000000100000000)
  eden space 19968K, 20% used [0x00000000d5580000,0x00000000d597b420,0x00000000d6900000)
  from space 1024K, 98% used [0x00000000d6b80000,0x00000000d6c7c7d0,0x00000000d6c80000)
  to   space 1536K, 0% used [0x00000000d6980000,0x00000000d6980000,0x00000000d6b00000)
 ParOldGen       total 68608K, used 39224K [0x0000000080000000, 0x0000000084300000, 0x00000000d5580000)
  object space 68608K, 57% used [0x0000000080000000,0x000000008264e0a8,0x0000000084300000)
 Metaspace       used 60879K, committed 62144K, reserved 1114112K
  class space    used 6565K, committed 7168K, reserved 1048576K

Card table byte_map: [0x000001c24b680000,0x000001c24ba90000] _byte_map_base: 0x000001c24b280000

Marking Bits: (ParMarkBitMap*) 0x00007ff9bcc43450
 Begin Bits: [0x000001c25e180000, 0x000001c260180000)
 End Bits:   [0x000001c260180000, 0x000001c262180000)

Polling page: 0x000001c249cc0000

Metaspace:

Usage:
  Non-class:     53.04 MB used.
      Class:      6.41 MB used.
       Both:     59.45 MB used.

Virtual space:
  Non-class space:       64.00 MB reserved,      53.69 MB ( 84%) committed,  1 nodes.
      Class space:        1.00 GB reserved,       7.00 MB ( <1%) committed,  1 nodes.
             Both:        1.06 GB reserved,      60.69 MB (  6%) committed. 

Chunk freelists:
   Non-Class:  10.25 MB
       Class:  9.03 MB
        Both:  19.28 MB

MaxMetaspaceSize: unlimited
CompressedClassSpaceSize: 1.00 GB
Initial GC threshold: 21.00 MB
Current GC threshold: 97.31 MB
CDS: on
 - commit_granule_bytes: 65536.
 - commit_granule_words: 8192.
 - virtual_space_node_default_size: 8388608.
 - enlarge_chunks_in_place: 1.
 - use_allocation_guard: 0.


Internal statistics:

num_allocs_failed_limit: 9.
num_arena_births: 932.
num_arena_deaths: 40.
num_vsnodes_births: 2.
num_vsnodes_deaths: 0.
num_space_committed: 971.
num_space_uncommitted: 0.
num_chunks_returned_to_freelist: 59.
num_chunks_taken_from_freelist: 3623.
num_chunk_merges: 11.
num_chunk_splits: 2142.
num_chunks_enlarged: 1137.
num_inconsistent_stats: 0.

CodeHeap 'non-profiled nmethods': size=119168Kb used=3103Kb max_used=3103Kb free=116064Kb
 bounds [0x000001c256a70000, 0x000001c256d80000, 0x000001c25ded0000]
CodeHeap 'profiled nmethods': size=119104Kb used=16558Kb max_used=16558Kb free=102545Kb
 bounds [0x000001c24eed0000, 0x000001c24ff00000, 0x000001c256320000]
CodeHeap 'non-nmethods': size=7488Kb used=2583Kb max_used=2626Kb free=4904Kb
 bounds [0x000001c256320000, 0x000001c2565c0000, 0x000001c256a70000]
CodeCache: size=245760Kb, used=22244Kb, max_used=22287Kb, free=223513Kb
 total_blobs=8552, nmethods=7781, adapters=675, full_count=0
Compilation: enabled, stopped_count=0, restarted_count=0

Compilation events (20 events):
Event: 43.078 Thread 0x000001c2657be9f0 8545       3       org.eclipse.core.runtime.Path::computeHashCode (47 bytes)
Event: 43.078 Thread 0x000001c2657bdf30 8547       3       org.eclipse.jdt.internal.core.JarEntryResource::<init> (10 bytes)
Event: 43.079 Thread 0x000001c2657bdf30 nmethod 8547 0x000001c24fee1d90 code [0x000001c24fee1f40, 0x000001c24fee2128]
Event: 43.079 Thread 0x000001c2657be9f0 nmethod 8545 0x000001c24fee2210 code [0x000001c24fee23e0, 0x000001c24fee2680]
Event: 43.079 Thread 0x000001c2657bdf30 8548       3       org.eclipse.jdt.internal.core.JarEntryFile::<init> (6 bytes)
Event: 43.079 Thread 0x000001c263d43fe0 nmethod 8543 0x000001c24fee2810 code [0x000001c24fee2aa0, 0x000001c24fee38a0]
Event: 43.079 Thread 0x000001c2657bdf30 nmethod 8548 0x000001c24fee3f10 code [0x000001c24fee40c0, 0x000001c24fee4300]
Event: 43.080 Thread 0x000001c263d43fe0 8549       3       org.eclipse.jdt.ls.core.internal.managers.ProjectsManager$$Lambda/0x000001c2016eee98::test (12 bytes)
Event: 43.080 Thread 0x000001c2657be9f0 8550   !   3       org.eclipse.jdt.ls.core.internal.managers.ProjectsManager::lambda$2 (41 bytes)
Event: 43.080 Thread 0x000001c2657bdf30 8551       3       org.eclipse.jdt.internal.core.PackageFragmentInfo::containsJavaResources (12 bytes)
Event: 43.081 Thread 0x000001c2657bdf30 nmethod 8551 0x000001c24fee4410 code [0x000001c24fee45c0, 0x000001c24fee4738]
Event: 43.081 Thread 0x000001c263d43fe0 nmethod 8549 0x000001c24fee4810 code [0x000001c24fee49c0, 0x000001c24fee4c10]
Event: 43.081 Thread 0x000001c2657bdf30 8552       3       org.eclipse.jdt.internal.core.JarPackageFragment::containsJavaResources (11 bytes)
Event: 43.081 Thread 0x000001c263d43fe0 8553       3       org.eclipse.jdt.internal.core.JavaModelCache::peekAtInfo (156 bytes)
Event: 43.081 Thread 0x000001c2657be9f0 nmethod 8550 0x000001c24fee4d10 code [0x000001c24fee4f40, 0x000001c24fee57d8]
Event: 43.081 Thread 0x000001c2657bdf30 nmethod 8552 0x000001c24fee5b90 code [0x000001c24fee5d80, 0x000001c24fee62f8]
Event: 43.081 Thread 0x000001c2657be9f0 8554   !   3       org.eclipse.jdt.internal.core.JavaModelManager::closeChildren (96 bytes)
Event: 43.081 Thread 0x000001c2657bdf30 8555       3       org.eclipse.jdt.internal.core.util.LRUCache::peek (23 bytes)
Event: 43.082 Thread 0x000001c2657bdf30 nmethod 8555 0x000001c24fee6490 code [0x000001c24fee6660, 0x000001c24fee6990]
Event: 43.082 Thread 0x000001c2657bdf30 8556       3       org.eclipse.jdt.internal.core.JarPackageFragment::createElementInfo (5 bytes)

GC Heap History (20 events):
Event: 40.569 GC heap before
{Heap before GC invocations=28 (full 2):
 PSYoungGen      total 22016K, used 21581K [0x00000000d5580000, 0x00000000d6d00000, 0x0000000100000000)
  eden space 19968K, 99% used [0x00000000d5580000,0x00000000d68fc998,0x00000000d6900000)
  from space 2048K, 79% used [0x00000000d6900000,0x00000000d6a96b38,0x00000000d6b00000)
  to   space 2048K, 0% used [0x00000000d6b00000,0x00000000d6b00000,0x00000000d6d00000)
 ParOldGen       total 68608K, used 39766K [0x0000000080000000, 0x0000000084300000, 0x00000000d5580000)
  object space 68608K, 57% used [0x0000000080000000,0x00000000826d5bf0,0x0000000084300000)
 Metaspace       used 48098K, committed 49344K, reserved 1114112K
  class space    used 5140K, committed 5696K, reserved 1048576K
}
Event: 40.572 GC heap after
{Heap after GC invocations=28 (full 2):
 PSYoungGen      total 20992K, used 853K [0x00000000d5580000, 0x00000000d6c00000, 0x0000000100000000)
  eden space 19968K, 0% used [0x00000000d5580000,0x00000000d5580000,0x00000000d6900000)
  from space 1024K, 83% used [0x00000000d6b00000,0x00000000d6bd57f0,0x00000000d6c00000)
  to   space 1536K, 0% used [0x00000000d6900000,0x00000000d6900000,0x00000000d6a80000)
 ParOldGen       total 68608K, used 41116K [0x0000000080000000, 0x0000000084300000, 0x00000000d5580000)
  object space 68608K, 59% used [0x0000000080000000,0x00000000828270d0,0x0000000084300000)
 Metaspace       used 48098K, committed 49344K, reserved 1114112K
  class space    used 5140K, committed 5696K, reserved 1048576K
}
Event: 40.950 GC heap before
{Heap before GC invocations=29 (full 2):
 PSYoungGen      total 20992K, used 20821K [0x00000000d5580000, 0x00000000d6c00000, 0x0000000100000000)
  eden space 19968K, 100% used [0x00000000d5580000,0x00000000d6900000,0x00000000d6900000)
  from space 1024K, 83% used [0x00000000d6b00000,0x00000000d6bd57f0,0x00000000d6c00000)
  to   space 1536K, 0% used [0x00000000d6900000,0x00000000d6900000,0x00000000d6a80000)
 ParOldGen       total 68608K, used 41116K [0x0000000080000000, 0x0000000084300000, 0x00000000d5580000)
  object space 68608K, 59% used [0x0000000080000000,0x00000000828270d0,0x0000000084300000)
 Metaspace       used 50231K, committed 51584K, reserved 1114112K
  class space    used 5415K, committed 6016K, reserved 1048576K
}
Event: 40.953 GC heap after
{Heap after GC invocations=29 (full 2):
 PSYoungGen      total 21504K, used 1335K [0x00000000d5580000, 0x00000000d6c00000, 0x0000000100000000)
  eden space 19968K, 0% used [0x00000000d5580000,0x00000000d5580000,0x00000000d6900000)
  from space 1536K, 86% used [0x00000000d6900000,0x00000000d6a4ded0,0x00000000d6a80000)
  to   space 1536K, 0% used [0x00000000d6a80000,0x00000000d6a80000,0x00000000d6c00000)
 ParOldGen       total 68608K, used 41743K [0x0000000080000000, 0x0000000084300000, 0x00000000d5580000)
  object space 68608K, 60% used [0x0000000080000000,0x00000000828c3cf0,0x0000000084300000)
 Metaspace       used 50231K, committed 51584K, reserved 1114112K
  class space    used 5415K, committed 6016K, reserved 1048576K
}
Event: 41.194 GC heap before
{Heap before GC invocations=30 (full 2):
 PSYoungGen      total 21504K, used 21303K [0x00000000d5580000, 0x00000000d6c00000, 0x0000000100000000)
  eden space 19968K, 100% used [0x00000000d5580000,0x00000000d6900000,0x00000000d6900000)
  from space 1536K, 86% used [0x00000000d6900000,0x00000000d6a4ded0,0x00000000d6a80000)
  to   space 1536K, 0% used [0x00000000d6a80000,0x00000000d6a80000,0x00000000d6c00000)
 ParOldGen       total 68608K, used 41743K [0x0000000080000000, 0x0000000084300000, 0x00000000d5580000)
  object space 68608K, 60% used [0x0000000080000000,0x00000000828c3cf0,0x0000000084300000)
 Metaspace       used 51567K, committed 52864K, reserved 1114112K
  class space    used 5598K, committed 6208K, reserved 1048576K
}
Event: 41.196 GC heap after
{Heap after GC invocations=30 (full 2):
 PSYoungGen      total 21504K, used 896K [0x00000000d5580000, 0x00000000d6c00000, 0x0000000100000000)
  eden space 19968K, 0% used [0x00000000d5580000,0x00000000d5580000,0x00000000d6900000)
  from space 1536K, 58% used [0x00000000d6a80000,0x00000000d6b60000,0x00000000d6c00000)
  to   space 1536K, 0% used [0x00000000d6900000,0x00000000d6900000,0x00000000d6a80000)
 ParOldGen       total 68608K, used 42831K [0x0000000080000000, 0x0000000084300000, 0x00000000d5580000)
  object space 68608K, 62% used [0x0000000080000000,0x00000000829d3c28,0x0000000084300000)
 Metaspace       used 51567K, committed 52864K, reserved 1114112K
  class space    used 5598K, committed 6208K, reserved 1048576K
}
Event: 41.561 GC heap before
{Heap before GC invocations=31 (full 2):
 PSYoungGen      total 21504K, used 20839K [0x00000000d5580000, 0x00000000d6c00000, 0x0000000100000000)
  eden space 19968K, 99% used [0x00000000d5580000,0x00000000d68f9f90,0x00000000d6900000)
  from space 1536K, 58% used [0x00000000d6a80000,0x00000000d6b60000,0x00000000d6c00000)
  to   space 1536K, 0% used [0x00000000d6900000,0x00000000d6900000,0x00000000d6a80000)
 ParOldGen       total 68608K, used 42831K [0x0000000080000000, 0x0000000084300000, 0x00000000d5580000)
  object space 68608K, 62% used [0x0000000080000000,0x00000000829d3c28,0x0000000084300000)
 Metaspace       used 53686K, committed 54912K, reserved 1114112K
  class space    used 5867K, committed 6464K, reserved 1048576K
}
Event: 41.564 GC heap after
{Heap after GC invocations=31 (full 2):
 PSYoungGen      total 21504K, used 1040K [0x00000000d5580000, 0x00000000d6c00000, 0x0000000100000000)
  eden space 19968K, 0% used [0x00000000d5580000,0x00000000d5580000,0x00000000d6900000)
  from space 1536K, 67% used [0x00000000d6900000,0x00000000d6a04010,0x00000000d6a80000)
  to   space 1536K, 0% used [0x00000000d6a80000,0x00000000d6a80000,0x00000000d6c00000)
 ParOldGen       total 68608K, used 43539K [0x0000000080000000, 0x0000000084300000, 0x00000000d5580000)
  object space 68608K, 63% used [0x0000000080000000,0x0000000082a84c38,0x0000000084300000)
 Metaspace       used 53686K, committed 54912K, reserved 1114112K
  class space    used 5867K, committed 6464K, reserved 1048576K
}
Event: 41.935 GC heap before
{Heap before GC invocations=32 (full 2):
 PSYoungGen      total 21504K, used 20944K [0x00000000d5580000, 0x00000000d6c00000, 0x0000000100000000)
  eden space 19968K, 99% used [0x00000000d5580000,0x00000000d68f0020,0x00000000d6900000)
  from space 1536K, 67% used [0x00000000d6900000,0x00000000d6a04010,0x00000000d6a80000)
  to   space 1536K, 0% used [0x00000000d6a80000,0x00000000d6a80000,0x00000000d6c00000)
 ParOldGen       total 68608K, used 43539K [0x0000000080000000, 0x0000000084300000, 0x00000000d5580000)
  object space 68608K, 63% used [0x0000000080000000,0x0000000082a84c38,0x0000000084300000)
 Metaspace       used 55292K, committed 56576K, reserved 1114112K
  class space    used 6041K, committed 6656K, reserved 1048576K
}
Event: 41.938 GC heap after
{Heap after GC invocations=32 (full 2):
 PSYoungGen      total 20992K, used 955K [0x00000000d5580000, 0x00000000d6b80000, 0x0000000100000000)
  eden space 19968K, 0% used [0x00000000d5580000,0x00000000d5580000,0x00000000d6900000)
  from space 1024K, 93% used [0x00000000d6a80000,0x00000000d6b6ee28,0x00000000d6b80000)
  to   space 1024K, 0% used [0x00000000d6980000,0x00000000d6980000,0x00000000d6a80000)
 ParOldGen       total 68608K, used 44295K [0x0000000080000000, 0x0000000084300000, 0x00000000d5580000)
  object space 68608K, 64% used [0x0000000080000000,0x0000000082b41c88,0x0000000084300000)
 Metaspace       used 55292K, committed 56576K, reserved 1114112K
  class space    used 6041K, committed 6656K, reserved 1048576K
}
Event: 42.139 GC heap before
{Heap before GC invocations=33 (full 2):
 PSYoungGen      total 20992K, used 20923K [0x00000000d5580000, 0x00000000d6b80000, 0x0000000100000000)
  eden space 19968K, 99% used [0x00000000d5580000,0x00000000d68ffff8,0x00000000d6900000)
  from space 1024K, 93% used [0x00000000d6a80000,0x00000000d6b6ee28,0x00000000d6b80000)
  to   space 1024K, 0% used [0x00000000d6980000,0x00000000d6980000,0x00000000d6a80000)
 ParOldGen       total 68608K, used 44295K [0x0000000080000000, 0x0000000084300000, 0x00000000d5580000)
  object space 68608K, 64% used [0x0000000080000000,0x0000000082b41c88,0x0000000084300000)
 Metaspace       used 56108K, committed 57408K, reserved 1114112K
  class space    used 6091K, committed 6720K, reserved 1048576K
}
Event: 42.143 GC heap after
{Heap after GC invocations=33 (full 2):
 PSYoungGen      total 20992K, used 997K [0x00000000d5580000, 0x00000000d6f00000, 0x0000000100000000)
  eden space 19968K, 0% used [0x00000000d5580000,0x00000000d5580000,0x00000000d6900000)
  from space 1024K, 97% used [0x00000000d6980000,0x00000000d6a79420,0x00000000d6a80000)
  to   space 3072K, 0% used [0x00000000d6c00000,0x00000000d6c00000,0x00000000d6f00000)
 ParOldGen       total 68608K, used 45819K [0x0000000080000000, 0x0000000084300000, 0x00000000d5580000)
  object space 68608K, 66% used [0x0000000080000000,0x0000000082cbee38,0x0000000084300000)
 Metaspace       used 56108K, committed 57408K, reserved 1114112K
  class space    used 6091K, committed 6720K, reserved 1048576K
}
Event: 42.258 GC heap before
{Heap before GC invocations=34 (full 2):
 PSYoungGen      total 20992K, used 20965K [0x00000000d5580000, 0x00000000d6f00000, 0x0000000100000000)
  eden space 19968K, 100% used [0x00000000d5580000,0x00000000d6900000,0x00000000d6900000)
  from space 1024K, 97% used [0x00000000d6980000,0x00000000d6a79420,0x00000000d6a80000)
  to   space 3072K, 0% used [0x00000000d6c00000,0x00000000d6c00000,0x00000000d6f00000)
 ParOldGen       total 68608K, used 45819K [0x0000000080000000, 0x0000000084300000, 0x00000000d5580000)
  object space 68608K, 66% used [0x0000000080000000,0x0000000082cbee38,0x0000000084300000)
 Metaspace       used 56372K, committed 57664K, reserved 1114112K
  class space    used 6102K, committed 6720K, reserved 1048576K
}
Event: 42.260 GC heap after
{Heap after GC invocations=34 (full 2):
 PSYoungGen      total 20480K, used 511K [0x00000000d5580000, 0x00000000d6c80000, 0x0000000100000000)
  eden space 19968K, 0% used [0x00000000d5580000,0x00000000d5580000,0x00000000d6900000)
  from space 512K, 99% used [0x00000000d6c00000,0x00000000d6c7ff10,0x00000000d6c80000)
  to   space 1536K, 0% used [0x00000000d6980000,0x00000000d6980000,0x00000000d6b00000)
 ParOldGen       total 68608K, used 46079K [0x0000000080000000, 0x0000000084300000, 0x00000000d5580000)
  object space 68608K, 67% used [0x0000000080000000,0x0000000082cffee8,0x0000000084300000)
 Metaspace       used 56372K, committed 57664K, reserved 1114112K
  class space    used 6102K, committed 6720K, reserved 1048576K
}
Event: 42.503 GC heap before
{Heap before GC invocations=35 (full 2):
 PSYoungGen      total 20480K, used 14294K [0x00000000d5580000, 0x00000000d6c80000, 0x0000000100000000)
  eden space 19968K, 69% used [0x00000000d5580000,0x00000000d62f5940,0x00000000d6900000)
  from space 512K, 99% used [0x00000000d6c00000,0x00000000d6c7ff10,0x00000000d6c80000)
  to   space 1536K, 0% used [0x00000000d6980000,0x00000000d6980000,0x00000000d6b00000)
 ParOldGen       total 68608K, used 46079K [0x0000000080000000, 0x0000000084300000, 0x00000000d5580000)
  object space 68608K, 67% used [0x0000000080000000,0x0000000082cffee8,0x0000000084300000)
 Metaspace       used 58515K, committed 59776K, reserved 1114112K
  class space    used 6319K, committed 6912K, reserved 1048576K
}
Event: 42.505 GC heap after
{Heap after GC invocations=35 (full 2):
 PSYoungGen      total 21504K, used 928K [0x00000000d5580000, 0x00000000d6c80000, 0x0000000100000000)
  eden space 19968K, 0% used [0x00000000d5580000,0x00000000d5580000,0x00000000d6900000)
  from space 1536K, 60% used [0x00000000d6980000,0x00000000d6a68040,0x00000000d6b00000)
  to   space 1024K, 0% used [0x00000000d6b80000,0x00000000d6b80000,0x00000000d6c80000)
 ParOldGen       total 68608K, used 46263K [0x0000000080000000, 0x0000000084300000, 0x00000000d5580000)
  object space 68608K, 67% used [0x0000000080000000,0x0000000082d2ddf8,0x0000000084300000)
 Metaspace       used 58515K, committed 59776K, reserved 1114112K
  class space    used 6319K, committed 6912K, reserved 1048576K
}
Event: 42.506 GC heap before
{Heap before GC invocations=36 (full 3):
 PSYoungGen      total 21504K, used 928K [0x00000000d5580000, 0x00000000d6c80000, 0x0000000100000000)
  eden space 19968K, 0% used [0x00000000d5580000,0x00000000d5580000,0x00000000d6900000)
  from space 1536K, 60% used [0x00000000d6980000,0x00000000d6a68040,0x00000000d6b00000)
  to   space 1024K, 0% used [0x00000000d6b80000,0x00000000d6b80000,0x00000000d6c80000)
 ParOldGen       total 68608K, used 46263K [0x0000000080000000, 0x0000000084300000, 0x00000000d5580000)
  object space 68608K, 67% used [0x0000000080000000,0x0000000082d2ddf8,0x0000000084300000)
 Metaspace       used 58515K, committed 59776K, reserved 1114112K
  class space    used 6319K, committed 6912K, reserved 1048576K
}
Event: 42.601 GC heap after
{Heap after GC invocations=36 (full 3):
 PSYoungGen      total 21504K, used 0K [0x00000000d5580000, 0x00000000d6c80000, 0x0000000100000000)
  eden space 19968K, 0% used [0x00000000d5580000,0x00000000d5580000,0x00000000d6900000)
  from space 1536K, 0% used [0x00000000d6980000,0x00000000d6980000,0x00000000d6b00000)
  to   space 1024K, 0% used [0x00000000d6b80000,0x00000000d6b80000,0x00000000d6c80000)
 ParOldGen       total 68608K, used 38427K [0x0000000080000000, 0x0000000084300000, 0x00000000d5580000)
  object space 68608K, 56% used [0x0000000080000000,0x0000000082586fc8,0x0000000084300000)
 Metaspace       used 58515K, committed 59776K, reserved 1114112K
  class space    used 6319K, committed 6912K, reserved 1048576K
}
Event: 43.069 GC heap before
{Heap before GC invocations=37 (full 3):
 PSYoungGen      total 21504K, used 19595K [0x00000000d5580000, 0x00000000d6c80000, 0x0000000100000000)
  eden space 19968K, 98% used [0x00000000d5580000,0x00000000d68a2d50,0x00000000d6900000)
  from space 1536K, 0% used [0x00000000d6980000,0x00000000d6980000,0x00000000d6b00000)
  to   space 1024K, 0% used [0x00000000d6b80000,0x00000000d6b80000,0x00000000d6c80000)
 ParOldGen       total 68608K, used 38427K [0x0000000080000000, 0x0000000084300000, 0x00000000d5580000)
  object space 68608K, 56% used [0x0000000080000000,0x0000000082586fc8,0x0000000084300000)
 Metaspace       used 60570K, committed 61824K, reserved 1114112K
  class space    used 6545K, committed 7104K, reserved 1048576K
}
Event: 43.071 GC heap after
{Heap after GC invocations=37 (full 3):
 PSYoungGen      total 20992K, used 1009K [0x00000000d5580000, 0x00000000d6c80000, 0x0000000100000000)
  eden space 19968K, 0% used [0x00000000d5580000,0x00000000d5580000,0x00000000d6900000)
  from space 1024K, 98% used [0x00000000d6b80000,0x00000000d6c7c7d0,0x00000000d6c80000)
  to   space 1536K, 0% used [0x00000000d6980000,0x00000000d6980000,0x00000000d6b00000)
 ParOldGen       total 68608K, used 39224K [0x0000000080000000, 0x0000000084300000, 0x00000000d5580000)
  object space 68608K, 57% used [0x0000000080000000,0x000000008264e0a8,0x0000000084300000)
 Metaspace       used 60570K, committed 61824K, reserved 1114112K
  class space    used 6545K, committed 7104K, reserved 1048576K
}

Dll operation events (12 events):
Event: 0.021 Loaded shared library c:\Users\HP\.vscode\extensions\redhat.java-1.54.0-win32-x64\jre\21.0.10-win32-x86_64\bin\java.dll
Event: 0.141 Loaded shared library c:\Users\HP\.vscode\extensions\redhat.java-1.54.0-win32-x64\jre\21.0.10-win32-x86_64\bin\zip.dll
Event: 0.183 Loaded shared library C:\Users\HP\.vscode\extensions\redhat.java-1.54.0-win32-x64\jre\21.0.10-win32-x86_64\bin\instrument.dll
Event: 0.354 Loaded shared library C:\Users\HP\.vscode\extensions\redhat.java-1.54.0-win32-x64\jre\21.0.10-win32-x86_64\bin\net.dll
Event: 0.529 Loaded shared library C:\Users\HP\.vscode\extensions\redhat.java-1.54.0-win32-x64\jre\21.0.10-win32-x86_64\bin\nio.dll
Event: 0.536 Loaded shared library C:\Users\HP\.vscode\extensions\redhat.java-1.54.0-win32-x64\jre\21.0.10-win32-x86_64\bin\zip.dll
Event: 0.567 Loaded shared library C:\Users\HP\.vscode\extensions\redhat.java-1.54.0-win32-x64\jre\21.0.10-win32-x86_64\bin\jimage.dll
Event: 0.821 Loaded shared library c:\Users\HP\.vscode\extensions\redhat.java-1.54.0-win32-x64\jre\21.0.10-win32-x86_64\bin\verify.dll
Event: 17.742 Loaded shared library C:\Users\HP\AppData\Roaming\Code\User\globalStorage\redhat.java\1.54.0\config_win\org.eclipse.equinox.launcher\org.eclipse.equinox.launcher.win32.win32.x86_64_1.3.0.v20260203-2149\eclipse_11919.dll
Event: 36.563 Loaded shared library C:\Users\HP\AppData\Local\Temp\jna-2312\jna9605308521964595075.dll
Event: 39.748 Loaded shared library C:\Users\HP\.vscode\extensions\redhat.java-1.54.0-win32-x64\jre\21.0.10-win32-x86_64\bin\sunmscapi.dll
Event: 40.159 Loaded shared library C:\Users\HP\.vscode\extensions\redhat.java-1.54.0-win32-x64\jre\21.0.10-win32-x86_64\bin\extnet.dll

Deoptimization events (20 events):
Event: 43.002 Thread 0x000001c2659da630 Uncommon trap: trap_request=0xffffff45 fr.pc=0x000001c256cb636c relative=0x000000000000112c
Event: 43.002 Thread 0x000001c2659da630 Uncommon trap: reason=unstable_if action=reinterpret pc=0x000001c256cb636c method=java.nio.file.FileTreeWalker.getAttributes(Ljava/nio/file/Path;Z)Ljava/nio/file/attribute/BasicFileAttributes; @ 8 c2
Event: 43.002 Thread 0x000001c2659da630 DEOPT PACKING pc=0x000001c256cb636c sp=0x0000000d46dff040
Event: 43.002 Thread 0x000001c2659da630 DEOPT UNPACKING pc=0x000001c256373aa2 sp=0x0000000d46dfefc0 mode 2
Event: 43.004 Thread 0x000001c2659da630 Uncommon trap: trap_request=0xffffffde fr.pc=0x000001c256ca5734 relative=0x0000000000001434
Event: 43.004 Thread 0x000001c2659da630 Uncommon trap: reason=class_check action=maybe_recompile pc=0x000001c256ca5734 method=java.nio.file.FileTreeWalker.next()Ljava/nio/file/FileTreeWalker$Event; @ 37 c2
Event: 43.004 Thread 0x000001c2659da630 DEOPT PACKING pc=0x000001c256ca5734 sp=0x0000000d46dff0e0
Event: 43.004 Thread 0x000001c2659da630 DEOPT UNPACKING pc=0x000001c256373aa2 sp=0x0000000d46dff0e0 mode 2
Event: 43.004 Thread 0x000001c2659da630 Uncommon trap: trap_request=0xffffff45 fr.pc=0x000001c256cba3cc relative=0x000000000000036c
Event: 43.004 Thread 0x000001c2659da630 Uncommon trap: reason=unstable_if action=reinterpret pc=0x000001c256cba3cc method=java.nio.file.FileTreeWalker.getAttributes(Ljava/nio/file/Path;Z)Ljava/nio/file/attribute/BasicFileAttributes; @ 8 c2
Event: 43.004 Thread 0x000001c2659da630 DEOPT PACKING pc=0x000001c256cba3cc sp=0x0000000d46dff020
Event: 43.004 Thread 0x000001c2659da630 DEOPT UNPACKING pc=0x000001c256373aa2 sp=0x0000000d46dfefc0 mode 2
Event: 43.004 Thread 0x000001c2659da630 Uncommon trap: trap_request=0xffffffde fr.pc=0x000001c256ca5734 relative=0x0000000000001434
Event: 43.004 Thread 0x000001c2659da630 Uncommon trap: reason=class_check action=maybe_recompile pc=0x000001c256ca5734 method=java.nio.file.FileTreeWalker.next()Ljava/nio/file/FileTreeWalker$Event; @ 37 c2
Event: 43.004 Thread 0x000001c2659da630 DEOPT PACKING pc=0x000001c256ca5734 sp=0x0000000d46dff0e0
Event: 43.004 Thread 0x000001c2659da630 DEOPT UNPACKING pc=0x000001c256373aa2 sp=0x0000000d46dff0e0 mode 2
Event: 43.004 Thread 0x000001c2659da630 Uncommon trap: trap_request=0xffffffde fr.pc=0x000001c256ca5734 relative=0x0000000000001434
Event: 43.004 Thread 0x000001c2659da630 Uncommon trap: reason=class_check action=maybe_recompile pc=0x000001c256ca5734 method=java.nio.file.FileTreeWalker.next()Ljava/nio/file/FileTreeWalker$Event; @ 37 c2
Event: 43.004 Thread 0x000001c2659da630 DEOPT PACKING pc=0x000001c256ca5734 sp=0x0000000d46dff0e0
Event: 43.004 Thread 0x000001c2659da630 DEOPT UNPACKING pc=0x000001c256373aa2 sp=0x0000000d46dff0e0 mode 2

Classes loaded (20 events):
Event: 42.879 Loading class java/lang/Throwable$WrappedPrintWriter
Event: 42.879 Loading class java/lang/Throwable$PrintStreamOrWriter
Event: 42.879 Loading class java/lang/Throwable$PrintStreamOrWriter done
Event: 42.879 Loading class java/lang/Throwable$WrappedPrintWriter done
Event: 42.881 Loading class java/lang/Throwable$WrappedPrintStream
Event: 42.881 Loading class java/lang/Throwable$WrappedPrintStream done
Event: 42.923 Loading class java/util/regex/Pattern$LineEnding
Event: 42.923 Loading class java/util/regex/Pattern$LineEnding done
Event: 42.951 Loading class java/util/TreeMap$ValueSpliterator
Event: 42.951 Loading class java/util/TreeMap$TreeMapSpliterator
Event: 42.952 Loading class java/util/TreeMap$TreeMapSpliterator done
Event: 42.952 Loading class java/util/TreeMap$ValueSpliterator done
Event: 42.963 Loading class java/util/concurrent/Executors$DelegatedScheduledExecutorService
Event: 42.964 Loading class java/util/concurrent/Executors$DelegatedExecutorService
Event: 42.964 Loading class java/util/concurrent/Executors$DelegatedExecutorService done
Event: 42.964 Loading class java/util/concurrent/Executors$DelegatedScheduledExecutorService done
Event: 42.992 Loading class java/util/concurrent/CompletionException
Event: 42.993 Loading class java/util/concurrent/CompletionException done
Event: 43.000 Loading class java/nio/file/FileTreeWalker$1
Event: 43.000 Loading class java/nio/file/FileTreeWalker$1 done

Classes unloaded (20 events):
Event: 37.422 Thread 0x000001c24bd8e810 Unloading class 0x000001c2011a4800 'java/lang/invoke/LambdaForm$MH+0x000001c2011a4800'
Event: 37.422 Thread 0x000001c24bd8e810 Unloading class 0x000001c2011a4400 'java/lang/invoke/LambdaForm$MH+0x000001c2011a4400'
Event: 37.422 Thread 0x000001c24bd8e810 Unloading class 0x000001c2011a4000 'java/lang/invoke/LambdaForm$MH+0x000001c2011a4000'
Event: 37.422 Thread 0x000001c24bd8e810 Unloading class 0x000001c2011a3c00 'java/lang/invoke/LambdaForm$MH+0x000001c2011a3c00'
Event: 37.422 Thread 0x000001c24bd8e810 Unloading class 0x000001c2011a3800 'java/lang/invoke/LambdaForm$BMH+0x000001c2011a3800'
Event: 37.422 Thread 0x000001c24bd8e810 Unloading class 0x000001c2011a3400 'java/lang/invoke/LambdaForm$DMH+0x000001c2011a3400'
Event: 37.422 Thread 0x000001c24bd8e810 Unloading class 0x000001c2011a2000 'java/lang/invoke/LambdaForm$DMH+0x000001c2011a2000'
Event: 39.088 Thread 0x000001c24bd8e810 Unloading class 0x000001c201323c00 'java/lang/invoke/LambdaForm$MH+0x000001c201323c00'
Event: 39.088 Thread 0x000001c24bd8e810 Unloading class 0x000001c201323000 'java/lang/invoke/LambdaForm$MH+0x000001c201323000'
Event: 39.088 Thread 0x000001c24bd8e810 Unloading class 0x000001c201322800 'java/lang/invoke/LambdaForm$MH+0x000001c201322800'
Event: 39.088 Thread 0x000001c24bd8e810 Unloading class 0x000001c201322000 'java/lang/invoke/LambdaForm$MH+0x000001c201322000'
Event: 39.088 Thread 0x000001c24bd8e810 Unloading class 0x000001c201321c00 'java/lang/invoke/LambdaForm$DMH+0x000001c201321c00'
Event: 39.088 Thread 0x000001c24bd8e810 Unloading class 0x000001c201321000 'java/lang/invoke/LambdaForm$MH+0x000001c201321000'
Event: 39.088 Thread 0x000001c24bd8e810 Unloading class 0x000001c201319800 'java/lang/invoke/LambdaForm$MH+0x000001c201319800'
Event: 39.088 Thread 0x000001c24bd8e810 Unloading class 0x000001c201319000 'java/lang/invoke/LambdaForm$MH+0x000001c201319000'
Event: 39.088 Thread 0x000001c24bd8e810 Unloading class 0x000001c201318800 'java/lang/invoke/LambdaForm$MH+0x000001c201318800'
Event: 39.088 Thread 0x000001c24bd8e810 Unloading class 0x000001c201318000 'java/lang/invoke/LambdaForm$MH+0x000001c201318000'
Event: 39.088 Thread 0x000001c24bd8e810 Unloading class 0x000001c201313c00 'java/lang/invoke/LambdaForm$MH+0x000001c201313c00'
Event: 39.088 Thread 0x000001c24bd8e810 Unloading class 0x000001c201313400 'java/lang/invoke/LambdaForm$MH+0x000001c201313400'
Event: 39.088 Thread 0x000001c24bd8e810 Unloading class 0x000001c201312c00 'java/lang/invoke/LambdaForm$MH+0x000001c201312c00'

Classes redefined (0 events):
No events

Internal exceptions (20 events):
Event: 43.012 Thread 0x000001c2659da630 Exception <a 'sun/nio/fs/WindowsException'{0x00000000d6728b60}> (0x00000000d6728b60) 
thrown [s\src\hotspot\share\prims\jni.cpp, line 520]
Event: 43.012 Thread 0x000001c2659da630 Exception <a 'sun/nio/fs/WindowsException'{0x00000000d6729280}> (0x00000000d6729280) 
thrown [s\src\hotspot\share\prims\jni.cpp, line 520]
Event: 43.012 Thread 0x000001c2659da630 Exception <a 'sun/nio/fs/WindowsException'{0x00000000d67299b0}> (0x00000000d67299b0) 
thrown [s\src\hotspot\share\prims\jni.cpp, line 520]
Event: 43.013 Thread 0x000001c2659da630 Exception <a 'sun/nio/fs/WindowsException'{0x00000000d67341d0}> (0x00000000d67341d0) 
thrown [s\src\hotspot\share\prims\jni.cpp, line 520]
Event: 43.013 Thread 0x000001c2659da630 Exception <a 'sun/nio/fs/WindowsException'{0x00000000d67348c8}> (0x00000000d67348c8) 
thrown [s\src\hotspot\share\prims\jni.cpp, line 520]
Event: 43.013 Thread 0x000001c2659da630 Exception <a 'sun/nio/fs/WindowsException'{0x00000000d6734fd0}> (0x00000000d6734fd0) 
thrown [s\src\hotspot\share\prims\jni.cpp, line 520]
Event: 43.014 Thread 0x000001c2659da630 Exception <a 'sun/nio/fs/WindowsException'{0x00000000d67356e8}> (0x00000000d67356e8) 
thrown [s\src\hotspot\share\prims\jni.cpp, line 520]
Event: 43.014 Thread 0x000001c2659da630 Exception <a 'sun/nio/fs/WindowsException'{0x00000000d673b250}> (0x00000000d673b250) 
thrown [s\src\hotspot\share\prims\jni.cpp, line 520]
Event: 43.015 Thread 0x000001c2659da630 Exception <a 'sun/nio/fs/WindowsException'{0x00000000d673b948}> (0x00000000d673b948) 
thrown [s\src\hotspot\share\prims\jni.cpp, line 520]
Event: 43.015 Thread 0x000001c2659da630 Exception <a 'sun/nio/fs/WindowsException'{0x00000000d673c050}> (0x00000000d673c050) 
thrown [s\src\hotspot\share\prims\jni.cpp, line 520]
Event: 43.015 Thread 0x000001c2659da630 Exception <a 'sun/nio/fs/WindowsException'{0x00000000d673c768}> (0x00000000d673c768) 
thrown [s\src\hotspot\share\prims\jni.cpp, line 520]
Event: 43.017 Thread 0x000001c2659da630 Exception <a 'sun/nio/fs/WindowsException'{0x00000000d6745330}> (0x00000000d6745330) 
thrown [s\src\hotspot\share\prims\jni.cpp, line 520]
Event: 43.018 Thread 0x000001c2659da630 Exception <a 'sun/nio/fs/WindowsException'{0x00000000d674a308}> (0x00000000d674a308) 
thrown [s\src\hotspot\share\prims\jni.cpp, line 520]
Event: 43.020 Thread 0x000001c2659da630 Exception <a 'sun/nio/fs/WindowsException'{0x00000000d674f4c0}> (0x00000000d674f4c0) 
thrown [s\src\hotspot\share\prims\jni.cpp, line 520]
Event: 43.021 Thread 0x000001c2659da630 Exception <a 'sun/nio/fs/WindowsException'{0x00000000d67548a8}> (0x00000000d67548a8) 
thrown [s\src\hotspot\share\prims\jni.cpp, line 520]
Event: 43.022 Thread 0x000001c2659da630 Exception <a 'sun/nio/fs/WindowsException'{0x00000000d6759d80}> (0x00000000d6759d80) 
thrown [s\src\hotspot\share\prims\jni.cpp, line 520]
Event: 43.025 Thread 0x000001c2659da630 Exception <a 'sun/nio/fs/WindowsException'{0x00000000d6762960}> (0x00000000d6762960) 
thrown [s\src\hotspot\share\prims\jni.cpp, line 520]
Event: 43.026 Thread 0x000001c2659da630 Exception <a 'sun/nio/fs/WindowsException'{0x00000000d6765cc0}> (0x00000000d6765cc0) 
thrown [s\src\hotspot\share\prims\jni.cpp, line 520]
Event: 43.027 Thread 0x000001c2659da630 Exception <a 'sun/nio/fs/WindowsException'{0x00000000d676bf48}> (0x00000000d676bf48) 
thrown [s\src\hotspot\share\prims\jni.cpp, line 520]
Event: 43.028 Thread 0x000001c2659da630 Exception <a 'sun/nio/fs/WindowsException'{0x00000000d676f868}> (0x00000000d676f868) 
thrown [s\src\hotspot\share\prims\jni.cpp, line 520]

ZGC Phase Switch (0 events):
No events

VM Operations (20 events):
Event: 41.493 Executing non-safepoint VM operation: HandshakeAllThreads (Deoptimize)
Event: 41.494 Executing non-safepoint VM operation: HandshakeAllThreads (Deoptimize) done
Event: 41.561 Executing safepoint VM operation: ParallelGCFailedAllocation (Allocation Failure)
Event: 41.564 Executing safepoint VM operation: ParallelGCFailedAllocation (Allocation Failure) done
Event: 41.935 Executing safepoint VM operation: ParallelGCFailedAllocation (Allocation Failure)
Event: 41.938 Executing safepoint VM operation: ParallelGCFailedAllocation (Allocation Failure) done
Event: 42.139 Executing safepoint VM operation: ParallelGCFailedAllocation (Allocation Failure)
Event: 42.143 Executing safepoint VM operation: ParallelGCFailedAllocation (Allocation Failure) done
Event: 42.257 Executing non-safepoint VM operation: HandshakeAllThreads (Deoptimize)
Event: 42.258 Executing non-safepoint VM operation: HandshakeAllThreads (Deoptimize) done
Event: 42.258 Executing safepoint VM operation: ParallelGCFailedAllocation (Allocation Failure)
Event: 42.261 Executing safepoint VM operation: ParallelGCFailedAllocation (Allocation Failure) done
Event: 42.419 Executing non-safepoint VM operation: HandshakeAllThreads (Deoptimize)
Event: 42.419 Executing non-safepoint VM operation: HandshakeAllThreads (Deoptimize) done
Event: 42.480 Executing non-safepoint VM operation: HandshakeAllThreads (Deoptimize)
Event: 42.481 Executing non-safepoint VM operation: HandshakeAllThreads (Deoptimize) done
Event: 42.503 Executing safepoint VM operation: CollectForMetadataAllocation (Metadata GC Threshold)
Event: 42.601 Executing safepoint VM operation: CollectForMetadataAllocation (Metadata GC Threshold) done
Event: 43.068 Executing safepoint VM operation: ParallelGCFailedAllocation (Allocation Failure)
Event: 43.071 Executing safepoint VM operation: ParallelGCFailedAllocation (Allocation Failure) done

Memory protections (0 events):
No events

Nmethod flushes (20 events):
Event: 42.548 Thread 0x000001c24bd8e810 flushing  nmethod 0x000001c24f7d2710
Event: 42.548 Thread 0x000001c24bd8e810 flushing  nmethod 0x000001c24f7d3d10
Event: 42.548 Thread 0x000001c24bd8e810 flushing  nmethod 0x000001c24f7d4d90
Event: 42.548 Thread 0x000001c24bd8e810 flushing  nmethod 0x000001c24f7d7790
Event: 42.548 Thread 0x000001c24bd8e810 flushing  nmethod 0x000001c24f7f5190
Event: 42.548 Thread 0x000001c24bd8e810 flushing osr nmethod 0x000001c24f7fe690
Event: 42.548 Thread 0x000001c24bd8e810 flushing osr nmethod 0x000001c24f802a90
Event: 42.548 Thread 0x000001c24bd8e810 flushing  nmethod 0x000001c24f86bc10
Event: 42.548 Thread 0x000001c24bd8e810 flushing  nmethod 0x000001c24f874090
Event: 42.548 Thread 0x000001c24bd8e810 flushing  nmethod 0x000001c24f877f10
Event: 42.548 Thread 0x000001c24bd8e810 flushing  nmethod 0x000001c24f879210
Event: 42.548 Thread 0x000001c24bd8e810 flushing  nmethod 0x000001c24f87aa10
Event: 42.548 Thread 0x000001c24bd8e810 flushing  nmethod 0x000001c24f87ad90
Event: 42.548 Thread 0x000001c24bd8e810 flushing  nmethod 0x000001c24f8baf90
Event: 42.548 Thread 0x000001c24bd8e810 flushing  nmethod 0x000001c24f8cd910
Event: 42.548 Thread 0x000001c24bd8e810 flushing  nmethod 0x000001c24f8cf690
Event: 42.548 Thread 0x000001c24bd8e810 flushing  nmethod 0x000001c24f8d1890
Event: 42.548 Thread 0x000001c24bd8e810 flushing  nmethod 0x000001c24f902990
Event: 42.548 Thread 0x000001c24bd8e810 flushing  nmethod 0x000001c24f917a10
Event: 42.548 Thread 0x000001c24bd8e810 flushing  nmethod 0x000001c24f928190

Events (20 events):
Event: 39.650 Thread 0x000001c24bcce290 Thread added: 0x000001c26b9c5b30
Event: 40.758 Thread 0x000001c2659d8560 Thread added: 0x000001c26b9c61c0
Event: 40.758 Thread 0x000001c2659d8560 Thread added: 0x000001c26b9c6850
Event: 40.758 Thread 0x000001c2659d8560 Thread added: 0x000001c26b9c40f0
Event: 40.758 Thread 0x000001c2659d8560 Thread added: 0x000001c26b9c4780
Event: 40.759 Thread 0x000001c2659d8560 Thread added: 0x000001c26b9c33d0
Event: 40.759 Thread 0x000001c2659d8560 Thread added: 0x000001c26b9c3a60
Event: 40.759 Thread 0x000001c2659d8560 Thread added: 0x000001c26b9c7c00
Event: 41.334 Thread 0x000001c2659d7ed0 Thread added: 0x000001c26b9c54a0
Event: 41.335 Thread 0x000001c26b9c54a0 Thread exited: 0x000001c26b9c54a0
Event: 42.321 Thread 0x000001c2659dacc0 Thread added: 0x000001c26b9c6ee0
Event: 42.636 Thread 0x000001c2659d8560 Thread added: 0x000001c26b9c54a0
Event: 42.636 Thread 0x000001c2659d8560 Thread added: 0x000001c26b9c7570
Event: 42.636 Thread 0x000001c2659d8560 Thread added: 0x000001c26b9c8920
Event: 42.637 Thread 0x000001c2659d8560 Thread added: 0x000001c26b9c8fb0
Event: 42.637 Thread 0x000001c2659d8560 Thread added: 0x000001c26b9c9640
Event: 42.637 Thread 0x000001c2659d8560 Thread added: 0x000001c26b9c9cd0
Event: 42.637 Thread 0x000001c2659d8560 Thread added: 0x000001c26b9ca360
Event: 42.782 Thread 0x000001c2659d8560 Thread added: 0x000001c26d18c080
Event: 42.965 Thread 0x000001c2659da630 Thread added: 0x000001c26d18c710


Dynamic libraries:
0x00007ff637e00000 - 0x00007ff637e0e000 	c:\Users\HP\.vscode\extensions\redhat.java-1.54.0-win32-x64\jre\21.0.10-win32-x86_64\bin\java.exe
0x00007ffabd410000 - 0x00007ffabd627000 	C:\WINDOWS\SYSTEM32\ntdll.dll
0x00007ffabbc60000 - 0x00007ffabbd24000 	C:\WINDOWS\System32\KERNEL32.DLL
0x00007ffaba9b0000 - 0x00007ffabad82000 	C:\WINDOWS\System32\KERNELBASE.dll
0x00007ffaba620000 - 0x00007ffaba731000 	C:\WINDOWS\System32\ucrtbase.dll
0x00007ffa3c2f0000 - 0x00007ffa3c308000 	c:\Users\HP\.vscode\extensions\redhat.java-1.54.0-win32-x64\jre\21.0.10-win32-x86_64\bin\jli.dll
0x00007ffa3b7c0000 - 0x00007ffa3b7de000 	c:\Users\HP\.vscode\extensions\redhat.java-1.54.0-win32-x64\jre\21.0.10-win32-x86_64\bin\VCRUNTIME140.dll
0x00007ffabb9c0000 - 0x00007ffabbb71000 	C:\WINDOWS\System32\USER32.dll
0x00007ffabae50000 - 0x00007ffabae76000 	C:\WINDOWS\System32\win32u.dll
0x00007ffabd2e0000 - 0x00007ffabd309000 	C:\WINDOWS\System32\GDI32.dll
0x00007ffaa4980000 - 0x00007ffaa4c1b000 	C:\WINDOWS\WinSxS\amd64_microsoft.windows.common-controls_6595b64144ccf1df_6.0.22621.5547_none_27104afb73855772\COMCTL32.dll
0x00007ffaba880000 - 0x00007ffaba9a3000 	C:\WINDOWS\System32\gdi32full.dll
0x00007ffabb1d0000 - 0x00007ffabb277000 	C:\WINDOWS\System32\msvcrt.dll
0x00007ffaba500000 - 0x00007ffaba59a000 	C:\WINDOWS\System32\msvcp_win.dll
0x00007ffabbda0000 - 0x00007ffabbdd1000 	C:\WINDOWS\System32\IMM32.DLL
0x00007ffa9f930000 - 0x00007ffa9f93c000 	c:\Users\HP\.vscode\extensions\redhat.java-1.54.0-win32-x64\jre\21.0.10-win32-x86_64\bin\vcruntime140_1.dll
0x00007ff9eedf0000 - 0x00007ff9eee7d000 	c:\Users\HP\.vscode\extensions\redhat.java-1.54.0-win32-x64\jre\21.0.10-win32-x86_64\bin\msvcp140.dll
0x00007ff9bbf80000 - 0x00007ff9bcd21000 	c:\Users\HP\.vscode\extensions\redhat.java-1.54.0-win32-x64\jre\21.0.10-win32-x86_64\bin\server\jvm.dll
0x00007ffabcf40000 - 0x00007ffabcff1000 	C:\WINDOWS\System32\ADVAPI32.dll
0x00007ffabd310000 - 0x00007ffabd3b8000 	C:\WINDOWS\System32\sechost.dll
0x00007ffabb070000 - 0x00007ffabb098000 	C:\WINDOWS\System32\bcrypt.dll
0x00007ffabc080000 - 0x00007ffabc194000 	C:\WINDOWS\System32\RPCRT4.dll
0x00007ffabbfa0000 - 0x00007ffabc011000 	C:\WINDOWS\System32\WS2_32.dll
0x00007ffaba170000 - 0x00007ffaba1bd000 	C:\WINDOWS\SYSTEM32\POWRPROF.dll
0x00007ffab6570000 - 0x00007ffab65a4000 	C:\WINDOWS\SYSTEM32\WINMM.dll
0x00007ffab1e30000 - 0x00007ffab1e3a000 	C:\WINDOWS\SYSTEM32\VERSION.dll
0x00007ffaba150000 - 0x00007ffaba163000 	C:\WINDOWS\SYSTEM32\UMPDC.dll
0x00007ffab9530000 - 0x00007ffab9548000 	C:\WINDOWS\SYSTEM32\kernel.appcore.dll
0x00007ffa7ebf0000 - 0x00007ffa7ebfa000 	c:\Users\HP\.vscode\extensions\redhat.java-1.54.0-win32-x64\jre\21.0.10-win32-x86_64\bin\jimage.dll
0x00007ffab2290000 - 0x00007ffab24c3000 	C:\WINDOWS\SYSTEM32\DBGHELP.DLL
0x00007ffabb450000 - 0x00007ffabb7e3000 	C:\WINDOWS\System32\combase.dll
0x00007ffabbb80000 - 0x00007ffabbc57000 	C:\WINDOWS\System32\OLEAUT32.dll
0x00007ffa9df80000 - 0x00007ffa9dfb2000 	C:\WINDOWS\SYSTEM32\dbgcore.DLL
0x00007ffaba5a0000 - 0x00007ffaba61b000 	C:\WINDOWS\System32\bcryptPrimitives.dll
0x00007ffa7bd30000 - 0x00007ffa7bd3f000 	c:\Users\HP\.vscode\extensions\redhat.java-1.54.0-win32-x64\jre\21.0.10-win32-x86_64\bin\instrument.dll
0x00007ffa3b6e0000 - 0x00007ffa3b700000 	c:\Users\HP\.vscode\extensions\redhat.java-1.54.0-win32-x64\jre\21.0.10-win32-x86_64\bin\java.dll
0x00007ffabc1a0000 - 0x00007ffabca42000 	C:\WINDOWS\System32\SHELL32.dll
0x00007ffaba740000 - 0x00007ffaba87f000 	C:\WINDOWS\System32\wintypes.dll
0x00007ffab83e0000 - 0x00007ffab8cfd000 	C:\WINDOWS\SYSTEM32\windows.storage.dll
0x00007ffabb0c0000 - 0x00007ffabb1cc000 	C:\WINDOWS\System32\SHCORE.dll
0x00007ffabbd30000 - 0x00007ffabbd99000 	C:\WINDOWS\System32\shlwapi.dll
0x00007ffaba430000 - 0x00007ffaba45b000 	C:\WINDOWS\SYSTEM32\profapi.dll
0x00007ffa26ea0000 - 0x00007ffa26eb8000 	c:\Users\HP\.vscode\extensions\redhat.java-1.54.0-win32-x64\jre\21.0.10-win32-x86_64\bin\zip.dll
0x00007ffa74210000 - 0x00007ffa74220000 	C:\Users\HP\.vscode\extensions\redhat.java-1.54.0-win32-x64\jre\21.0.10-win32-x86_64\bin\net.dll
0x00007ffab5750000 - 0x00007ffab587c000 	C:\WINDOWS\SYSTEM32\WINHTTP.dll
0x00007ffab99b0000 - 0x00007ffab9a19000 	C:\WINDOWS\system32\mswsock.dll
0x00007ffa27310000 - 0x00007ffa27326000 	C:\Users\HP\.vscode\extensions\redhat.java-1.54.0-win32-x64\jre\21.0.10-win32-x86_64\bin\nio.dll
0x00007ffa73fb0000 - 0x00007ffa73fc0000 	c:\Users\HP\.vscode\extensions\redhat.java-1.54.0-win32-x64\jre\21.0.10-win32-x86_64\bin\verify.dll
0x00007ff9e9d80000 - 0x00007ff9e9dc5000 	C:\Users\HP\AppData\Roaming\Code\User\globalStorage\redhat.java\1.54.0\config_win\org.eclipse.equinox.launcher\org.eclipse.equinox.launcher.win32.win32.x86_64_1.3.0.v20260203-2149\eclipse_11919.dll
0x00007ffabbde0000 - 0x00007ffabbf80000 	C:\WINDOWS\System32\ole32.dll
0x00007ffab9c00000 - 0x00007ffab9c1b000 	C:\WINDOWS\SYSTEM32\CRYPTSP.dll
0x00007ffab9490000 - 0x00007ffab94c7000 	C:\WINDOWS\system32\rsaenh.dll
0x00007ffab9aa0000 - 0x00007ffab9ac8000 	C:\WINDOWS\SYSTEM32\USERENV.dll
0x00007ffab9c20000 - 0x00007ffab9c2c000 	C:\WINDOWS\SYSTEM32\CRYPTBASE.dll
0x00007ffab8f60000 - 0x00007ffab8f8d000 	C:\WINDOWS\SYSTEM32\IPHLPAPI.DLL
0x00007ffabbf80000 - 0x00007ffabbf89000 	C:\WINDOWS\System32\NSI.dll
0x00007ff9e96f0000 - 0x00007ff9e9739000 	C:\Users\HP\AppData\Local\Temp\jna-2312\jna9605308521964595075.dll
0x00007ffabd3c0000 - 0x00007ffabd3c8000 	C:\WINDOWS\System32\PSAPI.DLL
0x00007ffab5ba0000 - 0x00007ffab5bb9000 	C:\WINDOWS\SYSTEM32\dhcpcsvc6.DLL
0x00007ffab5ad0000 - 0x00007ffab5aef000 	C:\WINDOWS\SYSTEM32\dhcpcsvc.DLL
0x00007ffa6f540000 - 0x00007ffa6f54e000 	C:\Users\HP\.vscode\extensions\redhat.java-1.54.0-win32-x64\jre\21.0.10-win32-x86_64\bin\sunmscapi.dll
0x00007ffabaf00000 - 0x00007ffabb067000 	C:\WINDOWS\System32\CRYPT32.dll
0x00007ffab9e30000 - 0x00007ffab9e5d000 	C:\WINDOWS\SYSTEM32\ncrypt.dll
0x00007ffab9df0000 - 0x00007ffab9e27000 	C:\WINDOWS\SYSTEM32\NTASN1.dll
0x00007ffab8f90000 - 0x00007ffab9088000 	C:\WINDOWS\SYSTEM32\DNSAPI.dll
0x00007ffab2fe0000 - 0x00007ffab2fea000 	C:\Windows\System32\rasadhlp.dll
0x00007ffab37d0000 - 0x00007ffab3854000 	C:\WINDOWS\System32\fwpuclnt.dll
0x00007ffa6f4d0000 - 0x00007ffa6f4d9000 	C:\Users\HP\.vscode\extensions\redhat.java-1.54.0-win32-x64\jre\21.0.10-win32-x86_64\bin\extnet.dll

JVMTI agents:
c:\Users\HP\.vscode\extensions\redhat.java-1.54.0-win32-x64\lombok\lombok-1.18.39-4050.jar path:c:\Users\HP\.vscode\extensions\redhat.java-1.54.0-win32-x64\jre\21.0.10-win32-x86_64\bin\instrument.dll, loaded, initialized, instrumentlib options:none

dbghelp: loaded successfully - version: 4.0.5 - missing functions: none
symbol engine: initialized successfully - sym options: 0x614 - pdb path: .;c:\Users\HP\.vscode\extensions\redhat.java-1.54.0-win32-x64\jre\21.0.10-win32-x86_64\bin;C:\WINDOWS\SYSTEM32;C:\WINDOWS\WinSxS\amd64_microsoft.windows.common-controls_6595b64144ccf1df_6.0.22621.5547_none_27104afb73855772;c:\Users\HP\.vscode\extensions\redhat.java-1.54.0-win32-x64\jre\21.0.10-win32-x86_64\bin\server;C:\Users\HP\AppData\Roaming\Code\User\globalStorage\redhat.java\1.54.0\config_win\org.eclipse.equinox.launcher\org.eclipse.equinox.launcher.win32.win32.x86_64_1.3.0.v20260203-2149;C:\Users\HP\AppData\Local\Temp\jna-2312

VM Arguments:
jvm_args: --add-modules=ALL-SYSTEM --add-opens=java.base/java.util=ALL-UNNAMED --add-opens=java.base/java.lang=ALL-UNNAMED --add-opens=java.base/sun.nio.fs=ALL-UNNAMED -Declipse.application=org.eclipse.jdt.ls.core.id1 -Dosgi.bundles.defaultStartLevel=4 -Declipse.product=org.eclipse.jdt.ls.core.product -Djava.import.generatesMetadataFilesAtProjectRoot=false -DDetectVMInstallationsJob.disabled=true -Dfile.encoding=utf8 -XX:+UseParallelGC -XX:GCTimeRatio=4 -XX:AdaptiveSizePolicyWeight=90 -Dsun.zip.disableMemoryMapping=true -Xmx2G -Xms100m -Xlog:disable -javaagent:c:\Users\HP\.vscode\extensions\redhat.java-1.54.0-win32-x64\lombok\lombok-1.18.39-4050.jar -XX:+HeapDumpOnOutOfMemoryError -XX:HeapDumpPath=c:\Users\HP\AppData\Roaming\Code\User\workspaceStorage\0569e7ed099d1eb141cc08dd8819ecfb\redhat.java -Daether.dependencyCollector.impl=bf 
java_command: c:\Users\HP\.vscode\extensions\redhat.java-1.54.0-win32-x64\server\plugins\org.eclipse.equinox.launcher_1.7.100.v20251111-0406.jar -configuration c:\Users\HP\AppData\Roaming\Code\User\globalStorage\redhat.java\1.54.0\config_win -data c:\Users\HP\AppData\Roaming\Code\User\workspaceStorage\0569e7ed099d1eb141cc08dd8819ecfb\redhat.java\jdt_ws --pipe=\\.\pipe\lsp-56703cab6cc24f9b5e64335d64bd717c-sock
java_class_path (initial): c:\Users\HP\.vscode\extensions\redhat.java-1.54.0-win32-x64\server\plugins\org.eclipse.equinox.launcher_1.7.100.v20251111-0406.jar
Launcher Type: SUN_STANDARD

[Global flags]
    uintx AdaptiveSizePolicyWeight                 = 90                                        {product} {command line}
     intx CICompilerCount                          = 12                                        {product} {ergonomic}
    uintx GCTimeRatio                              = 4                                         {product} {command line}
     bool HeapDumpOnOutOfMemoryError               = true                                   {manageable} {command line}
    ccstr HeapDumpPath                             = c:\Users\HP\AppData\Roaming\Code\User\workspaceStorage\0569e7ed099d1eb141cc08dd8819ecfb\redhat.java         {manageable} {command line}
   size_t InitialHeapSize                          = 104857600                                 {product} {command line}
   size_t MaxHeapSize                              = 2147483648                                {product} {command line}
   size_t MaxNewSize                               = 715653120                                 {product} {ergonomic}
   size_t MinHeapDeltaBytes                        = 524288                                    {product} {ergonomic}
   size_t MinHeapSize                              = 104857600                                 {product} {command line}
   size_t NewSize                                  = 34603008                                  {product} {ergonomic}
    uintx NonNMethodCodeHeapSize                   = 7602480                                {pd product} {ergonomic}
    uintx NonProfiledCodeHeapSize                  = 122027880                              {pd product} {ergonomic}
   size_t OldSize                                  = 70254592                                  {product} {ergonomic}
    uintx ProfiledCodeHeapSize                     = 122027880                              {pd product} {ergonomic}
    uintx ReservedCodeCacheSize                    = 251658240                              {pd product} {ergonomic}
     bool SegmentedCodeCache                       = true                                      {product} {ergonomic}
   size_t SoftMaxHeapSize                          = 2147483648                             {manageable} {ergonomic}
     bool UseCompressedOops                        = true                           {product lp64_product} {ergonomic}
     bool UseLargePagesIndividualAllocation        = false                                  {pd product} {ergonomic}
     bool UseParallelGC                            = true                                      {product} {command line}

Logging:
Log output configuration:
 #0: stdout all=off uptime,level,tags foldmultilines=false
 #1: stderr all=off uptime,level,tags foldmultilines=false

Release file:
JAVA_VERSION="21.0.10" 
MODULES="java.base java.compiler java.datatransfer java.xml java.prefs java.desktop java.instrument java.logging java.management java.security.sasl java.naming java.rmi java.management.rmi java.net.http java.scripting java.security.jgss java.transaction.xa java.sql java.sql.rowset java.xml.crypto java.se java.smartcardio jdk.accessibility jdk.internal.jvmstat jdk.attach jdk.charsets jdk.internal.opt jdk.zipfs jdk.compiler jdk.crypto.ec jdk.crypto.cryptoki jdk.crypto.mscapi jdk.dynalink jdk.internal.ed jdk.editpad jdk.hotspot.agent jdk.httpserver jdk.internal.le jdk.internal.vm.ci jdk.internal.vm.compiler jdk.internal.vm.compiler.management jdk.jartool jdk.javadoc jdk.jcmd jdk.management jdk.management.agent jdk.jconsole jdk.jdeps jdk.jdwp.agent jdk.jdi jdk.jfr jdk.jshell jdk.jsobject jdk.jstatd jdk.localedata jdk.management.jfr jdk.naming.dns jdk.naming.rmi jdk.net jdk.nio.mapmode jdk.random jdk.sctp jdk.security.auth jdk.security.jgss jdk.unsupported jdk.unsupported.desktop jdk.xml.dom" 

Environment Variables:
PATH=C:\Program Files\Common Files\Oracle\Java\javapath;D:\oracle\dbhomeXE\bin;C:\WINDOWS\system32;C:\WINDOWS;C:\WINDOWS\System32\Wbem;C:\WINDOWS\System32\WindowsPowerShell\v1.0\;C:\WINDOWS\System32\OpenSSH\;C:\Program Files\dotnet\;C:\MinGW\bin;C:\Program Files\Git\cmd;C:\Program Files\PuTTY\;C:\Users\HP\AppData\Local\Programs\Python\Python313\Scripts\;C:\Users\HP\AppData\Local\Programs\Python\Python313\;C:\Users\HP\AppData\Local\Programs\Python\Launcher\;C:\Users\HP\AppData\Local\Microsoft\WindowsApps;;C:\Users\HP\AppData\Local\Programs\Microsoft VS Code\bin;D:\Python\PyCharm 2025.2.1.1\bin
USERNAME=HP
OS=Windows_NT
PROCESSOR_IDENTIFIER=AMD64 Family 23 Model 104 Stepping 1, AuthenticAMD
TMP=C:\Users\HP\AppData\Local\Temp
TEMP=C:\Users\HP\AppData\Local\Temp




Periodic native trim disabled

---------------  S Y S T E M  ---------------

OS:
 Windows 11 , 64 bit Build 22621 (10.0.22621.5415)
OS uptime: 1 days 18:04 hours
Hyper-V role detected

CPU: total 16 (initial active 16) (16 cores per cpu, 2 threads per core) family 23 model 104 stepping 1 microcode 0x0, cx8, cmov, fxsr, ht, mmx, 3dnowpref, sse, sse2, sse3, ssse3, sse4a, sse4.1, sse4.2, popcnt, lzcnt, tsc, tscinvbit, avx, avx2, aes, clmul, bmi1, bmi2, adx, sha, fma, vzeroupper, clflush, clflushopt, hv, rdtscp, rdpid, f16c
Processor Information for the first 16 processors :
  Max Mhz: 1801, Current Mhz: 1801, Mhz Limit: 1801

Memory: 4k page, system-wide physical 7501M (519M free)
TotalPageFile size 21092M (AvailPageFile size 305M)
current process WorkingSet (physical memory assigned to process): 266M, peak: 266M
current process commit charge ("private bytes"): 373M, peak: 373M

vm_info: OpenJDK 64-Bit Server VM (21.0.10+7-LTS) for windows-amd64 JRE (21.0.10+7-LTS), built on 2026-01-20T00:00:00Z by "admin" with MS VC++ 17.12 (VS2022)

END.
