#
# There is insufficient memory for the Java Runtime Environment to continue.
# Native memory allocation (malloc) failed to allocate 1077456 bytes. Error detail: Chunk::new
# Possible reasons:
#   The system is out of physical RAM or swap space
#   This process is running with CompressedOops enabled, and the Java Heap may be blocking the growth of the native heap
# Possible solutions:
#   Reduce memory load on the system
#   Increase physical memory or swap space
#   Check if swap backing store is full
#   Decrease Java heap size (-Xmx/-Xms)
#   Decrease number of Java threads
#   Decrease Java thread stack sizes (-Xss)
#   Set larger code cache with -XX:ReservedCodeCacheSize=
#   JVM is running with Unscaled Compressed Oops mode in which the Java heap is
#     placed in the first 4GB address space. The Java Heap base address is the
#     maximum limit for the native heap growth. Please use -XX:HeapBaseMinAddress
#     to set the Java Heap base and to place the Java Heap above 4GB virtual address.
# This output file may be truncated or incomplete.
#
#  Out of Memory Error (arena.cpp:168), pid=24824, tid=24380
#
# JRE version: OpenJDK Runtime Environment Temurin-21.0.10+7 (21.0.10+7) (build 21.0.10+7-LTS)
# Java VM: OpenJDK 64-Bit Server VM Temurin-21.0.10+7 (21.0.10+7-LTS, mixed mode, sharing, tiered, compressed oops, compressed class ptrs, parallel gc, windows-amd64)
# No core dump will be written. Minidumps are not enabled by default on client versions of Windows
#

---------------  S U M M A R Y ------------

Command Line: --add-modules=ALL-SYSTEM --add-opens=java.base/java.util=ALL-UNNAMED --add-opens=java.base/java.lang=ALL-UNNAMED --add-opens=java.base/sun.nio.fs=ALL-UNNAMED -Declipse.application=org.eclipse.jdt.ls.core.id1 -Dosgi.bundles.defaultStartLevel=4 -Declipse.product=org.eclipse.jdt.ls.core.product -Djava.import.generatesMetadataFilesAtProjectRoot=false -DDetectVMInstallationsJob.disabled=true -Dfile.encoding=utf8 -XX:+UseParallelGC -XX:GCTimeRatio=4 -XX:AdaptiveSizePolicyWeight=90 -Dsun.zip.disableMemoryMapping=true -Xmx2G -Xms100m -Xlog:disable -javaagent:c:\Users\HP\.vscode\extensions\redhat.java-1.54.0-win32-x64\lombok\lombok-1.18.39-4050.jar -XX:+HeapDumpOnOutOfMemoryError -XX:HeapDumpPath=c:\Users\HP\AppData\Roaming\Code\User\workspaceStorage\0569e7ed099d1eb141cc08dd8819ecfb\redhat.java -Daether.dependencyCollector.impl=bf c:\Users\HP\.vscode\extensions\redhat.java-1.54.0-win32-x64\server\plugins\org.eclipse.equinox.launcher_1.7.100.v20251111-0406.jar -configuration c:\Users\HP\AppData\Roaming\Code\User\globalStorage\redhat.java\1.54.0\config_win -data c:\Users\HP\AppData\Roaming\Code\User\workspaceStorage\0569e7ed099d1eb141cc08dd8819ecfb\redhat.java\jdt_ws --pipe=\\.\pipe\lsp-c30f8d5ee032527ea97ca9b51e098cde-sock

Host: AMD Ryzen 7 5700U with Radeon Graphics         , 16 cores, 7G,  Windows 11 , 64 bit Build 22621 (10.0.22621.5415)
Time: Mon Jun  8 19:47:26 2026 SE Asia Standard Time elapsed time: 10.647499 seconds (0d 0h 0m 10s)

---------------  T H R E A D  ---------------

Current thread (0x000002375b1bb890):  JavaThread "C2 CompilerThread0" daemon [_thread_in_native, id=24380, stack(0x000000a02e000000,0x000000a02e100000) (1024K)]


Current CompileTask:
C2:10647 6714       4       org.eclipse.osgi.internal.serviceregistry.ServiceRegistry::notifyHooksPrivileged (57 bytes)

Stack: [0x000000a02e000000,0x000000a02e100000]
Native frames: (J=compiled Java code, j=interpreted, Vv=VM code, C=native code)
V  [jvm.dll+0x6d7a39]
V  [jvm.dll+0x8b4b26]
V  [jvm.dll+0x8b70de]
V  [jvm.dll+0x8b77c3]
V  [jvm.dll+0x284346]
V  [jvm.dll+0xc66ed]
V  [jvm.dll+0xc6c31]
V  [jvm.dll+0x3bec01]
V  [jvm.dll+0x38b162]
V  [jvm.dll+0x38a5aa]
V  [jvm.dll+0x24c560]
V  [jvm.dll+0x24bb40]
V  [jvm.dll+0x1cb34e]
V  [jvm.dll+0x25b85d]
V  [jvm.dll+0x259dea]
V  [jvm.dll+0x3f857e]
V  [jvm.dll+0x85f59d]
V  [jvm.dll+0x6d626d]
C  [ucrtbase.dll+0x29333]
C  [KERNEL32.DLL+0x1259d]
C  [ntdll.dll+0x5af78]


---------------  P R O C E S S  ---------------

Threads class SMR info:
_java_thread_list=0x0000023764c805f0, length=59, elements={
0x00000237020ecea0, 0x000002375b1883e0, 0x0000023718b9ccf0, 0x0000023718b9e850,
0x000002375b18d700, 0x000002375b1af990, 0x000002375b1b5b70, 0x000002375b1bb890,
0x000002375b1bc480, 0x000002375b2b3110, 0x000002375b43df30, 0x000002375b46bb40,
0x00000237610c8780, 0x0000023761940590, 0x0000023761b47000, 0x000002376188da70,
0x000002376188e4b0, 0x000002376212c210, 0x000002376247d890, 0x0000023761aadbf0,
0x0000023761e59660, 0x00000237623461e0, 0x0000023761e0e6b0, 0x0000023761e0e020,
0x0000023761e0c5e0, 0x0000023761e0b230, 0x0000023762237070, 0x0000023761e0d990,
0x0000023761e0bf50, 0x0000023761e0cc70, 0x0000023761e0d300, 0x0000023764c71200,
0x0000023764c72c40, 0x0000023764c75a30, 0x0000023764c753a0, 0x0000023764c74680,
0x0000023764c732d0, 0x0000023764c77b00, 0x0000023764c74d10, 0x0000023764c71890,
0x0000023764c760c0, 0x0000023764c77470, 0x0000023764c71f20, 0x0000023764c76750,
0x0000023764c76de0, 0x0000023764c73960, 0x0000023764c725b0, 0x0000023764c70b70,
0x0000023764c78190, 0x0000023764c73ff0, 0x00000237625f6cd0, 0x00000237625fbb90,
0x00000237625fa7e0, 0x00000237625f5fb0, 0x00000237625f9ac0, 0x00000237625f4c00,
0x00000237625fc220, 0x00000237625f79f0, 0x00000237625fae70
}

Java Threads: ( => current thread )
  0x00000237020ecea0 JavaThread "main"                              [_thread_blocked, id=16224, stack(0x000000a02d600000,0x000000a02d700000) (1024K)]
  0x000002375b1883e0 JavaThread "Reference Handler"          daemon [_thread_blocked, id=15208, stack(0x000000a02da00000,0x000000a02db00000) (1024K)]
  0x0000023718b9ccf0 JavaThread "Finalizer"                  daemon [_thread_blocked, id=316, stack(0x000000a02db00000,0x000000a02dc00000) (1024K)]
  0x0000023718b9e850 JavaThread "Signal Dispatcher"          daemon [_thread_blocked, id=25928, stack(0x000000a02dc00000,0x000000a02dd00000) (1024K)]
  0x000002375b18d700 JavaThread "Attach Listener"            daemon [_thread_blocked, id=14324, stack(0x000000a02dd00000,0x000000a02de00000) (1024K)]
  0x000002375b1af990 JavaThread "Service Thread"             daemon [_thread_blocked, id=19920, stack(0x000000a02de00000,0x000000a02df00000) (1024K)]
  0x000002375b1b5b70 JavaThread "Monitor Deflation Thread"   daemon [_thread_blocked, id=23280, stack(0x000000a02df00000,0x000000a02e000000) (1024K)]
=>0x000002375b1bb890 JavaThread "C2 CompilerThread0"         daemon [_thread_in_native, id=24380, stack(0x000000a02e000000,0x000000a02e100000) (1024K)]
  0x000002375b1bc480 JavaThread "C1 CompilerThread0"         daemon [_thread_blocked, id=26348, stack(0x000000a02e100000,0x000000a02e200000) (1024K)]
  0x000002375b2b3110 JavaThread "C1 CompilerThread1"         daemon [_thread_blocked, id=25656, stack(0x000000a02e200000,0x000000a02e300000) (1024K)]
  0x000002375b43df30 JavaThread "Common-Cleaner"             daemon [_thread_blocked, id=29664, stack(0x000000a02e400000,0x000000a02e500000) (1024K)]
  0x000002375b46bb40 JavaThread "C1 CompilerThread2"         daemon [_thread_blocked, id=25188, stack(0x000000a02e500000,0x000000a02e600000) (1024K)]
  0x00000237610c8780 JavaThread "Notification Thread"        daemon [_thread_blocked, id=4700, stack(0x000000a02e700000,0x000000a02e800000) (1024K)]
  0x0000023761940590 JavaThread "Active Thread: Equinox Container: 97972f34-8893-4933-ab6e-b962c3d6b576"        [_thread_blocked, id=23440, stack(0x000000a02ef00000,0x000000a02f000000) (1024K)]
  0x0000023761b47000 JavaThread "Refresh Thread: Equinox Container: 97972f34-8893-4933-ab6e-b962c3d6b576" daemon [_thread_blocked, id=2076, stack(0x000000a02f100000,0x000000a02f200000) (1024K)]
  0x000002376188da70 JavaThread "Framework Event Dispatcher: Equinox Container: 97972f34-8893-4933-ab6e-b962c3d6b576" daemon [_thread_blocked, id=17272, stack(0x000000a02f200000,0x000000a02f300000) (1024K)]
  0x000002376188e4b0 JavaThread "Start Level: Equinox Container: 97972f34-8893-4933-ab6e-b962c3d6b576" daemon [_thread_blocked, id=24584, stack(0x000000a02f300000,0x000000a02f400000) (1024K)]
  0x000002376212c210 JavaThread "Bundle File Closer"         daemon [_thread_blocked, id=9360, stack(0x000000a02f700000,0x000000a02f800000) (1024K)]
  0x000002376247d890 JavaThread "SCR Component Actor"        daemon [_thread_blocked, id=25788, stack(0x000000a02e300000,0x000000a02e400000) (1024K)]
  0x0000023761aadbf0 JavaThread "C2 CompilerThread1"         daemon [_thread_in_native, id=21800, stack(0x000000a02e600000,0x000000a02e700000) (1024K)]
  0x0000023761e59660 JavaThread "Worker-JM"                         [_thread_blocked, id=25344, stack(0x000000a02f800000,0x000000a02f900000) (1024K)]
  0x00000237623461e0 JavaThread "C1 CompilerThread3"         daemon [_thread_blocked, id=12852, stack(0x000000a02fa00000,0x000000a02fb00000) (1024K)]
  0x0000023761e0e6b0 JavaThread "JNA Cleaner"                daemon [_thread_blocked, id=19900, stack(0x000000a02fb00000,0x000000a02fc00000) (1024K)]
  0x0000023761e0e020 JavaThread "Worker-0: Building"                [_thread_in_native, id=26448, stack(0x000000a02fc00000,0x000000a02fd00000) (1024K)]
  0x0000023761e0c5e0 JavaThread "Worker-1: Repository registry initialization"        [_thread_blocked, id=23800, stack(0x000000a02fd00000,0x000000a02fe00000) (1024K)]
  0x0000023761e0b230 JavaThread "Worker-2: Updating Maven Dependencies"        [_thread_in_vm, id=12380, stack(0x000000a02fe00000,0x000000a02ff00000) (1024K)]
  0x0000023762237070 JavaThread "C2 CompilerThread2"         daemon [_thread_in_native, id=8856, stack(0x000000a02ff00000,0x000000a030000000) (1024K)]
  0x0000023761e0d990 JavaThread "Java indexing"              daemon [_thread_blocked, id=13324, stack(0x000000a030000000,0x000000a030100000) (1024K)]
  0x0000023761e0bf50 JavaThread "Worker-3: Initialize After Load"        [_thread_blocked, id=13920, stack(0x000000a030100000,0x000000a030200000) (1024K)]
  0x0000023761e0cc70 JavaThread "Worker-4"                          [_thread_blocked, id=17232, stack(0x000000a030200000,0x000000a030300000) (1024K)]
  0x0000023761e0d300 JavaThread "Worker-5"                          [_thread_blocked, id=26424, stack(0x000000a030300000,0x000000a030400000) (1024K)]
  0x0000023764c71200 JavaThread "Worker-6"                          [_thread_blocked, id=12388, stack(0x000000a030400000,0x000000a030500000) (1024K)]
  0x0000023764c72c40 JavaThread "Thread-1"                   daemon [_thread_in_native, id=13576, stack(0x000000a030500000,0x000000a030600000) (1024K)]
  0x0000023764c75a30 JavaThread "Thread-2"                   daemon [_thread_in_native, id=21604, stack(0x000000a030600000,0x000000a030700000) (1024K)]
  0x0000023764c753a0 JavaThread "Thread-3"                   daemon [_thread_in_native, id=20412, stack(0x000000a030700000,0x000000a030800000) (1024K)]
  0x0000023764c74680 JavaThread "Thread-4"                   daemon [_thread_in_native, id=23560, stack(0x000000a030800000,0x000000a030900000) (1024K)]
  0x0000023764c732d0 JavaThread "Thread-5"                   daemon [_thread_in_native, id=16388, stack(0x000000a030900000,0x000000a030a00000) (1024K)]
  0x0000023764c77b00 JavaThread "Thread-6"                   daemon [_thread_in_native, id=11064, stack(0x000000a030a00000,0x000000a030b00000) (1024K)]
  0x0000023764c74d10 JavaThread "Thread-7"                   daemon [_thread_in_native, id=20844, stack(0x000000a030b00000,0x000000a030c00000) (1024K)]
  0x0000023764c71890 JavaThread "Thread-8"                   daemon [_thread_in_native, id=19912, stack(0x000000a030c00000,0x000000a030d00000) (1024K)]
  0x0000023764c760c0 JavaThread "Thread-9"                   daemon [_thread_in_native, id=29292, stack(0x000000a030d00000,0x000000a030e00000) (1024K)]
  0x0000023764c77470 JavaThread "Thread-10"                  daemon [_thread_in_native, id=4600, stack(0x000000a030e00000,0x000000a030f00000) (1024K)]
  0x0000023764c71f20 JavaThread "Thread-11"                  daemon [_thread_in_native, id=29764, stack(0x000000a030f00000,0x000000a031000000) (1024K)]
  0x0000023764c76750 JavaThread "Thread-12"                  daemon [_thread_in_native, id=2612, stack(0x000000a031000000,0x000000a031100000) (1024K)]
  0x0000023764c76de0 JavaThread "Thread-13"                  daemon [_thread_in_native, id=18272, stack(0x000000a031100000,0x000000a031200000) (1024K)]
  0x0000023764c73960 JavaThread "Thread-14"                  daemon [_thread_in_native, id=2400, stack(0x000000a031200000,0x000000a031300000) (1024K)]
  0x0000023764c725b0 JavaThread "Thread-15"                  daemon [_thread_in_native, id=15664, stack(0x000000a031300000,0x000000a031400000) (1024K)]
  0x0000023764c70b70 JavaThread "Thread-16"                  daemon [_thread_in_native, id=31312, stack(0x000000a031400000,0x000000a031500000) (1024K)]
  0x0000023764c78190 JavaThread "Thread-17"                  daemon [_thread_in_native, id=11804, stack(0x000000a031500000,0x000000a031600000) (1024K)]
  0x0000023764c73ff0 JavaThread "pool-2-thread-1"                   [_thread_blocked, id=18760, stack(0x000000a031600000,0x000000a031700000) (1024K)]
  0x00000237625f6cd0 JavaThread "WorkspaceEventsHandler"            [_thread_blocked, id=29732, stack(0x000000a031700000,0x000000a031800000) (1024K)]
  0x00000237625fbb90 JavaThread "pool-1-thread-1"                   [_thread_blocked, id=23168, stack(0x000000a031800000,0x000000a031900000) (1024K)]
  0x00000237625fa7e0 JavaThread "Compiler Source File Reader" daemon [_thread_blocked, id=2932, stack(0x000000a031900000,0x000000a031a00000) (1024K)]
  0x00000237625f5fb0 JavaThread "Compiler Source File Reader" daemon [_thread_blocked, id=712, stack(0x000000a031a00000,0x000000a031b00000) (1024K)]
  0x00000237625f9ac0 JavaThread "Compiler Source File Reader" daemon [_thread_blocked, id=28172, stack(0x000000a031b00000,0x000000a031c00000) (1024K)]
  0x00000237625f4c00 JavaThread "Compiler Source File Reader" daemon [_thread_blocked, id=24224, stack(0x000000a031c00000,0x000000a031d00000) (1024K)]
  0x00000237625fc220 JavaThread "Compiler Source File Reader" daemon [_thread_blocked, id=15688, stack(0x000000a031d00000,0x000000a031e00000) (1024K)]
  0x00000237625f79f0 JavaThread "Compiler Source File Reader" daemon [_thread_blocked, id=29456, stack(0x000000a031e00000,0x000000a031f00000) (1024K)]
  0x00000237625fae70 JavaThread "Compiler Source File Reader" daemon [_thread_blocked, id=1592, stack(0x000000a031f00000,0x000000a032000000) (1024K)]
Total: 59

Other Threads:
  0x00000237021ae7d0 VMThread "VM Thread"                           [id=24620, stack(0x000000a02d900000,0x000000a02da00000) (1024K)]
  0x000002370215b040 WatcherThread "VM Periodic Task Thread"        [id=17112, stack(0x000000a02d800000,0x000000a02d900000) (1024K)]
  0x000002370210b300 WorkerThread "GC Thread#0"                     [id=17944, stack(0x000000a02d700000,0x000000a02d800000) (1024K)]
  0x00000237616719a0 WorkerThread "GC Thread#1"                     [id=14988, stack(0x000000a02e900000,0x000000a02ea00000) (1024K)]
  0x0000023761671d50 WorkerThread "GC Thread#2"                     [id=16064, stack(0x000000a02ea00000,0x000000a02eb00000) (1024K)]
  0x0000023761672100 WorkerThread "GC Thread#3"                     [id=11844, stack(0x000000a02eb00000,0x000000a02ec00000) (1024K)]
  0x00000237616724b0 WorkerThread "GC Thread#4"                     [id=10412, stack(0x000000a02ec00000,0x000000a02ed00000) (1024K)]
  0x0000023761662f50 WorkerThread "GC Thread#5"                     [id=8176, stack(0x000000a02ed00000,0x000000a02ee00000) (1024K)]
  0x0000023761663300 WorkerThread "GC Thread#6"                     [id=29096, stack(0x000000a02ee00000,0x000000a02ef00000) (1024K)]
  0x0000023761a22e60 WorkerThread "GC Thread#7"                     [id=12128, stack(0x000000a02f000000,0x000000a02f100000) (1024K)]
  0x0000023761cb2890 WorkerThread "GC Thread#8"                     [id=31328, stack(0x000000a02f400000,0x000000a02f500000) (1024K)]
  0x0000023761cb2c40 WorkerThread "GC Thread#9"                     [id=10472, stack(0x000000a02f500000,0x000000a02f600000) (1024K)]
  0x0000023761cb2ff0 WorkerThread "GC Thread#10"                    [id=25280, stack(0x000000a02f600000,0x000000a02f700000) (1024K)]
  0x00000237618ef4c0 WorkerThread "GC Thread#11"                    [id=25360, stack(0x000000a02e800000,0x000000a02e900000) (1024K)]
  0x00000237618ee250 WorkerThread "GC Thread#12"                    [id=11696, stack(0x000000a02f900000,0x000000a02fa00000) (1024K)]
Total: 15

Threads with active compile tasks:
C2 CompilerThread0  10677 6714       4       org.eclipse.osgi.internal.serviceregistry.ServiceRegistry::notifyHooksPrivileged (57 bytes)
C2 CompilerThread1  10677 6280   !   4       org.eclipse.osgi.internal.loader.classpath.ClasspathManager::findClassImpl (328 bytes)
C2 CompilerThread2  10677 6716   !   4       org.eclipse.osgi.internal.loader.classpath.ClasspathManager::findLocalClass (210 bytes)
Total: 3

VM state: not at safepoint (normal execution)

VM Mutex/Monitor currently owned by a thread: None

Heap address: 0x0000000080000000, size: 2048 MB, Compressed Oops mode: 32-bit

CDS archive(s) mapped at: [0x0000023719000000-0x0000023719ba0000-0x0000023719ba0000), size 12189696, SharedBaseAddress: 0x0000023719000000, ArchiveRelocationMode: 1.
Compressed class space mapped at: 0x000002371a000000-0x000002375a000000, reserved size: 1073741824
Narrow klass base: 0x0000023719000000, Narrow klass shift: 0, Narrow klass range: 0x100000000

GC Precious Log:
 CardTable entry size: 512
 CPUs: 16 total, 16 available
 Memory: 7501M
 Large Page Support: Disabled
 NUMA Support: Disabled
 Compressed Oops: Enabled (32-bit)
 Alignments: Space 512K, Generation 512K, Heap 2M
 Heap Min Capacity: 100M
 Heap Initial Capacity: 100M
 Heap Max Capacity: 2G
 Pre-touch: Disabled
 Parallel Workers: 13

Heap:
 PSYoungGen      total 23552K, used 14871K [0x00000000d5580000, 0x00000000d6e00000, 0x0000000100000000)
  eden space 22016K, 62% used [0x00000000d5580000,0x00000000d62ddbe8,0x00000000d6b00000)
  from space 1536K, 77% used [0x00000000d6b00000,0x00000000d6c28020,0x00000000d6c80000)
  to   space 1536K, 0% used [0x00000000d6c80000,0x00000000d6c80000,0x00000000d6e00000)
 ParOldGen       total 68608K, used 38997K [0x0000000080000000, 0x0000000084300000, 0x00000000d5580000)
  object space 68608K, 56% used [0x0000000080000000,0x0000000082615758,0x0000000084300000)
 Metaspace       used 49598K, committed 50816K, reserved 1114112K
  class space    used 5376K, committed 5952K, reserved 1048576K

Card table byte_map: [0x0000023701ac0000,0x0000023701ed0000] _byte_map_base: 0x00000237016c0000

Marking Bits: (ParMarkBitMap*) 0x00007ff9bcc43450
 Begin Bits: [0x00000237145a0000, 0x00000237165a0000)
 End Bits:   [0x00000237165a0000, 0x00000237185a0000)

Polling page: 0x00000237018b0000

Metaspace:

Usage:
  Non-class:     43.19 MB used.
      Class:      5.25 MB used.
       Both:     48.44 MB used.

Virtual space:
  Non-class space:       64.00 MB reserved,      43.81 MB ( 68%) committed,  1 nodes.
      Class space:        1.00 GB reserved,       5.81 MB ( <1%) committed,  1 nodes.
             Both:        1.06 GB reserved,      49.62 MB (  5%) committed. 

Chunk freelists:
   Non-Class:  3.97 MB
       Class:  10.11 MB
        Both:  14.08 MB

MaxMetaspaceSize: unlimited
CompressedClassSpaceSize: 1.00 GB
Initial GC threshold: 21.00 MB
Current GC threshold: 58.88 MB
CDS: on
 - commit_granule_bytes: 65536.
 - commit_granule_words: 8192.
 - virtual_space_node_default_size: 8388608.
 - enlarge_chunks_in_place: 1.
 - use_allocation_guard: 0.


Internal statistics:

num_allocs_failed_limit: 10.
num_arena_births: 884.
num_arena_deaths: 34.
num_vsnodes_births: 2.
num_vsnodes_deaths: 0.
num_space_committed: 794.
num_space_uncommitted: 0.
num_chunks_returned_to_freelist: 48.
num_chunks_taken_from_freelist: 3214.
num_chunk_merges: 17.
num_chunk_splits: 1925.
num_chunks_enlarged: 1032.
num_inconsistent_stats: 0.

CodeHeap 'non-profiled nmethods': size=119168Kb used=2869Kb max_used=2869Kb free=116298Kb
 bounds [0x000002370ce90000, 0x000002370d160000, 0x00000237142f0000]
CodeHeap 'profiled nmethods': size=119104Kb used=13727Kb max_used=13727Kb free=105376Kb
 bounds [0x00000237052f0000, 0x0000023706060000, 0x000002370c740000]
CodeHeap 'non-nmethods': size=7488Kb used=3133Kb max_used=3133Kb free=4354Kb
 bounds [0x000002370c740000, 0x000002370ca60000, 0x000002370ce90000]
CodeCache: size=245760Kb, used=19729Kb, max_used=19729Kb, free=226028Kb
 total_blobs=7238, nmethods=6542, adapters=597, full_count=0
Compilation: enabled, stopped_count=0, restarted_count=0

Compilation events (20 events):
Event: 10.637 Thread 0x000002375b46bb40 nmethod 7153 0x000002370604ec90 code [0x000002370604ee80, 0x000002370604f300]
Event: 10.641 Thread 0x00000237623461e0 7154       3       org.eclipse.osgi.storage.bundlefile.BundleFile::fixTrailingSlash (152 bytes)
Event: 10.641 Thread 0x000002375b2b3110 7155       3       org.eclipse.osgi.storage.url.BundleResourceHandler::createURLHostForBundleID (27 bytes)
Event: 10.641 Thread 0x000002375b1bc480 7156   !   3       org.eclipse.osgi.framework.util.SecureAction::getURL (78 bytes)
Event: 10.642 Thread 0x000002375b1bc480 nmethod 7156 0x000002370604f590 code [0x000002370604f760, 0x000002370604fa10]
Event: 10.642 Thread 0x000002375b2b3110 nmethod 7155 0x000002370604fb90 code [0x000002370604fdc0, 0x00000237060503c0]
Event: 10.643 Thread 0x000002375b1bc480 7157       1       com.google.inject.spi.ElementSource::getDeclaringSource (5 bytes)
Event: 10.643 Thread 0x000002375b1bc480 nmethod 7157 0x000002370d15d110 code [0x000002370d15d2a0, 0x000002370d15d368]
Event: 10.643 Thread 0x000002375b1bc480 7158       3       org.eclipse.sisu.inject.Implementations$ClassFinder::visit (6 bytes)
Event: 10.643 Thread 0x000002375b46bb40 7159       3       org.eclipse.sisu.inject.Implementations$ClassFinder::visit (13 bytes)
Event: 10.644 Thread 0x000002375b1bc480 nmethod 7158 0x0000023706050690 code [0x0000023706050840, 0x0000023706050ac0]
Event: 10.644 Thread 0x000002375b46bb40 nmethod 7159 0x0000023706050c90 code [0x0000023706050e40, 0x0000023706050fe8]
Event: 10.644 Thread 0x00000237623461e0 nmethod 7154 0x0000023706051190 code [0x00000237060515e0, 0x00000237060534f0]
Event: 10.644 Thread 0x000002375b2b3110 7160       1       com.google.common.collect.AbstractMapBasedMultimap$WrappedCollection::getDelegate (5 bytes)
Event: 10.644 Thread 0x000002375b46bb40 7161       3       org.eclipse.sisu.inject.InjectorBindings::isAssignableFrom (29 bytes)
Event: 10.644 Thread 0x00000237623461e0 7162       3       org.eclipse.sisu.inject.Implementations::find (13 bytes)
Event: 10.644 Thread 0x000002375b1bc480 7163       3       org.eclipse.sisu.inject.TypeArguments::isAssignableFrom (161 bytes)
Event: 10.644 Thread 0x000002375b2b3110 nmethod 7160 0x000002370d15d410 code [0x000002370d15d5a0, 0x000002370d15d668]
Event: 10.645 Thread 0x00000237623461e0 nmethod 7162 0x0000023706054090 code [0x0000023706054240, 0x00000237060544f0]
Event: 10.645 Thread 0x000002375b46bb40 nmethod 7161 0x0000023706054610 code [0x0000023706054800, 0x0000023706054d00]

GC Heap History (20 events):
Event: 8.690 GC heap before
{Heap before GC invocations=20 (full 2):
 PSYoungGen      total 24064K, used 24002K [0x00000000d5580000, 0x00000000d7100000, 0x0000000100000000)
  eden space 22016K, 100% used [0x00000000d5580000,0x00000000d6b00000,0x00000000d6b00000)
  from space 2048K, 96% used [0x00000000d6b00000,0x00000000d6cf0820,0x00000000d6d00000)
  to   space 3072K, 0% used [0x00000000d6e00000,0x00000000d6e00000,0x00000000d7100000)
 ParOldGen       total 68608K, used 23713K [0x0000000080000000, 0x0000000084300000, 0x00000000d5580000)
  object space 68608K, 34% used [0x0000000080000000,0x0000000081728758,0x0000000084300000)
 Metaspace       used 38133K, committed 39232K, reserved 1114112K
  class space    used 3996K, committed 4480K, reserved 1048576K
}
Event: 8.695 GC heap after
{Heap after GC invocations=20 (full 2):
 PSYoungGen      total 24064K, used 2029K [0x00000000d5580000, 0x00000000d7000000, 0x0000000100000000)
  eden space 22016K, 0% used [0x00000000d5580000,0x00000000d5580000,0x00000000d6b00000)
  from space 2048K, 99% used [0x00000000d6e00000,0x00000000d6ffb6a0,0x00000000d7000000)
  to   space 2560K, 0% used [0x00000000d6b00000,0x00000000d6b00000,0x00000000d6d80000)
 ParOldGen       total 68608K, used 25427K [0x0000000080000000, 0x0000000084300000, 0x00000000d5580000)
  object space 68608K, 37% used [0x0000000080000000,0x00000000818d4fa0,0x0000000084300000)
 Metaspace       used 38133K, committed 39232K, reserved 1114112K
  class space    used 3996K, committed 4480K, reserved 1048576K
}
Event: 8.763 GC heap before
{Heap before GC invocations=21 (full 2):
 PSYoungGen      total 24064K, used 24045K [0x00000000d5580000, 0x00000000d7000000, 0x0000000100000000)
  eden space 22016K, 100% used [0x00000000d5580000,0x00000000d6b00000,0x00000000d6b00000)
  from space 2048K, 99% used [0x00000000d6e00000,0x00000000d6ffb6a0,0x00000000d7000000)
  to   space 2560K, 0% used [0x00000000d6b00000,0x00000000d6b00000,0x00000000d6d80000)
 ParOldGen       total 68608K, used 25427K [0x0000000080000000, 0x0000000084300000, 0x00000000d5580000)
  object space 68608K, 37% used [0x0000000080000000,0x00000000818d4fa0,0x0000000084300000)
 Metaspace       used 38602K, committed 39744K, reserved 1114112K
  class space    used 4046K, committed 4544K, reserved 1048576K
}
Event: 8.768 GC heap after
{Heap after GC invocations=21 (full 2):
 PSYoungGen      total 24576K, used 2036K [0x00000000d5580000, 0x00000000d7000000, 0x0000000100000000)
  eden space 22016K, 0% used [0x00000000d5580000,0x00000000d5580000,0x00000000d6b00000)
  from space 2560K, 79% used [0x00000000d6b00000,0x00000000d6cfd010,0x00000000d6d80000)
  to   space 2560K, 0% used [0x00000000d6d80000,0x00000000d6d80000,0x00000000d7000000)
 ParOldGen       total 68608K, used 27261K [0x0000000080000000, 0x0000000084300000, 0x00000000d5580000)
  object space 68608K, 39% used [0x0000000080000000,0x0000000081a9f680,0x0000000084300000)
 Metaspace       used 38602K, committed 39744K, reserved 1114112K
  class space    used 4046K, committed 4544K, reserved 1048576K
}
Event: 8.830 GC heap before
{Heap before GC invocations=22 (full 2):
 PSYoungGen      total 24576K, used 24052K [0x00000000d5580000, 0x00000000d7000000, 0x0000000100000000)
  eden space 22016K, 100% used [0x00000000d5580000,0x00000000d6b00000,0x00000000d6b00000)
  from space 2560K, 79% used [0x00000000d6b00000,0x00000000d6cfd010,0x00000000d6d80000)
  to   space 2560K, 0% used [0x00000000d6d80000,0x00000000d6d80000,0x00000000d7000000)
 ParOldGen       total 68608K, used 27261K [0x0000000080000000, 0x0000000084300000, 0x00000000d5580000)
  object space 68608K, 39% used [0x0000000080000000,0x0000000081a9f680,0x0000000084300000)
 Metaspace       used 38814K, committed 39872K, reserved 1114112K
  class space    used 4073K, committed 4544K, reserved 1048576K
}
Event: 8.834 GC heap after
{Heap after GC invocations=22 (full 2):
 PSYoungGen      total 24576K, used 2208K [0x00000000d5580000, 0x00000000d7000000, 0x0000000100000000)
  eden space 22016K, 0% used [0x00000000d5580000,0x00000000d5580000,0x00000000d6b00000)
  from space 2560K, 86% used [0x00000000d6d80000,0x00000000d6fa8000,0x00000000d7000000)
  to   space 2560K, 0% used [0x00000000d6b00000,0x00000000d6b00000,0x00000000d6d80000)
 ParOldGen       total 68608K, used 28997K [0x0000000080000000, 0x0000000084300000, 0x00000000d5580000)
  object space 68608K, 42% used [0x0000000080000000,0x0000000081c517a0,0x0000000084300000)
 Metaspace       used 38814K, committed 39872K, reserved 1114112K
  class space    used 4073K, committed 4544K, reserved 1048576K
}
Event: 8.900 GC heap before
{Heap before GC invocations=23 (full 2):
 PSYoungGen      total 24576K, used 24224K [0x00000000d5580000, 0x00000000d7000000, 0x0000000100000000)
  eden space 22016K, 100% used [0x00000000d5580000,0x00000000d6b00000,0x00000000d6b00000)
  from space 2560K, 86% used [0x00000000d6d80000,0x00000000d6fa8000,0x00000000d7000000)
  to   space 2560K, 0% used [0x00000000d6b00000,0x00000000d6b00000,0x00000000d6d80000)
 ParOldGen       total 68608K, used 28997K [0x0000000080000000, 0x0000000084300000, 0x00000000d5580000)
  object space 68608K, 42% used [0x0000000080000000,0x0000000081c517a0,0x0000000084300000)
 Metaspace       used 39063K, committed 40256K, reserved 1114112K
  class space    used 4094K, committed 4608K, reserved 1048576K
}
Event: 8.904 GC heap after
{Heap after GC invocations=23 (full 2):
 PSYoungGen      total 24576K, used 2296K [0x00000000d5580000, 0x00000000d7000000, 0x0000000100000000)
  eden space 22016K, 0% used [0x00000000d5580000,0x00000000d5580000,0x00000000d6b00000)
  from space 2560K, 89% used [0x00000000d6b00000,0x00000000d6d3e1a8,0x00000000d6d80000)
  to   space 2560K, 0% used [0x00000000d6d80000,0x00000000d6d80000,0x00000000d7000000)
 ParOldGen       total 68608K, used 31043K [0x0000000080000000, 0x0000000084300000, 0x00000000d5580000)
  object space 68608K, 45% used [0x0000000080000000,0x0000000081e50eb8,0x0000000084300000)
 Metaspace       used 39063K, committed 40256K, reserved 1114112K
  class space    used 4094K, committed 4608K, reserved 1048576K
}
Event: 8.989 GC heap before
{Heap before GC invocations=24 (full 2):
 PSYoungGen      total 24576K, used 24312K [0x00000000d5580000, 0x00000000d7000000, 0x0000000100000000)
  eden space 22016K, 100% used [0x00000000d5580000,0x00000000d6b00000,0x00000000d6b00000)
  from space 2560K, 89% used [0x00000000d6b00000,0x00000000d6d3e1a8,0x00000000d6d80000)
  to   space 2560K, 0% used [0x00000000d6d80000,0x00000000d6d80000,0x00000000d7000000)
 ParOldGen       total 68608K, used 31043K [0x0000000080000000, 0x0000000084300000, 0x00000000d5580000)
  object space 68608K, 45% used [0x0000000080000000,0x0000000081e50eb8,0x0000000084300000)
 Metaspace       used 39506K, committed 40640K, reserved 1114112K
  class space    used 4150K, committed 4672K, reserved 1048576K
}
Event: 8.992 GC heap after
{Heap after GC invocations=24 (full 2):
 PSYoungGen      total 24576K, used 2026K [0x00000000d5580000, 0x00000000d7000000, 0x0000000100000000)
  eden space 22016K, 0% used [0x00000000d5580000,0x00000000d5580000,0x00000000d6b00000)
  from space 2560K, 79% used [0x00000000d6d80000,0x00000000d6f7aab0,0x00000000d7000000)
  to   space 2560K, 0% used [0x00000000d6b00000,0x00000000d6b00000,0x00000000d6d80000)
 ParOldGen       total 68608K, used 33188K [0x0000000080000000, 0x0000000084300000, 0x00000000d5580000)
  object space 68608K, 48% used [0x0000000080000000,0x0000000082069060,0x0000000084300000)
 Metaspace       used 39506K, committed 40640K, reserved 1114112K
  class space    used 4150K, committed 4672K, reserved 1048576K
}
Event: 9.075 GC heap before
{Heap before GC invocations=25 (full 2):
 PSYoungGen      total 24576K, used 24042K [0x00000000d5580000, 0x00000000d7000000, 0x0000000100000000)
  eden space 22016K, 100% used [0x00000000d5580000,0x00000000d6b00000,0x00000000d6b00000)
  from space 2560K, 79% used [0x00000000d6d80000,0x00000000d6f7aab0,0x00000000d7000000)
  to   space 2560K, 0% used [0x00000000d6b00000,0x00000000d6b00000,0x00000000d6d80000)
 ParOldGen       total 68608K, used 33188K [0x0000000080000000, 0x0000000084300000, 0x00000000d5580000)
  object space 68608K, 48% used [0x0000000080000000,0x0000000082069060,0x0000000084300000)
 Metaspace       used 39901K, committed 40960K, reserved 1114112K
  class space    used 4193K, committed 4672K, reserved 1048576K
}
Event: 9.080 GC heap after
{Heap after GC invocations=25 (full 2):
 PSYoungGen      total 24064K, used 1824K [0x00000000d5580000, 0x00000000d6f00000, 0x0000000100000000)
  eden space 22016K, 0% used [0x00000000d5580000,0x00000000d5580000,0x00000000d6b00000)
  from space 2048K, 89% used [0x00000000d6b00000,0x00000000d6cc8000,0x00000000d6d00000)
  to   space 2048K, 0% used [0x00000000d6d00000,0x00000000d6d00000,0x00000000d6f00000)
 ParOldGen       total 68608K, used 34900K [0x0000000080000000, 0x0000000084300000, 0x00000000d5580000)
  object space 68608K, 50% used [0x0000000080000000,0x0000000082215070,0x0000000084300000)
 Metaspace       used 39901K, committed 40960K, reserved 1114112K
  class space    used 4193K, committed 4672K, reserved 1048576K
}
Event: 9.336 GC heap before
{Heap before GC invocations=26 (full 2):
 PSYoungGen      total 24064K, used 23840K [0x00000000d5580000, 0x00000000d6f00000, 0x0000000100000000)
  eden space 22016K, 100% used [0x00000000d5580000,0x00000000d6b00000,0x00000000d6b00000)
  from space 2048K, 89% used [0x00000000d6b00000,0x00000000d6cc8000,0x00000000d6d00000)
  to   space 2048K, 0% used [0x00000000d6d00000,0x00000000d6d00000,0x00000000d6f00000)
 ParOldGen       total 68608K, used 34900K [0x0000000080000000, 0x0000000084300000, 0x00000000d5580000)
  object space 68608K, 50% used [0x0000000080000000,0x0000000082215070,0x0000000084300000)
 Metaspace       used 42249K, committed 43456K, reserved 1114112K
  class space    used 4435K, committed 4992K, reserved 1048576K
}
Event: 9.339 GC heap after
{Heap after GC invocations=26 (full 2):
 PSYoungGen      total 23552K, used 1104K [0x00000000d5580000, 0x00000000d6e80000, 0x0000000100000000)
  eden space 22016K, 0% used [0x00000000d5580000,0x00000000d5580000,0x00000000d6b00000)
  from space 1536K, 71% used [0x00000000d6d00000,0x00000000d6e14010,0x00000000d6e80000)
  to   space 1536K, 0% used [0x00000000d6b80000,0x00000000d6b80000,0x00000000d6d00000)
 ParOldGen       total 68608K, used 36468K [0x0000000080000000, 0x0000000084300000, 0x00000000d5580000)
  object space 68608K, 53% used [0x0000000080000000,0x000000008239d270,0x0000000084300000)
 Metaspace       used 42249K, committed 43456K, reserved 1114112K
  class space    used 4435K, committed 4992K, reserved 1048576K
}
Event: 9.676 GC heap before
{Heap before GC invocations=27 (full 2):
 PSYoungGen      total 23552K, used 23120K [0x00000000d5580000, 0x00000000d6e80000, 0x0000000100000000)
  eden space 22016K, 100% used [0x00000000d5580000,0x00000000d6b00000,0x00000000d6b00000)
  from space 1536K, 71% used [0x00000000d6d00000,0x00000000d6e14010,0x00000000d6e80000)
  to   space 1536K, 0% used [0x00000000d6b80000,0x00000000d6b80000,0x00000000d6d00000)
 ParOldGen       total 68608K, used 36468K [0x0000000080000000, 0x0000000084300000, 0x00000000d5580000)
  object space 68608K, 53% used [0x0000000080000000,0x000000008239d270,0x0000000084300000)
 Metaspace       used 44886K, committed 46080K, reserved 1114112K
  class space    used 4774K, committed 5376K, reserved 1048576K
}
Event: 9.679 GC heap after
{Heap after GC invocations=27 (full 2):
 PSYoungGen      total 23552K, used 1211K [0x00000000d5580000, 0x00000000d6e00000, 0x0000000100000000)
  eden space 22016K, 0% used [0x00000000d5580000,0x00000000d5580000,0x00000000d6b00000)
  from space 1536K, 78% used [0x00000000d6b80000,0x00000000d6caee78,0x00000000d6d00000)
  to   space 1024K, 0% used [0x00000000d6d00000,0x00000000d6d00000,0x00000000d6e00000)
 ParOldGen       total 68608K, used 37312K [0x0000000080000000, 0x0000000084300000, 0x00000000d5580000)
  object space 68608K, 54% used [0x0000000080000000,0x00000000824702d8,0x0000000084300000)
 Metaspace       used 44886K, committed 46080K, reserved 1114112K
  class space    used 4774K, committed 5376K, reserved 1048576K
}
Event: 10.035 GC heap before
{Heap before GC invocations=28 (full 2):
 PSYoungGen      total 23552K, used 23227K [0x00000000d5580000, 0x00000000d6e00000, 0x0000000100000000)
  eden space 22016K, 100% used [0x00000000d5580000,0x00000000d6b00000,0x00000000d6b00000)
  from space 1536K, 78% used [0x00000000d6b80000,0x00000000d6caee78,0x00000000d6d00000)
  to   space 1024K, 0% used [0x00000000d6d00000,0x00000000d6d00000,0x00000000d6e00000)
 ParOldGen       total 68608K, used 37312K [0x0000000080000000, 0x0000000084300000, 0x00000000d5580000)
  object space 68608K, 54% used [0x0000000080000000,0x00000000824702f0,0x0000000084300000)
 Metaspace       used 46323K, committed 47552K, reserved 1114112K
  class space    used 4985K, committed 5568K, reserved 1048576K
}
Event: 10.038 GC heap after
{Heap after GC invocations=28 (full 2):
 PSYoungGen      total 23040K, used 1001K [0x00000000d5580000, 0x00000000d6e00000, 0x0000000100000000)
  eden space 22016K, 0% used [0x00000000d5580000,0x00000000d5580000,0x00000000d6b00000)
  from space 1024K, 97% used [0x00000000d6d00000,0x00000000d6dfa490,0x00000000d6e00000)
  to   space 1536K, 0% used [0x00000000d6b00000,0x00000000d6b00000,0x00000000d6c80000)
 ParOldGen       total 68608K, used 38224K [0x0000000080000000, 0x0000000084300000, 0x00000000d5580000)
  object space 68608K, 55% used [0x0000000080000000,0x0000000082554208,0x0000000084300000)
 Metaspace       used 46323K, committed 47552K, reserved 1114112K
  class space    used 4985K, committed 5568K, reserved 1048576K
}
Event: 10.451 GC heap before
{Heap before GC invocations=29 (full 2):
 PSYoungGen      total 23040K, used 23017K [0x00000000d5580000, 0x00000000d6e00000, 0x0000000100000000)
  eden space 22016K, 100% used [0x00000000d5580000,0x00000000d6b00000,0x00000000d6b00000)
  from space 1024K, 97% used [0x00000000d6d00000,0x00000000d6dfa490,0x00000000d6e00000)
  to   space 1536K, 0% used [0x00000000d6b00000,0x00000000d6b00000,0x00000000d6c80000)
 ParOldGen       total 68608K, used 38226K [0x0000000080000000, 0x0000000084300000, 0x00000000d5580000)
  object space 68608K, 55% used [0x0000000080000000,0x0000000082554a48,0x0000000084300000)
 Metaspace       used 48230K, committed 49408K, reserved 1114112K
  class space    used 5208K, committed 5760K, reserved 1048576K
}
Event: 10.453 GC heap after
{Heap after GC invocations=29 (full 2):
 PSYoungGen      total 23552K, used 1184K [0x00000000d5580000, 0x00000000d6e00000, 0x0000000100000000)
  eden space 22016K, 0% used [0x00000000d5580000,0x00000000d5580000,0x00000000d6b00000)
  from space 1536K, 77% used [0x00000000d6b00000,0x00000000d6c28020,0x00000000d6c80000)
  to   space 1536K, 0% used [0x00000000d6c80000,0x00000000d6c80000,0x00000000d6e00000)
 ParOldGen       total 68608K, used 38997K [0x0000000080000000, 0x0000000084300000, 0x00000000d5580000)
  object space 68608K, 56% used [0x0000000080000000,0x0000000082615758,0x0000000084300000)
 Metaspace       used 48230K, committed 49408K, reserved 1114112K
  class space    used 5208K, committed 5760K, reserved 1048576K
}

Dll operation events (10 events):
Event: 0.016 Loaded shared library c:\Users\HP\.vscode\extensions\redhat.java-1.54.0-win32-x64\jre\21.0.10-win32-x86_64\bin\java.dll
Event: 0.109 Loaded shared library c:\Users\HP\.vscode\extensions\redhat.java-1.54.0-win32-x64\jre\21.0.10-win32-x86_64\bin\zip.dll
Event: 0.143 Loaded shared library C:\Users\HP\.vscode\extensions\redhat.java-1.54.0-win32-x64\jre\21.0.10-win32-x86_64\bin\instrument.dll
Event: 0.151 Loaded shared library C:\Users\HP\.vscode\extensions\redhat.java-1.54.0-win32-x64\jre\21.0.10-win32-x86_64\bin\net.dll
Event: 0.155 Loaded shared library C:\Users\HP\.vscode\extensions\redhat.java-1.54.0-win32-x64\jre\21.0.10-win32-x86_64\bin\nio.dll
Event: 0.163 Loaded shared library C:\Users\HP\.vscode\extensions\redhat.java-1.54.0-win32-x64\jre\21.0.10-win32-x86_64\bin\zip.dll
Event: 0.192 Loaded shared library C:\Users\HP\.vscode\extensions\redhat.java-1.54.0-win32-x64\jre\21.0.10-win32-x86_64\bin\jimage.dll
Event: 0.309 Loaded shared library c:\Users\HP\.vscode\extensions\redhat.java-1.54.0-win32-x64\jre\21.0.10-win32-x86_64\bin\verify.dll
Event: 2.108 Loaded shared library C:\Users\HP\AppData\Roaming\Code\User\globalStorage\redhat.java\1.54.0\config_win\org.eclipse.equinox.launcher\org.eclipse.equinox.launcher.win32.win32.x86_64_1.3.0.v20260203-2149\eclipse_11919.dll
Event: 6.000 Loaded shared library C:\Users\HP\AppData\Local\Temp\jna-2312\jna150646544896142045.dll

Deoptimization events (20 events):
Event: 10.591 Thread 0x0000023761e0c5e0 Uncommon trap: trap_request=0xffffffde fr.pc=0x000002370cf57aa8 relative=0x00000000000003e8
Event: 10.591 Thread 0x0000023761e0c5e0 Uncommon trap: reason=class_check action=maybe_recompile pc=0x000002370cf57aa8 method=java.util.HashMap.removeNode(ILjava/lang/Object;Ljava/lang/Object;ZZ)Ljava/util/HashMap$Node; @ 283 c2
Event: 10.591 Thread 0x0000023761e0c5e0 DEOPT PACKING pc=0x000002370cf57aa8 sp=0x000000a02fdfe510
Event: 10.592 Thread 0x0000023761e0c5e0 DEOPT UNPACKING pc=0x000002370c793aa2 sp=0x000000a02fdfe408 mode 2
Event: 10.597 Thread 0x0000023761e0c5e0 Uncommon trap: trap_request=0xffffffde fr.pc=0x000002370cf57aa8 relative=0x00000000000003e8
Event: 10.597 Thread 0x0000023761e0c5e0 Uncommon trap: reason=class_check action=maybe_recompile pc=0x000002370cf57aa8 method=java.util.HashMap.removeNode(ILjava/lang/Object;Ljava/lang/Object;ZZ)Ljava/util/HashMap$Node; @ 283 c2
Event: 10.597 Thread 0x0000023761e0c5e0 DEOPT PACKING pc=0x000002370cf57aa8 sp=0x000000a02fdfe510
Event: 10.597 Thread 0x0000023761e0c5e0 DEOPT UNPACKING pc=0x000002370c793aa2 sp=0x000000a02fdfe408 mode 2
Event: 10.597 Thread 0x0000023761e0c5e0 Uncommon trap: trap_request=0xffffffde fr.pc=0x000002370cf57aa8 relative=0x00000000000003e8
Event: 10.597 Thread 0x0000023761e0c5e0 Uncommon trap: reason=class_check action=maybe_recompile pc=0x000002370cf57aa8 method=java.util.HashMap.removeNode(ILjava/lang/Object;Ljava/lang/Object;ZZ)Ljava/util/HashMap$Node; @ 283 c2
Event: 10.597 Thread 0x0000023761e0c5e0 DEOPT PACKING pc=0x000002370cf57aa8 sp=0x000000a02fdfe510
Event: 10.597 Thread 0x0000023761e0c5e0 DEOPT UNPACKING pc=0x000002370c793aa2 sp=0x000000a02fdfe408 mode 2
Event: 10.597 Thread 0x0000023761e0c5e0 Uncommon trap: trap_request=0xffffffde fr.pc=0x000002370cf57aa8 relative=0x00000000000003e8
Event: 10.597 Thread 0x0000023761e0c5e0 Uncommon trap: reason=class_check action=maybe_recompile pc=0x000002370cf57aa8 method=java.util.HashMap.removeNode(ILjava/lang/Object;Ljava/lang/Object;ZZ)Ljava/util/HashMap$Node; @ 283 c2
Event: 10.597 Thread 0x0000023761e0c5e0 DEOPT PACKING pc=0x000002370cf57aa8 sp=0x000000a02fdfe510
Event: 10.597 Thread 0x0000023761e0c5e0 DEOPT UNPACKING pc=0x000002370c793aa2 sp=0x000000a02fdfe408 mode 2
Event: 10.597 Thread 0x0000023761e0c5e0 Uncommon trap: trap_request=0xffffffde fr.pc=0x000002370cf827b4 relative=0x00000000000002f4
Event: 10.597 Thread 0x0000023761e0c5e0 Uncommon trap: reason=class_check action=maybe_recompile pc=0x000002370cf827b4 method=java.util.HashMap.removeNode(ILjava/lang/Object;Ljava/lang/Object;ZZ)Ljava/util/HashMap$Node; @ 283 c2
Event: 10.597 Thread 0x0000023761e0c5e0 DEOPT PACKING pc=0x000002370cf827b4 sp=0x000000a02fdfe470
Event: 10.597 Thread 0x0000023761e0c5e0 DEOPT UNPACKING pc=0x000002370c793aa2 sp=0x000000a02fdfe408 mode 2

Classes loaded (20 events):
Event: 9.573 Loading class sun/nio/cs/ThreadLocalCoders$1
Event: 9.573 Loading class sun/nio/cs/ThreadLocalCoders$Cache
Event: 9.574 Loading class sun/nio/cs/ThreadLocalCoders$Cache done
Event: 9.574 Loading class sun/nio/cs/ThreadLocalCoders$1 done
Event: 9.574 Loading class sun/nio/cs/ThreadLocalCoders$2
Event: 9.574 Loading class sun/nio/cs/ThreadLocalCoders$2 done
Event: 9.630 Loading class java/util/concurrent/CompletionService
Event: 9.630 Loading class java/util/concurrent/CompletionService done
Event: 9.674 Loading class sun/reflect/generics/scope/ConstructorScope
Event: 9.674 Loading class sun/reflect/generics/scope/ConstructorScope done
Event: 9.675 Loading class sun/reflect/generics/tree/VoidDescriptor
Event: 9.675 Loading class sun/reflect/generics/tree/VoidDescriptor done
Event: 9.767 Loading class java/nio/channels/ServerSocketChannel
Event: 9.767 Loading class java/nio/channels/ServerSocketChannel done
Event: 10.024 Loading class java/util/Vector$1
Event: 10.024 Loading class java/util/Vector$1 done
Event: 10.082 Loading class jdk/internal/org/objectweb/asm/ClassReader
Event: 10.083 Loading class jdk/internal/org/objectweb/asm/ClassReader done
Event: 10.584 Loading class java/util/regex/Pattern$Caret
Event: 10.585 Loading class java/util/regex/Pattern$Caret done

Classes unloaded (17 events):
Event: 6.726 Thread 0x00000237021ae7d0 Unloading class 0x000002371a1a5400 'java/lang/invoke/LambdaForm$MH+0x000002371a1a5400'
Event: 6.726 Thread 0x00000237021ae7d0 Unloading class 0x000002371a1a5000 'java/lang/invoke/LambdaForm$MH+0x000002371a1a5000'
Event: 6.726 Thread 0x00000237021ae7d0 Unloading class 0x000002371a1a4c00 'java/lang/invoke/LambdaForm$MH+0x000002371a1a4c00'
Event: 6.726 Thread 0x00000237021ae7d0 Unloading class 0x000002371a1a4800 'java/lang/invoke/LambdaForm$MH+0x000002371a1a4800'
Event: 6.726 Thread 0x00000237021ae7d0 Unloading class 0x000002371a1a4400 'java/lang/invoke/LambdaForm$BMH+0x000002371a1a4400'
Event: 6.726 Thread 0x00000237021ae7d0 Unloading class 0x000002371a1a4000 'java/lang/invoke/LambdaForm$DMH+0x000002371a1a4000'
Event: 6.726 Thread 0x00000237021ae7d0 Unloading class 0x000002371a1a2c00 'java/lang/invoke/LambdaForm$DMH+0x000002371a1a2c00'
Event: 8.173 Thread 0x00000237021ae7d0 Unloading class 0x000002371a359000 'java/lang/invoke/LambdaForm$MH+0x000002371a359000'
Event: 8.173 Thread 0x00000237021ae7d0 Unloading class 0x000002371a358400 'java/lang/invoke/LambdaForm$MH+0x000002371a358400'
Event: 8.173 Thread 0x00000237021ae7d0 Unloading class 0x000002371a358000 'java/lang/invoke/LambdaForm$DMH+0x000002371a358000'
Event: 8.173 Thread 0x00000237021ae7d0 Unloading class 0x000002371a353000 'java/lang/invoke/LambdaForm$MH+0x000002371a353000'
Event: 8.173 Thread 0x00000237021ae7d0 Unloading class 0x000002371a34ac00 'java/lang/invoke/LambdaForm$MH+0x000002371a34ac00'
Event: 8.173 Thread 0x00000237021ae7d0 Unloading class 0x000002371a34a400 'java/lang/invoke/LambdaForm$MH+0x000002371a34a400'
Event: 8.173 Thread 0x00000237021ae7d0 Unloading class 0x000002371a349c00 'java/lang/invoke/LambdaForm$MH+0x000002371a349c00'
Event: 8.173 Thread 0x00000237021ae7d0 Unloading class 0x000002371a349400 'java/lang/invoke/LambdaForm$MH+0x000002371a349400'
Event: 8.173 Thread 0x00000237021ae7d0 Unloading class 0x000002371a348c00 'java/lang/invoke/LambdaForm$MH+0x000002371a348c00'
Event: 8.173 Thread 0x00000237021ae7d0 Unloading class 0x000002371a348000 'java/lang/invoke/LambdaForm$MH+0x000002371a348000'

Classes redefined (0 events):
No events

Internal exceptions (20 events):
Event: 8.040 Thread 0x00000237020ecea0 Exception <a 'java/lang/NoSuchMethodError'{0x00000000d62a7ca0}: 'java.lang.Object java.lang.invoke.DirectMethodHandle$Holder.invokeStatic(java.lang.Object, long, java.lang.Object)'> (0x00000000d62a7ca0) 
thrown [s\src\hotspot\share\interpreter\linkResolver.cpp, line 773]
Event: 8.043 Thread 0x00000237020ecea0 Exception <a 'java/lang/NoSuchMethodError'{0x00000000d62bbdb8}: 'java.lang.Object java.lang.invoke.DirectMethodHandle$Holder.invokeStaticInit(java.lang.Object, long, java.lang.Object)'> (0x00000000d62bbdb8) 
thrown [s\src\hotspot\share\interpreter\linkResolver.cpp, line 773]
Event: 8.046 Thread 0x00000237020ecea0 Exception <a 'java/lang/NoSuchMethodError'{0x00000000d6349778}: 'java.lang.Object java.lang.invoke.DirectMethodHandle$Holder.newInvokeSpecial(java.lang.Object, long)'> (0x00000000d6349778) 
thrown [s\src\hotspot\share\interpreter\linkResolver.cpp, line 773]
Event: 8.131 Thread 0x0000023761e0e020 Exception <a 'java/lang/NoSuchMethodError'{0x00000000d57a8a18}: 'java.lang.Object java.lang.invoke.Invokers$Holder.invoke_MT(java.lang.Object, java.lang.Object, java.lang.Object, java.lang.Object, java.lang.Object, java.lang.Object, java.lang.Object, java.lang.Object, java.lang.Object, java.lang.Object)'> (0x00000000d57a8a18) 
thrown [s\src\hotspot\share\interpreter\linkResolver.cpp, line 773]
Event: 8.508 Thread 0x0000023761e0e020 Exception <a 'java/io/FileNotFoundException'{0x00000000d58a6158}> (0x00000000d58a6158) 
thrown [s\src\hotspot\share\prims\jni.cpp, line 520]
Event: 8.509 Thread 0x0000023761e0e020 Exception <a 'java/io/FileNotFoundException'{0x00000000d58a79b8}> (0x00000000d58a79b8) 
thrown [s\src\hotspot\share\prims\jni.cpp, line 520]
Event: 8.513 Thread 0x0000023761e0e020 Exception <a 'java/lang/NoSuchMethodError'{0x00000000d58b5e28}: 'java.lang.Object java.lang.invoke.DirectMethodHandle$Holder.newInvokeSpecial(java.lang.Object, java.lang.Object, java.lang.Object, int)'> (0x00000000d58b5e28) 
thrown [s\src\hotspot\share\interpreter\linkResolver.cpp, line 773]
Event: 8.514 Thread 0x0000023761e0e020 Exception <a 'java/lang/NoSuchMethodError'{0x00000000d58b9d50}: 'java.lang.Object java.lang.invoke.DirectMethodHandle$Holder.invokeSpecial(java.lang.Object, java.lang.Object, java.lang.Object, java.lang.Object, int)'> (0x00000000d58b9d50) 
thrown [s\src\hotspot\share\interpreter\linkResolver.cpp, line 773]
Event: 8.515 Thread 0x0000023761e0e020 Exception <a 'java/lang/NoSuchMethodError'{0x00000000d5965508}: 'java.lang.Object java.lang.invoke.Invokers$Holder.linkToTargetMethod(java.lang.Object, java.lang.Object, int, java.lang.Object)'> (0x00000000d5965508) 
thrown [s\src\hotspot\share\interpreter\linkResolver.cpp, line 773]
Event: 8.518 Thread 0x0000023761e0e020 Exception <a 'java/lang/NoSuchMethodError'{0x00000000d59719c8}: 'void java.lang.invoke.DirectMethodHandle$Holder.invokeStaticInit(java.lang.Object, java.lang.Object, java.lang.Object)'> (0x00000000d59719c8) 
thrown [s\src\hotspot\share\interpreter\linkResolver.cpp, line 773]
Event: 8.603 Thread 0x00000237020ecea0 Exception <a 'java/lang/NoSuchMethodError'{0x00000000d66a2458}: 'void java.lang.invoke.DirectMethodHandle$Holder.invokeSpecial(java.lang.Object, java.lang.Object, java.lang.Object, java.lang.Object, java.lang.Object, java.lang.Object)'> (0x00000000d66a2458) 
thrown [s\src\hotspot\share\interpreter\linkResolver.cpp, line 773]
Event: 8.606 Thread 0x00000237020ecea0 Exception <a 'java/lang/IncompatibleClassChangeError'{0x00000000d67137b0}: Found class java.lang.Object, but interface was expected> (0x00000000d67137b0) 
thrown [s\src\hotspot\share\interpreter\linkResolver.cpp, line 840]
Event: 8.607 Thread 0x00000237020ecea0 Exception <a 'java/lang/IncompatibleClassChangeError'{0x00000000d67155f8}: Found class java.lang.Object, but interface was expected> (0x00000000d67155f8) 
thrown [s\src\hotspot\share\interpreter\linkResolver.cpp, line 840]
Event: 8.615 Thread 0x0000023761e0c5e0 Exception <a 'java/lang/NoClassDefFoundError'{0x00000000d69b9770}: javax/enterprise/inject/Typed> (0x00000000d69b9770) 
thrown [s\src\hotspot\share\classfile\systemDictionary.cpp, line 301]
Event: 9.474 Thread 0x0000023761e0e020 Exception <a 'java/lang/NoSuchMethodError'{0x00000000d5cf4018}: 'java.lang.Object java.lang.invoke.DirectMethodHandle$Holder.invokeVirtual(java.lang.Object, java.lang.Object, int)'> (0x00000000d5cf4018) 
thrown [s\src\hotspot\share\interpreter\linkResolver.cpp, line 773]
Event: 10.057 Thread 0x0000023761e0c5e0 Exception <a 'java/lang/ExceptionInInitializerError'{0x00000000d56b1aa0}> (0x00000000d56b1aa0) 
thrown [s\src\hotspot\share\oops\instanceKlass.cpp, line 1220]
Event: 10.085 Thread 0x0000023761e0c5e0 Implicit null exception at 0x000002370cfd60fe to 0x000002370cfd6370
Event: 10.085 Thread 0x0000023761e0c5e0 Implicit null exception at 0x000002370cf4451c to 0x000002370cf45438
Event: 10.090 Thread 0x0000023761e0c5e0 Exception <a 'java/lang/NoSuchMethodError'{0x00000000d5837da0}: 'java.lang.Object java.lang.invoke.Invokers$Holder.invokeExact_MT(java.lang.Object, int, java.lang.Object)'> (0x00000000d5837da0) 
thrown [s\src\hotspot\share\interpreter\linkResolver.cpp, line 773]
Event: 10.639 Thread 0x0000023761e0c5e0 Exception <a 'java/lang/NoClassDefFoundError'{0x00000000d5f89c10}: com/google/inject/servlet/ServletModuleTargetVisitor> (0x00000000d5f89c10) 
thrown [s\src\hotspot\share\classfile\systemDictionary.cpp, line 301]

ZGC Phase Switch (0 events):
No events

VM Operations (20 events):
Event: 9.075 Executing safepoint VM operation: ParallelGCFailedAllocation (Allocation Failure)
Event: 9.080 Executing safepoint VM operation: ParallelGCFailedAllocation (Allocation Failure) done
Event: 9.336 Executing safepoint VM operation: ParallelGCFailedAllocation (Allocation Failure)
Event: 9.339 Executing safepoint VM operation: ParallelGCFailedAllocation (Allocation Failure) done
Event: 9.346 Executing non-safepoint VM operation: HandshakeAllThreads (Deoptimize)
Event: 9.346 Executing non-safepoint VM operation: HandshakeAllThreads (Deoptimize) done
Event: 9.494 Executing non-safepoint VM operation: HandshakeAllThreads (Deoptimize)
Event: 9.494 Executing non-safepoint VM operation: HandshakeAllThreads (Deoptimize) done
Event: 9.586 Executing non-safepoint VM operation: HandshakeAllThreads (Deoptimize)
Event: 9.586 Executing non-safepoint VM operation: HandshakeAllThreads (Deoptimize) done
Event: 9.676 Executing safepoint VM operation: ParallelGCFailedAllocation (Allocation Failure)
Event: 9.679 Executing safepoint VM operation: ParallelGCFailedAllocation (Allocation Failure) done
Event: 10.034 Executing safepoint VM operation: ParallelGCFailedAllocation (Allocation Failure)
Event: 10.034 Executing safepoint VM operation: ParallelGCFailedAllocation (Allocation Failure) done
Event: 10.035 Executing safepoint VM operation: ParallelGCSystemGC (GCLocker Initiated GC)
Event: 10.038 Executing safepoint VM operation: ParallelGCSystemGC (GCLocker Initiated GC) done
Event: 10.178 Executing non-safepoint VM operation: HandshakeAllThreads (Deoptimize)
Event: 10.178 Executing non-safepoint VM operation: HandshakeAllThreads (Deoptimize) done
Event: 10.451 Executing safepoint VM operation: ParallelGCFailedAllocation (Allocation Failure)
Event: 10.453 Executing safepoint VM operation: ParallelGCFailedAllocation (Allocation Failure) done

Memory protections (0 events):
No events

Nmethod flushes (20 events):
Event: 8.188 Thread 0x00000237021ae7d0 flushing  nmethod 0x000002370598de10
Event: 8.188 Thread 0x00000237021ae7d0 flushing  nmethod 0x0000023705995a10
Event: 8.188 Thread 0x00000237021ae7d0 flushing  nmethod 0x00000237059b2110
Event: 8.188 Thread 0x00000237021ae7d0 flushing  nmethod 0x00000237059be490
Event: 8.188 Thread 0x00000237021ae7d0 flushing  nmethod 0x00000237059e3d90
Event: 8.188 Thread 0x00000237021ae7d0 flushing  nmethod 0x0000023705a14890
Event: 8.188 Thread 0x00000237021ae7d0 flushing  nmethod 0x0000023705a14c90
Event: 8.188 Thread 0x00000237021ae7d0 flushing  nmethod 0x0000023705a16610
Event: 8.188 Thread 0x00000237021ae7d0 flushing  nmethod 0x0000023705a17810
Event: 8.188 Thread 0x00000237021ae7d0 flushing  nmethod 0x0000023705a18490
Event: 8.188 Thread 0x00000237021ae7d0 flushing  nmethod 0x0000023705a1a190
Event: 8.188 Thread 0x00000237021ae7d0 flushing  nmethod 0x0000023705a1ab90
Event: 8.188 Thread 0x00000237021ae7d0 flushing  nmethod 0x0000023705a1af90
Event: 8.188 Thread 0x00000237021ae7d0 flushing  nmethod 0x0000023705a1bf90
Event: 8.188 Thread 0x00000237021ae7d0 flushing  nmethod 0x0000023705a1da10
Event: 8.188 Thread 0x00000237021ae7d0 flushing  nmethod 0x0000023705a20390
Event: 8.188 Thread 0x00000237021ae7d0 flushing  nmethod 0x0000023705a66e90
Event: 8.188 Thread 0x00000237021ae7d0 flushing  nmethod 0x0000023705a67990
Event: 8.188 Thread 0x00000237021ae7d0 flushing  nmethod 0x0000023705a6cd10
Event: 8.188 Thread 0x00000237021ae7d0 flushing  nmethod 0x0000023705a8e890

Events (20 events):
Event: 8.067 Thread 0x00000237020ecea0 Thread added: 0x0000023764c71890
Event: 8.067 Thread 0x00000237020ecea0 Thread added: 0x0000023764c760c0
Event: 8.067 Thread 0x00000237020ecea0 Thread added: 0x0000023764c77470
Event: 8.067 Thread 0x00000237020ecea0 Thread added: 0x0000023764c71f20
Event: 8.067 Thread 0x00000237020ecea0 Thread added: 0x0000023764c76750
Event: 8.067 Thread 0x00000237020ecea0 Thread added: 0x0000023764c76de0
Event: 8.067 Thread 0x00000237020ecea0 Thread added: 0x0000023764c73960
Event: 8.068 Thread 0x00000237020ecea0 Thread added: 0x0000023764c725b0
Event: 8.068 Thread 0x00000237020ecea0 Thread added: 0x0000023764c70b70
Event: 8.068 Thread 0x00000237020ecea0 Thread added: 0x0000023764c78190
Event: 8.114 Thread 0x00000237020ecea0 Thread added: 0x0000023764c73ff0
Event: 8.658 Thread 0x00000237020ecea0 Thread added: 0x00000237625f6cd0
Event: 8.659 Thread 0x00000237020ecea0 Thread added: 0x00000237625fbb90
Event: 9.563 Thread 0x0000023761e0e020 Thread added: 0x00000237625fa7e0
Event: 9.563 Thread 0x0000023761e0e020 Thread added: 0x00000237625f5fb0
Event: 9.564 Thread 0x0000023761e0e020 Thread added: 0x00000237625f9ac0
Event: 9.564 Thread 0x0000023761e0e020 Thread added: 0x00000237625f4c00
Event: 9.564 Thread 0x00000237625f9ac0 Thread added: 0x00000237625fc220
Event: 9.564 Thread 0x00000237625f5fb0 Thread added: 0x00000237625f79f0
Event: 9.565 Thread 0x00000237625fc220 Thread added: 0x00000237625fae70


Dynamic libraries:
0x00007ff637e00000 - 0x00007ff637e0e000 	c:\Users\HP\.vscode\extensions\redhat.java-1.54.0-win32-x64\jre\21.0.10-win32-x86_64\bin\java.exe
0x00007ffabd410000 - 0x00007ffabd627000 	C:\WINDOWS\SYSTEM32\ntdll.dll
0x00007ffabbc60000 - 0x00007ffabbd24000 	C:\WINDOWS\System32\KERNEL32.DLL
0x00007ffaba9b0000 - 0x00007ffabad82000 	C:\WINDOWS\System32\KERNELBASE.dll
0x00007ffaba620000 - 0x00007ffaba731000 	C:\WINDOWS\System32\ucrtbase.dll
0x00007ffa3c2f0000 - 0x00007ffa3c308000 	c:\Users\HP\.vscode\extensions\redhat.java-1.54.0-win32-x64\jre\21.0.10-win32-x86_64\bin\jli.dll
0x00007ffa3b7c0000 - 0x00007ffa3b7de000 	c:\Users\HP\.vscode\extensions\redhat.java-1.54.0-win32-x64\jre\21.0.10-win32-x86_64\bin\VCRUNTIME140.dll
0x00007ffabb9c0000 - 0x00007ffabbb71000 	C:\WINDOWS\System32\USER32.dll
0x00007ffabae50000 - 0x00007ffabae76000 	C:\WINDOWS\System32\win32u.dll
0x00007ffaa4980000 - 0x00007ffaa4c1b000 	C:\WINDOWS\WinSxS\amd64_microsoft.windows.common-controls_6595b64144ccf1df_6.0.22621.5547_none_27104afb73855772\COMCTL32.dll
0x00007ffabd2e0000 - 0x00007ffabd309000 	C:\WINDOWS\System32\GDI32.dll
0x00007ffabb1d0000 - 0x00007ffabb277000 	C:\WINDOWS\System32\msvcrt.dll
0x00007ffaba880000 - 0x00007ffaba9a3000 	C:\WINDOWS\System32\gdi32full.dll
0x00007ffaba500000 - 0x00007ffaba59a000 	C:\WINDOWS\System32\msvcp_win.dll
0x00007ffabbda0000 - 0x00007ffabbdd1000 	C:\WINDOWS\System32\IMM32.DLL
0x00007ffa9f930000 - 0x00007ffa9f93c000 	c:\Users\HP\.vscode\extensions\redhat.java-1.54.0-win32-x64\jre\21.0.10-win32-x86_64\bin\vcruntime140_1.dll
0x00007ff9eedf0000 - 0x00007ff9eee7d000 	c:\Users\HP\.vscode\extensions\redhat.java-1.54.0-win32-x64\jre\21.0.10-win32-x86_64\bin\msvcp140.dll
0x00007ff9bbf80000 - 0x00007ff9bcd21000 	c:\Users\HP\.vscode\extensions\redhat.java-1.54.0-win32-x64\jre\21.0.10-win32-x86_64\bin\server\jvm.dll
0x00007ffabcf40000 - 0x00007ffabcff1000 	C:\WINDOWS\System32\ADVAPI32.dll
0x00007ffabd310000 - 0x00007ffabd3b8000 	C:\WINDOWS\System32\sechost.dll
0x00007ffabb070000 - 0x00007ffabb098000 	C:\WINDOWS\System32\bcrypt.dll
0x00007ffabc080000 - 0x00007ffabc194000 	C:\WINDOWS\System32\RPCRT4.dll
0x00007ffabbfa0000 - 0x00007ffabc011000 	C:\WINDOWS\System32\WS2_32.dll
0x00007ffaba170000 - 0x00007ffaba1bd000 	C:\WINDOWS\SYSTEM32\POWRPROF.dll
0x00007ffab1e30000 - 0x00007ffab1e3a000 	C:\WINDOWS\SYSTEM32\VERSION.dll
0x00007ffab6570000 - 0x00007ffab65a4000 	C:\WINDOWS\SYSTEM32\WINMM.dll
0x00007ffaba150000 - 0x00007ffaba163000 	C:\WINDOWS\SYSTEM32\UMPDC.dll
0x00007ffab9530000 - 0x00007ffab9548000 	C:\WINDOWS\SYSTEM32\kernel.appcore.dll
0x00007ffaa3fa0000 - 0x00007ffaa3faa000 	c:\Users\HP\.vscode\extensions\redhat.java-1.54.0-win32-x64\jre\21.0.10-win32-x86_64\bin\jimage.dll
0x00007ffab2290000 - 0x00007ffab24c3000 	C:\WINDOWS\SYSTEM32\DBGHELP.DLL
0x00007ffabb450000 - 0x00007ffabb7e3000 	C:\WINDOWS\System32\combase.dll
0x00007ffabbb80000 - 0x00007ffabbc57000 	C:\WINDOWS\System32\OLEAUT32.dll
0x00007ffa9df80000 - 0x00007ffa9dfb2000 	C:\WINDOWS\SYSTEM32\dbgcore.DLL
0x00007ffaba5a0000 - 0x00007ffaba61b000 	C:\WINDOWS\System32\bcryptPrimitives.dll
0x00007ffa9fd10000 - 0x00007ffa9fd1f000 	c:\Users\HP\.vscode\extensions\redhat.java-1.54.0-win32-x64\jre\21.0.10-win32-x86_64\bin\instrument.dll
0x00007ffa3b6e0000 - 0x00007ffa3b700000 	c:\Users\HP\.vscode\extensions\redhat.java-1.54.0-win32-x64\jre\21.0.10-win32-x86_64\bin\java.dll
0x00007ffabc1a0000 - 0x00007ffabca42000 	C:\WINDOWS\System32\SHELL32.dll
0x00007ffaba740000 - 0x00007ffaba87f000 	C:\WINDOWS\System32\wintypes.dll
0x00007ffab83e0000 - 0x00007ffab8cfd000 	C:\WINDOWS\SYSTEM32\windows.storage.dll
0x00007ffabb0c0000 - 0x00007ffabb1cc000 	C:\WINDOWS\System32\SHCORE.dll
0x00007ffabbd30000 - 0x00007ffabbd99000 	C:\WINDOWS\System32\shlwapi.dll
0x00007ffaba430000 - 0x00007ffaba45b000 	C:\WINDOWS\SYSTEM32\profapi.dll
0x00007ffa273a0000 - 0x00007ffa273b8000 	c:\Users\HP\.vscode\extensions\redhat.java-1.54.0-win32-x64\jre\21.0.10-win32-x86_64\bin\zip.dll
0x00007ffa7ebf0000 - 0x00007ffa7ec00000 	C:\Users\HP\.vscode\extensions\redhat.java-1.54.0-win32-x64\jre\21.0.10-win32-x86_64\bin\net.dll
0x00007ffab5750000 - 0x00007ffab587c000 	C:\WINDOWS\SYSTEM32\WINHTTP.dll
0x00007ffab99b0000 - 0x00007ffab9a19000 	C:\WINDOWS\system32\mswsock.dll
0x00007ffa27380000 - 0x00007ffa27396000 	C:\Users\HP\.vscode\extensions\redhat.java-1.54.0-win32-x64\jre\21.0.10-win32-x86_64\bin\nio.dll
0x00007ffa7bd30000 - 0x00007ffa7bd40000 	c:\Users\HP\.vscode\extensions\redhat.java-1.54.0-win32-x64\jre\21.0.10-win32-x86_64\bin\verify.dll
0x00007ffa26550000 - 0x00007ffa26595000 	C:\Users\HP\AppData\Roaming\Code\User\globalStorage\redhat.java\1.54.0\config_win\org.eclipse.equinox.launcher\org.eclipse.equinox.launcher.win32.win32.x86_64_1.3.0.v20260203-2149\eclipse_11919.dll
0x00007ffabbde0000 - 0x00007ffabbf80000 	C:\WINDOWS\System32\ole32.dll
0x00007ffab9c00000 - 0x00007ffab9c1b000 	C:\WINDOWS\SYSTEM32\CRYPTSP.dll
0x00007ffab9490000 - 0x00007ffab94c7000 	C:\WINDOWS\system32\rsaenh.dll
0x00007ffab9aa0000 - 0x00007ffab9ac8000 	C:\WINDOWS\SYSTEM32\USERENV.dll
0x00007ffab9c20000 - 0x00007ffab9c2c000 	C:\WINDOWS\SYSTEM32\CRYPTBASE.dll
0x00007ffab8f60000 - 0x00007ffab8f8d000 	C:\WINDOWS\SYSTEM32\IPHLPAPI.DLL
0x00007ffabbf80000 - 0x00007ffabbf89000 	C:\WINDOWS\System32\NSI.dll
0x00007ff9dfbe0000 - 0x00007ff9dfc29000 	C:\Users\HP\AppData\Local\Temp\jna-2312\jna150646544896142045.dll
0x00007ffabd3c0000 - 0x00007ffabd3c8000 	C:\WINDOWS\System32\PSAPI.DLL
0x00007ffab5ba0000 - 0x00007ffab5bb9000 	C:\WINDOWS\SYSTEM32\dhcpcsvc6.DLL
0x00007ffab5ad0000 - 0x00007ffab5aef000 	C:\WINDOWS\SYSTEM32\dhcpcsvc.DLL

JVMTI agents:
c:\Users\HP\.vscode\extensions\redhat.java-1.54.0-win32-x64\lombok\lombok-1.18.39-4050.jar path:c:\Users\HP\.vscode\extensions\redhat.java-1.54.0-win32-x64\jre\21.0.10-win32-x86_64\bin\instrument.dll, loaded, initialized, instrumentlib options:none

dbghelp: loaded successfully - version: 4.0.5 - missing functions: none
symbol engine: initialized successfully - sym options: 0x614 - pdb path: .;c:\Users\HP\.vscode\extensions\redhat.java-1.54.0-win32-x64\jre\21.0.10-win32-x86_64\bin;C:\WINDOWS\SYSTEM32;C:\WINDOWS\WinSxS\amd64_microsoft.windows.common-controls_6595b64144ccf1df_6.0.22621.5547_none_27104afb73855772;c:\Users\HP\.vscode\extensions\redhat.java-1.54.0-win32-x64\jre\21.0.10-win32-x86_64\bin\server;C:\Users\HP\AppData\Roaming\Code\User\globalStorage\redhat.java\1.54.0\config_win\org.eclipse.equinox.launcher\org.eclipse.equinox.launcher.win32.win32.x86_64_1.3.0.v20260203-2149;C:\Users\HP\AppData\Local\Temp\jna-2312

VM Arguments:
jvm_args: --add-modules=ALL-SYSTEM --add-opens=java.base/java.util=ALL-UNNAMED --add-opens=java.base/java.lang=ALL-UNNAMED --add-opens=java.base/sun.nio.fs=ALL-UNNAMED -Declipse.application=org.eclipse.jdt.ls.core.id1 -Dosgi.bundles.defaultStartLevel=4 -Declipse.product=org.eclipse.jdt.ls.core.product -Djava.import.generatesMetadataFilesAtProjectRoot=false -DDetectVMInstallationsJob.disabled=true -Dfile.encoding=utf8 -XX:+UseParallelGC -XX:GCTimeRatio=4 -XX:AdaptiveSizePolicyWeight=90 -Dsun.zip.disableMemoryMapping=true -Xmx2G -Xms100m -Xlog:disable -javaagent:c:\Users\HP\.vscode\extensions\redhat.java-1.54.0-win32-x64\lombok\lombok-1.18.39-4050.jar -XX:+HeapDumpOnOutOfMemoryError -XX:HeapDumpPath=c:\Users\HP\AppData\Roaming\Code\User\workspaceStorage\0569e7ed099d1eb141cc08dd8819ecfb\redhat.java -Daether.dependencyCollector.impl=bf 
java_command: c:\Users\HP\.vscode\extensions\redhat.java-1.54.0-win32-x64\server\plugins\org.eclipse.equinox.launcher_1.7.100.v20251111-0406.jar -configuration c:\Users\HP\AppData\Roaming\Code\User\globalStorage\redhat.java\1.54.0\config_win -data c:\Users\HP\AppData\Roaming\Code\User\workspaceStorage\0569e7ed099d1eb141cc08dd8819ecfb\redhat.java\jdt_ws --pipe=\\.\pipe\lsp-c30f8d5ee032527ea97ca9b51e098cde-sock
java_class_path (initial): c:\Users\HP\.vscode\extensions\redhat.java-1.54.0-win32-x64\server\plugins\org.eclipse.equinox.launcher_1.7.100.v20251111-0406.jar
Launcher Type: SUN_STANDARD

[Global flags]
    uintx AdaptiveSizePolicyWeight                 = 90                                        {product} {command line}
     intx CICompilerCount                          = 12                                        {product} {ergonomic}
    uintx GCTimeRatio                              = 4                                         {product} {command line}
     bool HeapDumpOnOutOfMemoryError               = true                                   {manageable} {command line}
    ccstr HeapDumpPath                             = c:\Users\HP\AppData\Roaming\Code\User\workspaceStorage\0569e7ed099d1eb141cc08dd8819ecfb\redhat.java         {manageable} {command line}
   size_t InitialHeapSize                          = 104857600                                 {product} {command line}
   size_t MaxHeapSize                              = 2147483648                                {product} {command line}
   size_t MaxNewSize                               = 715653120                                 {product} {ergonomic}
   size_t MinHeapDeltaBytes                        = 524288                                    {product} {ergonomic}
   size_t MinHeapSize                              = 104857600                                 {product} {command line}
   size_t NewSize                                  = 34603008                                  {product} {ergonomic}
    uintx NonNMethodCodeHeapSize                   = 7602480                                {pd product} {ergonomic}
    uintx NonProfiledCodeHeapSize                  = 122027880                              {pd product} {ergonomic}
   size_t OldSize                                  = 70254592                                  {product} {ergonomic}
    uintx ProfiledCodeHeapSize                     = 122027880                              {pd product} {ergonomic}
    uintx ReservedCodeCacheSize                    = 251658240                              {pd product} {ergonomic}
     bool SegmentedCodeCache                       = true                                      {product} {ergonomic}
   size_t SoftMaxHeapSize                          = 2147483648                             {manageable} {ergonomic}
     bool UseCompressedOops                        = true                           {product lp64_product} {ergonomic}
     bool UseLargePagesIndividualAllocation        = false                                  {pd product} {ergonomic}
     bool UseParallelGC                            = true                                      {product} {command line}

Logging:
Log output configuration:
 #0: stdout all=off uptime,level,tags foldmultilines=false
 #1: stderr all=off uptime,level,tags foldmultilines=false

Release file:
JAVA_VERSION="21.0.10" 
MODULES="java.base java.compiler java.datatransfer java.xml java.prefs java.desktop java.instrument java.logging java.management java.security.sasl java.naming java.rmi java.management.rmi java.net.http java.scripting java.security.jgss java.transaction.xa java.sql java.sql.rowset java.xml.crypto java.se java.smartcardio jdk.accessibility jdk.internal.jvmstat jdk.attach jdk.charsets jdk.internal.opt jdk.zipfs jdk.compiler jdk.crypto.ec jdk.crypto.cryptoki jdk.crypto.mscapi jdk.dynalink jdk.internal.ed jdk.editpad jdk.hotspot.agent jdk.httpserver jdk.internal.le jdk.internal.vm.ci jdk.internal.vm.compiler jdk.internal.vm.compiler.management jdk.jartool jdk.javadoc jdk.jcmd jdk.management jdk.management.agent jdk.jconsole jdk.jdeps jdk.jdwp.agent jdk.jdi jdk.jfr jdk.jshell jdk.jsobject jdk.jstatd jdk.localedata jdk.management.jfr jdk.naming.dns jdk.naming.rmi jdk.net jdk.nio.mapmode jdk.random jdk.sctp jdk.security.auth jdk.security.jgss jdk.unsupported jdk.unsupported.desktop jdk.xml.dom" 

Environment Variables:
PATH=C:\Program Files\Common Files\Oracle\Java\javapath;D:\oracle\dbhomeXE\bin;C:\WINDOWS\system32;C:\WINDOWS;C:\WINDOWS\System32\Wbem;C:\WINDOWS\System32\WindowsPowerShell\v1.0\;C:\WINDOWS\System32\OpenSSH\;C:\Program Files\dotnet\;C:\MinGW\bin;C:\Program Files\Git\cmd;C:\Program Files\PuTTY\;C:\Users\HP\AppData\Local\Programs\Python\Python313\Scripts\;C:\Users\HP\AppData\Local\Programs\Python\Python313\;C:\Users\HP\AppData\Local\Programs\Python\Launcher\;C:\Users\HP\AppData\Local\Microsoft\WindowsApps;;C:\Users\HP\AppData\Local\Programs\Microsoft VS Code\bin;D:\Python\PyCharm 2025.2.1.1\bin
USERNAME=HP
OS=Windows_NT
PROCESSOR_IDENTIFIER=AMD64 Family 23 Model 104 Stepping 1, AuthenticAMD
TMP=C:\Users\HP\AppData\Local\Temp
TEMP=C:\Users\HP\AppData\Local\Temp




Periodic native trim disabled

---------------  S Y S T E M  ---------------

OS:
 Windows 11 , 64 bit Build 22621 (10.0.22621.5415)
OS uptime: 1 days 18:05 hours
Hyper-V role detected

CPU: total 16 (initial active 16) (16 cores per cpu, 2 threads per core) family 23 model 104 stepping 1 microcode 0x0, cx8, cmov, fxsr, ht, mmx, 3dnowpref, sse, sse2, sse3, ssse3, sse4a, sse4.1, sse4.2, popcnt, lzcnt, tsc, tscinvbit, avx, avx2, aes, clmul, bmi1, bmi2, adx, sha, fma, vzeroupper, clflush, clflushopt, hv, rdtscp, rdpid, f16c
Processor Information for the first 16 processors :
  Max Mhz: 1801, Current Mhz: 1801, Mhz Limit: 1801

Memory: 4k page, system-wide physical 7501M (510M free)
TotalPageFile size 21092M (AvailPageFile size 11M)
current process WorkingSet (physical memory assigned to process): 244M, peak: 253M
current process commit charge ("private bytes"): 364M, peak: 373M

vm_info: OpenJDK 64-Bit Server VM (21.0.10+7-LTS) for windows-amd64 JRE (21.0.10+7-LTS), built on 2026-01-20T00:00:00Z by "admin" with MS VC++ 17.12 (VS2022)

END.
